<html xmlns:math="http://exslt.org/math" xmlns:testng="http://testng.org">
   <head>
      <title>TestNG Results</title>
      <meta http-equiv="content-type" content="text/html; charset=utf-8"></meta>
      <meta http-equiv="pragma" content="no-cache"></meta>
      <meta http-equiv="cache-control" content="max-age=0"></meta>
      <meta http-equiv="cache-control" content="no-cache"></meta>
      <meta http-equiv="cache-control" content="no-store"></meta>
      <LINK rel="stylesheet" href="style.css"></LINK>
      <script type="text/javascript" src="main.js"></script>
   </head>
   <body>
      <table width="100%" style="font-size: 16px; margin-bottom: 10px;" cellspacing="1">
         <tr>
            <td width="100%">
               All methods in suite
               
               <b>Noon</b>
            </td>
            <td style="background-color: #FFBBBB; padding: 3px 3px 3px 0;" align="center">
               <div style="width: 50px;">6</div>
            </td>
            <td style="background-color: lightgreen; padding: 3px 3px 3px 0;" align="center">
               <div style="width: 50px;">11</div>
            </td>
            <td style="background-color: #FFFFBB; padding: 3px 3px 3px 0;" align="center">
               <div style="width: 50px;">0</div>
            </td>
            <td align="center" style="background-color: #eaf0f7; padding: 3px 3px 3px 0;">
               <div style="width: 50px;">17</div>
            </td>
            <td align="center"
                style="font-weight: bold; background-color: #eaf0f7; padding: 3px 3px 3px 0;">
               <div style="width: 50px;">65%</div>
            </td>
            <td style="background-color: #eaf0f7; padding: 3px 3px 3px 0;" align="center"
                nowrap="true">19m
               11s
               
            </td>
         </tr>
      </table>
      <div style="width: 200px;">
         <label for="groupMethodsCheckBox" style="font-weight: bold; margin: 0;">
            <input id="groupMethodsCheckBox" type="checkbox" onclick="switchTestMethodsView(this)"></input>
            Group by class
            
         </label>
         <br></br>
         <label for="methodsFilter_ALL" style="font-weight: bold; margin: 0;">
            <input id="methodsFilter_ALL" type="checkbox"
                   onclick="testMethodsFilterChanged(this, 'ALL')"></input>
            All
            
         </label>
      </div>
      <label for="methodsFilter_FAIL" style="margin-left: 20px;">
         <input id="methodsFilter_FAIL" type="checkbox"
                onclick="testMethodsFilterChanged(this, 'FAIL')"
                checked=""></input>
         Failed
         
      </label>
      <label for="methodsFilter_PASS">
         <input id="methodsFilter_PASS" type="checkbox"
                onclick="testMethodsFilterChanged(this, 'PASS')"
                checked=""></input>
         Passed
         
      </label>
      <label for="methodsFilter_SKIP">
         <input id="methodsFilter_SKIP" type="checkbox"
                onclick="testMethodsFilterChanged(this, 'SKIP')"
                checked=""></input>
         Skipped
         
      </label>
      <label for="methodsFilter_CONF">
         <input id="methodsFilter_CONF" type="checkbox"
                onclick="testMethodsFilterChanged(this, 'CONF')"></input>
         Config
         
      </label>
      <br></br>
      <div id="testMethodsByStatus">
         <table class="testMethodsTable" cellpadding="0" cellspacing="0">
            <tr class="methodsTableHeader">
               <td width="100%">Name</td>
               <td nowrap="true">Started</td>
               <td nowrap="true">Duration</td>
               <td>Exception</td>
            </tr>
            <tr id="com.noon.iosapp.RegisterWithEmailTest_registerWithEmail_byStatus_failed_FAIL1_row"
                class="testMethodStatusFAIL">
               <td width="100%" class="firstMethodCell">
                  <a onclick="toggleDetailsVisibility('com.noon.iosapp.RegisterWithEmailTest_registerWithEmail_byStatus_failed_FAIL1_details')">registerWithEmail()</a>
               </td>
               <td nowrap="true">15:52:56</td>
               <td nowrap="true" align="right">1m
                  10s
                  
               </td>
               <td nowrap="true">
                  <a onclick="toggleDetailsVisibility('com.noon.iosapp.RegisterWithEmailTest_registerWithEmail_byStatus_failed_FAIL1_exception')">java.lang.NoClassDefFoundError: 
                     org/slf4j/LoggerFactory
                     
                  </a>
                   
                  
               </td>
            </tr>
            <tr>
               <td colspan="4" class="detailsBox">
                  <div id="com.noon.iosapp.RegisterWithEmailTest_registerWithEmail_byStatus_failed_FAIL1_details"
                       class="testMethodDetails">
                     <div>
                        <b>Name: </b>registerWithEmail
                     </div>
                     <div>
                        <b>Signature: </b>registerWithEmail()[pri:0, instance:com.noon.iosapp.RegisterWithEmailTest@4abdb505]
                     </div>
                     <div>
                        <b>Start time: </b>15:52:56
                     </div>
                     <div>
                        <b>End time: </b>15:54:06
                     </div>
                     <div>
                        <b>Duration: </b>1m
                        10s
                        
                     </div>
                  </div>
               </td>
            </tr>
            <tr>
               <td colspan="4" class="detailsBox">
                  <div id="com.noon.iosapp.RegisterWithEmailTest_registerWithEmail_byStatus_failed_FAIL1_exception"
                       class="testMethodDetails">
                     <pre style="padding: 5px; margin: 0;">java.lang.NoClassDefFoundError: org/slf4j/LoggerFactory
                        	at services.OTPExtractionService.&lt;clinit&gt;(OTPExtractionService.java:22)
                        	at com.noon.iosapp.pages.RegisterWithEmailPage.registerWithEmail(RegisterWithEmailPage.java:126)
                        	at com.noon.iosapp.RegisterWithEmailTest.registerWithEmail(RegisterWithEmailTest.java:28)
                        	at sun.reflect.NativeMethodAccessorImpl.invoke0(Native Method)
                        	at sun.reflect.NativeMethodAccessorImpl.invoke(NativeMethodAccessorImpl.java:62)
                        	at sun.reflect.DelegatingMethodAccessorImpl.invoke(DelegatingMethodAccessorImpl.java:43)
                        	at java.lang.reflect.Method.invoke(Method.java:498)
                        	at org.testng.internal.MethodInvocationHelper.invokeMethod(MethodInvocationHelper.java:85)
                        	at org.testng.internal.Invoker.invokeMethod(Invoker.java:639)
                        	at org.testng.internal.Invoker.invokeTestMethod(Invoker.java:816)
                        	at org.testng.internal.Invoker.invokeTestMethods(Invoker.java:1124)
                        	at org.testng.internal.TestMethodWorker.invokeTestMethods(TestMethodWorker.java:125)
                        	at org.testng.internal.TestMethodWorker.run(TestMethodWorker.java:108)
                        	at org.testng.TestRunner.privateRun(TestRunner.java:774)
                        	at org.testng.TestRunner.run(TestRunner.java:624)
                        	at org.testng.SuiteRunner.runTest(SuiteRunner.java:359)
                        	at org.testng.SuiteRunner.runSequentially(SuiteRunner.java:354)
                        	at org.testng.SuiteRunner.privateRun(SuiteRunner.java:312)
                        	at org.testng.SuiteRunner.run(SuiteRunner.java:261)
                        	at org.testng.SuiteRunnerWorker.runSuite(SuiteRunnerWorker.java:52)
                        	at org.testng.SuiteRunnerWorker.run(SuiteRunnerWorker.java:86)
                        	at org.testng.TestNG.runSuitesSequentially(TestNG.java:1215)
                        	at org.testng.TestNG.runSuitesLocally(TestNG.java:1140)
                        	at org.testng.TestNG.run(TestNG.java:1048)
                        	at org.testng.TestNG.privateMain(TestNG.java:1355)
                        	at org.testng.TestNG.main(TestNG.java:1324)
                        Caused by: java.lang.ClassNotFoundException: org.slf4j.LoggerFactory
                        	at java.net.URLClassLoader.findClass(URLClassLoader.java:381)
                        	at java.lang.ClassLoader.loadClass(ClassLoader.java:424)
                        	at sun.misc.Launcher$AppClassLoader.loadClass(Launcher.java:331)
                        	at java.lang.ClassLoader.loadClass(ClassLoader.java:357)
                        	... 26 more
                     </pre>
                  </div>
               </td>
            </tr>
            <tr id="com.noon.iosapp.AddAddressBookTest_addAddressBook_byStatus_failed_FAIL2_row"
                class="testMethodStatusFAIL">
               <td width="100%" class="firstMethodCell">
                  <a onclick="toggleDetailsVisibility('com.noon.iosapp.AddAddressBookTest_addAddressBook_byStatus_failed_FAIL2_details')">addAddressBook()</a>
               </td>
               <td nowrap="true">16:01:05</td>
               <td nowrap="true" align="right">1m
                  25s
                  
               </td>
               <td nowrap="true">
                  <a onclick="toggleDetailsVisibility('com.noon.iosapp.AddAddressBookTest_addAddressBook_byStatus_failed_FAIL2_exception')">java.lang.NoClassDefFoundError: 
                     com/fasterxml/jackson/databind/JavaType
                     
                  </a>
                   
                  
               </td>
            </tr>
            <tr>
               <td colspan="4" class="detailsBox">
                  <div id="com.noon.iosapp.AddAddressBookTest_addAddressBook_byStatus_failed_FAIL2_details"
                       class="testMethodDetails">
                     <div>
                        <b>Name: </b>addAddressBook
                     </div>
                     <div>
                        <b>Signature: </b>addAddressBook()[pri:0, instance:com.noon.iosapp.AddAddressBookTest@eafc191]
                     </div>
                     <div>
                        <b>Start time: </b>16:01:05
                     </div>
                     <div>
                        <b>End time: </b>16:02:29
                     </div>
                     <div>
                        <b>Duration: </b>1m
                        25s
                        
                     </div>
                  </div>
               </td>
            </tr>
            <tr>
               <td colspan="4" class="detailsBox">
                  <div id="com.noon.iosapp.AddAddressBookTest_addAddressBook_byStatus_failed_FAIL2_exception"
                       class="testMethodDetails">
                     <pre style="padding: 5px; margin: 0;">java.lang.NoClassDefFoundError: com/fasterxml/jackson/databind/JavaType
                        	at services.AddressService.deleteAllAddresses(AddressService.java:27)
                        	at com.noon.iosapp.AddAddressBookTest.addAddressBook(AddAddressBookTest.java:67)
                        	at sun.reflect.NativeMethodAccessorImpl.invoke0(Native Method)
                        	at sun.reflect.NativeMethodAccessorImpl.invoke(NativeMethodAccessorImpl.java:62)
                        	at sun.reflect.DelegatingMethodAccessorImpl.invoke(DelegatingMethodAccessorImpl.java:43)
                        	at java.lang.reflect.Method.invoke(Method.java:498)
                        	at org.testng.internal.MethodInvocationHelper.invokeMethod(MethodInvocationHelper.java:85)
                        	at org.testng.internal.Invoker.invokeMethod(Invoker.java:639)
                        	at org.testng.internal.Invoker.invokeTestMethod(Invoker.java:816)
                        	at org.testng.internal.Invoker.invokeTestMethods(Invoker.java:1124)
                        	at org.testng.internal.TestMethodWorker.invokeTestMethods(TestMethodWorker.java:125)
                        	at org.testng.internal.TestMethodWorker.run(TestMethodWorker.java:108)
                        	at org.testng.TestRunner.privateRun(TestRunner.java:774)
                        	at org.testng.TestRunner.run(TestRunner.java:624)
                        	at org.testng.SuiteRunner.runTest(SuiteRunner.java:359)
                        	at org.testng.SuiteRunner.runSequentially(SuiteRunner.java:354)
                        	at org.testng.SuiteRunner.privateRun(SuiteRunner.java:312)
                        	at org.testng.SuiteRunner.run(SuiteRunner.java:261)
                        	at org.testng.SuiteRunnerWorker.runSuite(SuiteRunnerWorker.java:52)
                        	at org.testng.SuiteRunnerWorker.run(SuiteRunnerWorker.java:86)
                        	at org.testng.TestNG.runSuitesSequentially(TestNG.java:1215)
                        	at org.testng.TestNG.runSuitesLocally(TestNG.java:1140)
                        	at org.testng.TestNG.run(TestNG.java:1048)
                        	at org.testng.TestNG.privateMain(TestNG.java:1355)
                        	at org.testng.TestNG.main(TestNG.java:1324)
                        Caused by: java.lang.ClassNotFoundException: com.fasterxml.jackson.databind.JavaType
                        	at java.net.URLClassLoader.findClass(URLClassLoader.java:381)
                        	at java.lang.ClassLoader.loadClass(ClassLoader.java:424)
                        	at sun.misc.Launcher$AppClassLoader.loadClass(Launcher.java:331)
                        	at java.lang.ClassLoader.loadClass(ClassLoader.java:357)
                        	... 25 more
                     </pre>
                  </div>
               </td>
            </tr>
            <tr id="com.noon.iosapp.AddAddressCheckoutTest_addToCart_byStatus_failed_FAIL3_row"
                class="testMethodStatusFAIL">
               <td width="100%" class="firstMethodCell">
                  <a onclick="toggleDetailsVisibility('com.noon.iosapp.AddAddressCheckoutTest_addToCart_byStatus_failed_FAIL3_details')">addToCart()</a>
               </td>
               <td nowrap="true">16:02:30</td>
               <td nowrap="true" align="right">49s
                  
               </td>
               <td nowrap="true">
                  <a onclick="toggleDetailsVisibility('com.noon.iosapp.AddAddressCheckoutTest_addToCart_byStatus_failed_FAIL3_exception')">org.openqa.selenium.NoSuchElementException: 
                     An element could not be located on the page using the given search parameters. (WARNING: The server did not provide any stacktrace
                     information)
                     Command duration or timeout: 1.29 seconds
                     For documentation on this error, please visit: http://seleniumhq.org/exceptions/no_such_element.html
                     Build info: version: '2.52.0', revision: '4c2593c', time: '2016-02-11 19:06:42'
                     System info: host: 'kartik.local', ip: '169.254.95.48', os.name: 'Mac OS X', os.arch: 'x86_64', os.version: '10.12.4', java.version:
                     '1.8.0_111'
                     Driver info: io.appium.java_client.ios.IOSDriver
                     Capabilities [{app=/Users/kartikbhatt/test-team/ios/POM_Noon/ipa/FastFish.ipa, networkConnectionEnabled=false, appiumVersion=1.6,
                     databaseEnabled=false, deviceName=iPhone 7, platform=MAC, pressKey=true, platformVersion=10.3, webStorageEnabled=false, locationContextEnabled=false,
                     automationName=XCUITest, browserName=, takesScreenshot=true, javascriptEnabled=true, platformName=iOS, udid=B7C3E4D4-C3EA-4DB0-A808-2ECEB73D8425}]
                     Session ID: 96d9c551-3045-447c-850d-bc6e77f93d79
                     *** Element info: {Using=xpath, value=//XCUIElementTypeStaticText[@name='Sign in with']}
                     
                  </a>
                   
                  
               </td>
            </tr>
            <tr>
               <td colspan="4" class="detailsBox">
                  <div id="com.noon.iosapp.AddAddressCheckoutTest_addToCart_byStatus_failed_FAIL3_details"
                       class="testMethodDetails">
                     <div>
                        <b>Name: </b>addToCart
                     </div>
                     <div>
                        <b>Signature: </b>addToCart()[pri:0, instance:com.noon.iosapp.AddAddressCheckoutTest@491cc5c9]
                     </div>
                     <div>
                        <b>Start time: </b>16:02:30
                     </div>
                     <div>
                        <b>End time: </b>16:03:19
                     </div>
                     <div>
                        <b>Duration: </b>49s
                        
                     </div>
                  </div>
               </td>
            </tr>
            <tr>
               <td colspan="4" class="detailsBox">
                  <div id="com.noon.iosapp.AddAddressCheckoutTest_addToCart_byStatus_failed_FAIL3_exception"
                       class="testMethodDetails">
                     <pre style="padding: 5px; margin: 0;">org.openqa.selenium.NoSuchElementException: An element could not be located on the page using the given search parameters.
                        (WARNING: The server did not provide any stacktrace information)
                        Command duration or timeout: 1.29 seconds
                        For documentation on this error, please visit: http://seleniumhq.org/exceptions/no_such_element.html
                        Build info: version: '2.52.0', revision: '4c2593c', time: '2016-02-11 19:06:42'
                        System info: host: 'kartik.local', ip: '169.254.95.48', os.name: 'Mac OS X', os.arch: 'x86_64', os.version: '10.12.4', java.version:
                        '1.8.0_111'
                        Driver info: io.appium.java_client.ios.IOSDriver
                        Capabilities [{app=/Users/kartikbhatt/test-team/ios/POM_Noon/ipa/FastFish.ipa, networkConnectionEnabled=false, appiumVersion=1.6,
                        databaseEnabled=false, deviceName=iPhone 7, platform=MAC, pressKey=true, platformVersion=10.3, webStorageEnabled=false, locationContextEnabled=false,
                        automationName=XCUITest, browserName=, takesScreenshot=true, javascriptEnabled=true, platformName=iOS, udid=B7C3E4D4-C3EA-4DB0-A808-2ECEB73D8425}]
                        Session ID: 96d9c551-3045-447c-850d-bc6e77f93d79
                        *** Element info: {Using=xpath, value=//XCUIElementTypeStaticText[@name='Sign in with']}
                        	at sun.reflect.NativeConstructorAccessorImpl.newInstance0(Native Method)
                        	at sun.reflect.NativeConstructorAccessorImpl.newInstance(NativeConstructorAccessorImpl.java:62)
                        	at sun.reflect.DelegatingConstructorAccessorImpl.newInstance(DelegatingConstructorAccessorImpl.java:45)
                        	at java.lang.reflect.Constructor.newInstance(Constructor.java:423)
                        	at org.openqa.selenium.remote.ErrorHandler.createThrowable(ErrorHandler.java:206)
                        	at org.openqa.selenium.remote.ErrorHandler.throwIfResponseFailed(ErrorHandler.java:158)
                        	at org.openqa.selenium.remote.RemoteWebDriver.execute(RemoteWebDriver.java:678)
                        	at io.appium.java_client.DefaultGenericMobileDriver.execute(DefaultGenericMobileDriver.java:51)
                        	at io.appium.java_client.AppiumDriver.execute(AppiumDriver.java:1)
                        	at io.appium.java_client.ios.IOSDriver.execute(IOSDriver.java:1)
                        	at org.openqa.selenium.remote.RemoteWebDriver.findElement(RemoteWebDriver.java:363)
                        	at io.appium.java_client.DefaultGenericMobileDriver.findElement(DefaultGenericMobileDriver.java:67)
                        	at io.appium.java_client.AppiumDriver.findElement(AppiumDriver.java:1)
                        	at io.appium.java_client.ios.IOSDriver.findElement(IOSDriver.java:1)
                        	at org.openqa.selenium.remote.RemoteWebDriver.findElementByXPath(RemoteWebDriver.java:500)
                        	at io.appium.java_client.DefaultGenericMobileDriver.findElementByXPath(DefaultGenericMobileDriver.java:145)
                        	at io.appium.java_client.AppiumDriver.findElementByXPath(AppiumDriver.java:1)
                        	at io.appium.java_client.ios.IOSDriver.findElementByXPath(IOSDriver.java:1)
                        	at org.openqa.selenium.By$ByXPath.findElement(By.java:361)
                        	at org.openqa.selenium.remote.RemoteWebDriver.findElement(RemoteWebDriver.java:355)
                        	at io.appium.java_client.DefaultGenericMobileDriver.findElement(DefaultGenericMobileDriver.java:63)
                        	at io.appium.java_client.AppiumDriver.findElement(AppiumDriver.java:1)
                        	at io.appium.java_client.ios.IOSDriver.findElement(IOSDriver.java:1)
                        	at com.noon.iosapp.pages.AddAddressPage.signinTab(AddAddressPage.java:95)
                        	at com.noon.iosapp.AddAddressCheckoutTest.addToCart(AddAddressCheckoutTest.java:57)
                        	at sun.reflect.NativeMethodAccessorImpl.invoke0(Native Method)
                        	at sun.reflect.NativeMethodAccessorImpl.invoke(NativeMethodAccessorImpl.java:62)
                        	at sun.reflect.DelegatingMethodAccessorImpl.invoke(DelegatingMethodAccessorImpl.java:43)
                        	at java.lang.reflect.Method.invoke(Method.java:498)
                        	at org.testng.internal.MethodInvocationHelper.invokeMethod(MethodInvocationHelper.java:85)
                        	at org.testng.internal.Invoker.invokeMethod(Invoker.java:639)
                        	at org.testng.internal.Invoker.invokeTestMethod(Invoker.java:816)
                        	at org.testng.internal.Invoker.invokeTestMethods(Invoker.java:1124)
                        	at org.testng.internal.TestMethodWorker.invokeTestMethods(TestMethodWorker.java:125)
                        	at org.testng.internal.TestMethodWorker.run(TestMethodWorker.java:108)
                        	at org.testng.TestRunner.privateRun(TestRunner.java:774)
                        	at org.testng.TestRunner.run(TestRunner.java:624)
                        	at org.testng.SuiteRunner.runTest(SuiteRunner.java:359)
                        	at org.testng.SuiteRunner.runSequentially(SuiteRunner.java:354)
                        	at org.testng.SuiteRunner.privateRun(SuiteRunner.java:312)
                        	at org.testng.SuiteRunner.run(SuiteRunner.java:261)
                        	at org.testng.SuiteRunnerWorker.runSuite(SuiteRunnerWorker.java:52)
                        	at org.testng.SuiteRunnerWorker.run(SuiteRunnerWorker.java:86)
                        	at org.testng.TestNG.runSuitesSequentially(TestNG.java:1215)
                        	at org.testng.TestNG.runSuitesLocally(TestNG.java:1140)
                        	at org.testng.TestNG.run(TestNG.java:1048)
                        	at org.testng.TestNG.privateMain(TestNG.java:1355)
                        	at org.testng.TestNG.main(TestNG.java:1324)
                     </pre>
                  </div>
               </td>
            </tr>
            <tr id="com.noon.iosapp.AddCreditCardCheckoutTest_AddCreditCardCheckout_byStatus_failed_FAIL4_row"
                class="testMethodStatusFAIL">
               <td width="100%" class="firstMethodCell">
                  <a onclick="toggleDetailsVisibility('com.noon.iosapp.AddCreditCardCheckoutTest_AddCreditCardCheckout_byStatus_failed_FAIL4_details')">AddCreditCardCheckout()</a>
               </td>
               <td nowrap="true">16:05:48</td>
               <td nowrap="true" align="right">1m
                  17s
                  
               </td>
               <td nowrap="true">
                  <a onclick="toggleDetailsVisibility('com.noon.iosapp.AddCreditCardCheckoutTest_AddCreditCardCheckout_byStatus_failed_FAIL4_exception')">org.openqa.selenium.TimeoutException: 
                     Timed out after 10 seconds waiting for visibility of element located by By.xpath: //XCUIElementTypeStaticText[@name='Add new
                     address']
                     Build info: version: '2.52.0', revision: '4c2593c', time: '2016-02-11 19:06:42'
                     System info: host: 'kartik.local', ip: '169.254.95.48', os.name: 'Mac OS X', os.arch: 'x86_64', os.version: '10.12.4', java.version:
                     '1.8.0_111'
                     Driver info: io.appium.java_client.ios.IOSDriver
                     Capabilities [{app=/Users/kartikbhatt/test-team/ios/POM_Noon/ipa/FastFish.ipa, networkConnectionEnabled=false, appiumVersion=1.6,
                     databaseEnabled=false, deviceName=iPhone 7, platform=MAC, pressKey=true, platformVersion=10.3, webStorageEnabled=false, locationContextEnabled=false,
                     automationName=XCUITest, browserName=, takesScreenshot=true, javascriptEnabled=true, platformName=iOS, udid=B7C3E4D4-C3EA-4DB0-A808-2ECEB73D8425}]
                     Session ID: d0f77f26-9ed2-47cb-8dae-5b279dedc0fe
                     
                  </a>
                   
                  
               </td>
            </tr>
            <tr>
               <td colspan="4" class="detailsBox">
                  <div id="com.noon.iosapp.AddCreditCardCheckoutTest_AddCreditCardCheckout_byStatus_failed_FAIL4_details"
                       class="testMethodDetails">
                     <div>
                        <b>Name: </b>AddCreditCardCheckout
                     </div>
                     <div>
                        <b>Signature: </b>AddCreditCardCheckout()[pri:0, instance:com.noon.iosapp.AddCreditCardCheckoutTest@42eca56e]
                     </div>
                     <div>
                        <b>Start time: </b>16:05:48
                     </div>
                     <div>
                        <b>End time: </b>16:07:05
                     </div>
                     <div>
                        <b>Duration: </b>1m
                        17s
                        
                     </div>
                  </div>
               </td>
            </tr>
            <tr>
               <td colspan="4" class="detailsBox">
                  <div id="com.noon.iosapp.AddCreditCardCheckoutTest_AddCreditCardCheckout_byStatus_failed_FAIL4_exception"
                       class="testMethodDetails">
                     <pre style="padding: 5px; margin: 0;">org.openqa.selenium.TimeoutException: Timed out after 10 seconds waiting for visibility of element located by By.xpath: //XCUIElementTypeStaticText[@name='Add
                        new address']
                        Build info: version: '2.52.0', revision: '4c2593c', time: '2016-02-11 19:06:42'
                        System info: host: 'kartik.local', ip: '169.254.95.48', os.name: 'Mac OS X', os.arch: 'x86_64', os.version: '10.12.4', java.version:
                        '1.8.0_111'
                        Driver info: io.appium.java_client.ios.IOSDriver
                        Capabilities [{app=/Users/kartikbhatt/test-team/ios/POM_Noon/ipa/FastFish.ipa, networkConnectionEnabled=false, appiumVersion=1.6,
                        databaseEnabled=false, deviceName=iPhone 7, platform=MAC, pressKey=true, platformVersion=10.3, webStorageEnabled=false, locationContextEnabled=false,
                        automationName=XCUITest, browserName=, takesScreenshot=true, javascriptEnabled=true, platformName=iOS, udid=B7C3E4D4-C3EA-4DB0-A808-2ECEB73D8425}]
                        Session ID: d0f77f26-9ed2-47cb-8dae-5b279dedc0fe
                        	at org.openqa.selenium.support.ui.WebDriverWait.timeoutException(WebDriverWait.java:80)
                        	at org.openqa.selenium.support.ui.FluentWait.until(FluentWait.java:261)
                        	at com.noon.iosapp.pages.AddAddressPage.weDeliverText(AddAddressPage.java:110)
                        	at com.noon.iosapp.AddCreditCardCheckoutTest.AddCreditCardCheckout(AddCreditCardCheckoutTest.java:73)
                        	at sun.reflect.NativeMethodAccessorImpl.invoke0(Native Method)
                        	at sun.reflect.NativeMethodAccessorImpl.invoke(NativeMethodAccessorImpl.java:62)
                        	at sun.reflect.DelegatingMethodAccessorImpl.invoke(DelegatingMethodAccessorImpl.java:43)
                        	at java.lang.reflect.Method.invoke(Method.java:498)
                        	at org.testng.internal.MethodInvocationHelper.invokeMethod(MethodInvocationHelper.java:85)
                        	at org.testng.internal.Invoker.invokeMethod(Invoker.java:639)
                        	at org.testng.internal.Invoker.invokeTestMethod(Invoker.java:816)
                        	at org.testng.internal.Invoker.invokeTestMethods(Invoker.java:1124)
                        	at org.testng.internal.TestMethodWorker.invokeTestMethods(TestMethodWorker.java:125)
                        	at org.testng.internal.TestMethodWorker.run(TestMethodWorker.java:108)
                        	at org.testng.TestRunner.privateRun(TestRunner.java:774)
                        	at org.testng.TestRunner.run(TestRunner.java:624)
                        	at org.testng.SuiteRunner.runTest(SuiteRunner.java:359)
                        	at org.testng.SuiteRunner.runSequentially(SuiteRunner.java:354)
                        	at org.testng.SuiteRunner.privateRun(SuiteRunner.java:312)
                        	at org.testng.SuiteRunner.run(SuiteRunner.java:261)
                        	at org.testng.SuiteRunnerWorker.runSuite(SuiteRunnerWorker.java:52)
                        	at org.testng.SuiteRunnerWorker.run(SuiteRunnerWorker.java:86)
                        	at org.testng.TestNG.runSuitesSequentially(TestNG.java:1215)
                        	at org.testng.TestNG.runSuitesLocally(TestNG.java:1140)
                        	at org.testng.TestNG.run(TestNG.java:1048)
                        	at org.testng.TestNG.privateMain(TestNG.java:1355)
                        	at org.testng.TestNG.main(TestNG.java:1324)
                        Caused by: org.openqa.selenium.NoSuchElementException: An element could not be located on the page using the given search
                        parameters. (WARNING: The server did not provide any stacktrace information)
                        Command duration or timeout: 1.28 seconds
                        For documentation on this error, please visit: http://seleniumhq.org/exceptions/no_such_element.html
                        Build info: version: '2.52.0', revision: '4c2593c', time: '2016-02-11 19:06:42'
                        System info: host: 'kartik.local', ip: '169.254.95.48', os.name: 'Mac OS X', os.arch: 'x86_64', os.version: '10.12.4', java.version:
                        '1.8.0_111'
                        Driver info: io.appium.java_client.ios.IOSDriver
                        Capabilities [{app=/Users/kartikbhatt/test-team/ios/POM_Noon/ipa/FastFish.ipa, networkConnectionEnabled=false, appiumVersion=1.6,
                        databaseEnabled=false, deviceName=iPhone 7, platform=MAC, pressKey=true, platformVersion=10.3, webStorageEnabled=false, locationContextEnabled=false,
                        automationName=XCUITest, browserName=, takesScreenshot=true, javascriptEnabled=true, platformName=iOS, udid=B7C3E4D4-C3EA-4DB0-A808-2ECEB73D8425}]
                        Session ID: d0f77f26-9ed2-47cb-8dae-5b279dedc0fe
                        *** Element info: {Using=xpath, value=//XCUIElementTypeStaticText[@name='Add new address']}
                        	at sun.reflect.NativeConstructorAccessorImpl.newInstance0(Native Method)
                        	at sun.reflect.NativeConstructorAccessorImpl.newInstance(NativeConstructorAccessorImpl.java:62)
                        	at sun.reflect.DelegatingConstructorAccessorImpl.newInstance(DelegatingConstructorAccessorImpl.java:45)
                        	at java.lang.reflect.Constructor.newInstance(Constructor.java:423)
                        	at org.openqa.selenium.remote.ErrorHandler.createThrowable(ErrorHandler.java:206)
                        	at org.openqa.selenium.remote.ErrorHandler.throwIfResponseFailed(ErrorHandler.java:158)
                        	at org.openqa.selenium.remote.RemoteWebDriver.execute(RemoteWebDriver.java:678)
                        	at io.appium.java_client.DefaultGenericMobileDriver.execute(DefaultGenericMobileDriver.java:51)
                        	at io.appium.java_client.AppiumDriver.execute(AppiumDriver.java:1)
                        	at io.appium.java_client.ios.IOSDriver.execute(IOSDriver.java:1)
                        	at org.openqa.selenium.remote.RemoteWebDriver.findElement(RemoteWebDriver.java:363)
                        	at io.appium.java_client.DefaultGenericMobileDriver.findElement(DefaultGenericMobileDriver.java:67)
                        	at io.appium.java_client.AppiumDriver.findElement(AppiumDriver.java:1)
                        	at io.appium.java_client.ios.IOSDriver.findElement(IOSDriver.java:1)
                        	at org.openqa.selenium.remote.RemoteWebDriver.findElementByXPath(RemoteWebDriver.java:500)
                        	at io.appium.java_client.DefaultGenericMobileDriver.findElementByXPath(DefaultGenericMobileDriver.java:145)
                        	at io.appium.java_client.AppiumDriver.findElementByXPath(AppiumDriver.java:1)
                        	at io.appium.java_client.ios.IOSDriver.findElementByXPath(IOSDriver.java:1)
                        	at org.openqa.selenium.By$ByXPath.findElement(By.java:361)
                        	at org.openqa.selenium.remote.RemoteWebDriver.findElement(RemoteWebDriver.java:355)
                        	at io.appium.java_client.DefaultGenericMobileDriver.findElement(DefaultGenericMobileDriver.java:63)
                        	at io.appium.java_client.AppiumDriver.findElement(AppiumDriver.java:1)
                        	at io.appium.java_client.ios.IOSDriver.findElement(IOSDriver.java:1)
                        	at org.openqa.selenium.support.ui.ExpectedConditions.findElement(ExpectedConditions.java:911)
                        	at org.openqa.selenium.support.ui.ExpectedConditions.access$0(ExpectedConditions.java:909)
                        	at org.openqa.selenium.support.ui.ExpectedConditions$7.apply(ExpectedConditions.java:205)
                        	at org.openqa.selenium.support.ui.ExpectedConditions$7.apply(ExpectedConditions.java:1)
                        	at org.openqa.selenium.support.ui.FluentWait.until(FluentWait.java:238)
                        	... 25 more
                     </pre>
                  </div>
               </td>
            </tr>
            <tr id="com.noon.iosapp.PayWithCODTest_payWithCODCard_byStatus_failed_FAIL5_row"
                class="testMethodStatusFAIL">
               <td width="100%" class="firstMethodCell">
                  <a onclick="toggleDetailsVisibility('com.noon.iosapp.PayWithCODTest_payWithCODCard_byStatus_failed_FAIL5_details')">payWithCODCard()</a>
               </td>
               <td nowrap="true">16:07:05</td>
               <td nowrap="true" align="right">55s
                  
               </td>
               <td nowrap="true">
                  <a onclick="toggleDetailsVisibility('com.noon.iosapp.PayWithCODTest_payWithCODCard_byStatus_failed_FAIL5_exception')">org.openqa.selenium.TimeoutException: 
                     Timed out after 10 seconds waiting for visibility of element located by By.xpath: //XCUIElementTypeCell[2]/XCUIElementTypeButton[1]
                     Build info: version: '2.52.0', revision: '4c2593c', time: '2016-02-11 19:06:42'
                     System info: host: 'kartik.local', ip: '169.254.95.48', os.name: 'Mac OS X', os.arch: 'x86_64', os.version: '10.12.4', java.version:
                     '1.8.0_111'
                     Driver info: io.appium.java_client.ios.IOSDriver
                     Capabilities [{app=/Users/kartikbhatt/test-team/ios/POM_Noon/ipa/FastFish.ipa, networkConnectionEnabled=false, appiumVersion=1.6,
                     databaseEnabled=false, deviceName=iPhone 7, platform=MAC, pressKey=true, platformVersion=10.3, webStorageEnabled=false, locationContextEnabled=false,
                     automationName=XCUITest, browserName=, takesScreenshot=true, javascriptEnabled=true, platformName=iOS, udid=B7C3E4D4-C3EA-4DB0-A808-2ECEB73D8425}]
                     Session ID: c65e42ff-ce1f-4678-8797-134713134fba
                     
                  </a>
                   
                  
               </td>
            </tr>
            <tr>
               <td colspan="4" class="detailsBox">
                  <div id="com.noon.iosapp.PayWithCODTest_payWithCODCard_byStatus_failed_FAIL5_details"
                       class="testMethodDetails">
                     <div>
                        <b>Name: </b>payWithCODCard
                     </div>
                     <div>
                        <b>Signature: </b>payWithCODCard()[pri:0, instance:com.noon.iosapp.PayWithCODTest@33723e30]
                     </div>
                     <div>
                        <b>Start time: </b>16:07:05
                     </div>
                     <div>
                        <b>End time: </b>16:08:01
                     </div>
                     <div>
                        <b>Duration: </b>55s
                        
                     </div>
                  </div>
               </td>
            </tr>
            <tr>
               <td colspan="4" class="detailsBox">
                  <div id="com.noon.iosapp.PayWithCODTest_payWithCODCard_byStatus_failed_FAIL5_exception"
                       class="testMethodDetails">
                     <pre style="padding: 5px; margin: 0;">org.openqa.selenium.TimeoutException: Timed out after 10 seconds waiting for visibility of element located by By.xpath: //XCUIElementTypeCell[2]/XCUIElementTypeButton[1]
                        Build info: version: '2.52.0', revision: '4c2593c', time: '2016-02-11 19:06:42'
                        System info: host: 'kartik.local', ip: '169.254.95.48', os.name: 'Mac OS X', os.arch: 'x86_64', os.version: '10.12.4', java.version:
                        '1.8.0_111'
                        Driver info: io.appium.java_client.ios.IOSDriver
                        Capabilities [{app=/Users/kartikbhatt/test-team/ios/POM_Noon/ipa/FastFish.ipa, networkConnectionEnabled=false, appiumVersion=1.6,
                        databaseEnabled=false, deviceName=iPhone 7, platform=MAC, pressKey=true, platformVersion=10.3, webStorageEnabled=false, locationContextEnabled=false,
                        automationName=XCUITest, browserName=, takesScreenshot=true, javascriptEnabled=true, platformName=iOS, udid=B7C3E4D4-C3EA-4DB0-A808-2ECEB73D8425}]
                        Session ID: c65e42ff-ce1f-4678-8797-134713134fba
                        	at org.openqa.selenium.support.ui.WebDriverWait.timeoutException(WebDriverWait.java:80)
                        	at org.openqa.selenium.support.ui.FluentWait.until(FluentWait.java:261)
                        	at com.noon.iosapp.pages.AddToCartPage.addToCart(AddToCartPage.java:91)
                        	at com.noon.iosapp.PayWithCODTest.payWithCODCard(PayWithCODTest.java:57)
                        	at sun.reflect.NativeMethodAccessorImpl.invoke0(Native Method)
                        	at sun.reflect.NativeMethodAccessorImpl.invoke(NativeMethodAccessorImpl.java:62)
                        	at sun.reflect.DelegatingMethodAccessorImpl.invoke(DelegatingMethodAccessorImpl.java:43)
                        	at java.lang.reflect.Method.invoke(Method.java:498)
                        	at org.testng.internal.MethodInvocationHelper.invokeMethod(MethodInvocationHelper.java:85)
                        	at org.testng.internal.Invoker.invokeMethod(Invoker.java:639)
                        	at org.testng.internal.Invoker.invokeTestMethod(Invoker.java:816)
                        	at org.testng.internal.Invoker.invokeTestMethods(Invoker.java:1124)
                        	at org.testng.internal.TestMethodWorker.invokeTestMethods(TestMethodWorker.java:125)
                        	at org.testng.internal.TestMethodWorker.run(TestMethodWorker.java:108)
                        	at org.testng.TestRunner.privateRun(TestRunner.java:774)
                        	at org.testng.TestRunner.run(TestRunner.java:624)
                        	at org.testng.SuiteRunner.runTest(SuiteRunner.java:359)
                        	at org.testng.SuiteRunner.runSequentially(SuiteRunner.java:354)
                        	at org.testng.SuiteRunner.privateRun(SuiteRunner.java:312)
                        	at org.testng.SuiteRunner.run(SuiteRunner.java:261)
                        	at org.testng.SuiteRunnerWorker.runSuite(SuiteRunnerWorker.java:52)
                        	at org.testng.SuiteRunnerWorker.run(SuiteRunnerWorker.java:86)
                        	at org.testng.TestNG.runSuitesSequentially(TestNG.java:1215)
                        	at org.testng.TestNG.runSuitesLocally(TestNG.java:1140)
                        	at org.testng.TestNG.run(TestNG.java:1048)
                        	at org.testng.TestNG.privateMain(TestNG.java:1355)
                        	at org.testng.TestNG.main(TestNG.java:1324)
                        Caused by: org.openqa.selenium.NoSuchElementException: An element could not be located on the page using the given search
                        parameters. (WARNING: The server did not provide any stacktrace information)
                        Command duration or timeout: 1.26 seconds
                        For documentation on this error, please visit: http://seleniumhq.org/exceptions/no_such_element.html
                        Build info: version: '2.52.0', revision: '4c2593c', time: '2016-02-11 19:06:42'
                        System info: host: 'kartik.local', ip: '169.254.95.48', os.name: 'Mac OS X', os.arch: 'x86_64', os.version: '10.12.4', java.version:
                        '1.8.0_111'
                        Driver info: io.appium.java_client.ios.IOSDriver
                        Capabilities [{app=/Users/kartikbhatt/test-team/ios/POM_Noon/ipa/FastFish.ipa, networkConnectionEnabled=false, appiumVersion=1.6,
                        databaseEnabled=false, deviceName=iPhone 7, platform=MAC, pressKey=true, platformVersion=10.3, webStorageEnabled=false, locationContextEnabled=false,
                        automationName=XCUITest, browserName=, takesScreenshot=true, javascriptEnabled=true, platformName=iOS, udid=B7C3E4D4-C3EA-4DB0-A808-2ECEB73D8425}]
                        Session ID: c65e42ff-ce1f-4678-8797-134713134fba
                        *** Element info: {Using=xpath, value=//XCUIElementTypeCell[2]/XCUIElementTypeButton[1]}
                        	at sun.reflect.NativeConstructorAccessorImpl.newInstance0(Native Method)
                        	at sun.reflect.NativeConstructorAccessorImpl.newInstance(NativeConstructorAccessorImpl.java:62)
                        	at sun.reflect.DelegatingConstructorAccessorImpl.newInstance(DelegatingConstructorAccessorImpl.java:45)
                        	at java.lang.reflect.Constructor.newInstance(Constructor.java:423)
                        	at org.openqa.selenium.remote.ErrorHandler.createThrowable(ErrorHandler.java:206)
                        	at org.openqa.selenium.remote.ErrorHandler.throwIfResponseFailed(ErrorHandler.java:158)
                        	at org.openqa.selenium.remote.RemoteWebDriver.execute(RemoteWebDriver.java:678)
                        	at io.appium.java_client.DefaultGenericMobileDriver.execute(DefaultGenericMobileDriver.java:51)
                        	at io.appium.java_client.AppiumDriver.execute(AppiumDriver.java:1)
                        	at io.appium.java_client.ios.IOSDriver.execute(IOSDriver.java:1)
                        	at org.openqa.selenium.remote.RemoteWebDriver.findElement(RemoteWebDriver.java:363)
                        	at io.appium.java_client.DefaultGenericMobileDriver.findElement(DefaultGenericMobileDriver.java:67)
                        	at io.appium.java_client.AppiumDriver.findElement(AppiumDriver.java:1)
                        	at io.appium.java_client.ios.IOSDriver.findElement(IOSDriver.java:1)
                        	at org.openqa.selenium.remote.RemoteWebDriver.findElementByXPath(RemoteWebDriver.java:500)
                        	at io.appium.java_client.DefaultGenericMobileDriver.findElementByXPath(DefaultGenericMobileDriver.java:145)
                        	at io.appium.java_client.AppiumDriver.findElementByXPath(AppiumDriver.java:1)
                        	at io.appium.java_client.ios.IOSDriver.findElementByXPath(IOSDriver.java:1)
                        	at org.openqa.selenium.By$ByXPath.findElement(By.java:361)
                        	at org.openqa.selenium.remote.RemoteWebDriver.findElement(RemoteWebDriver.java:355)
                        	at io.appium.java_client.DefaultGenericMobileDriver.findElement(DefaultGenericMobileDriver.java:63)
                        	at io.appium.java_client.AppiumDriver.findElement(AppiumDriver.java:1)
                        	at io.appium.java_client.ios.IOSDriver.findElement(IOSDriver.java:1)
                        	at org.openqa.selenium.support.ui.ExpectedConditions.findElement(ExpectedConditions.java:911)
                        	at org.openqa.selenium.support.ui.ExpectedConditions.access$0(ExpectedConditions.java:909)
                        	at org.openqa.selenium.support.ui.ExpectedConditions$7.apply(ExpectedConditions.java:205)
                        	at org.openqa.selenium.support.ui.ExpectedConditions$7.apply(ExpectedConditions.java:1)
                        	at org.openqa.selenium.support.ui.FluentWait.until(FluentWait.java:238)
                        	... 25 more
                     </pre>
                  </div>
               </td>
            </tr>
            <tr id="com.noon.iosapp.PayWithCreditCardTest_AddCreditCardCheckout_byStatus_failed_FAIL6_row"
                class="testMethodStatusFAIL">
               <td width="100%" class="firstMethodCell">
                  <a onclick="toggleDetailsVisibility('com.noon.iosapp.PayWithCreditCardTest_AddCreditCardCheckout_byStatus_failed_FAIL6_details')">AddCreditCardCheckout()</a>
               </td>
               <td nowrap="true">16:08:01</td>
               <td nowrap="true" align="right">50s
                  
               </td>
               <td nowrap="true">
                  <a onclick="toggleDetailsVisibility('com.noon.iosapp.PayWithCreditCardTest_AddCreditCardCheckout_byStatus_failed_FAIL6_exception')">org.openqa.selenium.NoSuchElementException: 
                     An element could not be located on the page using the given search parameters. (WARNING: The server did not provide any stacktrace
                     information)
                     Command duration or timeout: 1.40 seconds
                     For documentation on this error, please visit: http://seleniumhq.org/exceptions/no_such_element.html
                     Build info: version: '2.52.0', revision: '4c2593c', time: '2016-02-11 19:06:42'
                     System info: host: 'kartik.local', ip: '169.254.95.48', os.name: 'Mac OS X', os.arch: 'x86_64', os.version: '10.12.4', java.version:
                     '1.8.0_111'
                     Driver info: io.appium.java_client.ios.IOSDriver
                     Capabilities [{app=/Users/kartikbhatt/test-team/ios/POM_Noon/ipa/FastFish.ipa, networkConnectionEnabled=false, appiumVersion=1.6,
                     databaseEnabled=false, deviceName=iPhone 7, platform=MAC, pressKey=true, platformVersion=10.3, webStorageEnabled=false, locationContextEnabled=false,
                     automationName=XCUITest, browserName=, takesScreenshot=true, javascriptEnabled=true, platformName=iOS, udid=B7C3E4D4-C3EA-4DB0-A808-2ECEB73D8425}]
                     Session ID: 87b2bc93-4ef0-45b7-9d69-1f20f8c5f797
                     *** Element info: {Using=xpath, value=//XCUIElementTypeStaticText[@name='Sign in with']}
                     
                  </a>
                   
                  
               </td>
            </tr>
            <tr>
               <td colspan="4" class="detailsBox">
                  <div id="com.noon.iosapp.PayWithCreditCardTest_AddCreditCardCheckout_byStatus_failed_FAIL6_details"
                       class="testMethodDetails">
                     <div>
                        <b>Name: </b>AddCreditCardCheckout
                     </div>
                     <div>
                        <b>Signature: </b>AddCreditCardCheckout()[pri:0, instance:com.noon.iosapp.PayWithCreditCardTest@74a10858]
                     </div>
                     <div>
                        <b>Start time: </b>16:08:01
                     </div>
                     <div>
                        <b>End time: </b>16:08:52
                     </div>
                     <div>
                        <b>Duration: </b>50s
                        
                     </div>
                  </div>
               </td>
            </tr>
            <tr>
               <td colspan="4" class="detailsBox">
                  <div id="com.noon.iosapp.PayWithCreditCardTest_AddCreditCardCheckout_byStatus_failed_FAIL6_exception"
                       class="testMethodDetails">
                     <pre style="padding: 5px; margin: 0;">org.openqa.selenium.NoSuchElementException: An element could not be located on the page using the given search parameters.
                        (WARNING: The server did not provide any stacktrace information)
                        Command duration or timeout: 1.40 seconds
                        For documentation on this error, please visit: http://seleniumhq.org/exceptions/no_such_element.html
                        Build info: version: '2.52.0', revision: '4c2593c', time: '2016-02-11 19:06:42'
                        System info: host: 'kartik.local', ip: '169.254.95.48', os.name: 'Mac OS X', os.arch: 'x86_64', os.version: '10.12.4', java.version:
                        '1.8.0_111'
                        Driver info: io.appium.java_client.ios.IOSDriver
                        Capabilities [{app=/Users/kartikbhatt/test-team/ios/POM_Noon/ipa/FastFish.ipa, networkConnectionEnabled=false, appiumVersion=1.6,
                        databaseEnabled=false, deviceName=iPhone 7, platform=MAC, pressKey=true, platformVersion=10.3, webStorageEnabled=false, locationContextEnabled=false,
                        automationName=XCUITest, browserName=, takesScreenshot=true, javascriptEnabled=true, platformName=iOS, udid=B7C3E4D4-C3EA-4DB0-A808-2ECEB73D8425}]
                        Session ID: 87b2bc93-4ef0-45b7-9d69-1f20f8c5f797
                        *** Element info: {Using=xpath, value=//XCUIElementTypeStaticText[@name='Sign in with']}
                        	at sun.reflect.NativeConstructorAccessorImpl.newInstance0(Native Method)
                        	at sun.reflect.NativeConstructorAccessorImpl.newInstance(NativeConstructorAccessorImpl.java:62)
                        	at sun.reflect.DelegatingConstructorAccessorImpl.newInstance(DelegatingConstructorAccessorImpl.java:45)
                        	at java.lang.reflect.Constructor.newInstance(Constructor.java:423)
                        	at org.openqa.selenium.remote.ErrorHandler.createThrowable(ErrorHandler.java:206)
                        	at org.openqa.selenium.remote.ErrorHandler.throwIfResponseFailed(ErrorHandler.java:158)
                        	at org.openqa.selenium.remote.RemoteWebDriver.execute(RemoteWebDriver.java:678)
                        	at io.appium.java_client.DefaultGenericMobileDriver.execute(DefaultGenericMobileDriver.java:51)
                        	at io.appium.java_client.AppiumDriver.execute(AppiumDriver.java:1)
                        	at io.appium.java_client.ios.IOSDriver.execute(IOSDriver.java:1)
                        	at org.openqa.selenium.remote.RemoteWebDriver.findElement(RemoteWebDriver.java:363)
                        	at io.appium.java_client.DefaultGenericMobileDriver.findElement(DefaultGenericMobileDriver.java:67)
                        	at io.appium.java_client.AppiumDriver.findElement(AppiumDriver.java:1)
                        	at io.appium.java_client.ios.IOSDriver.findElement(IOSDriver.java:1)
                        	at org.openqa.selenium.remote.RemoteWebDriver.findElementByXPath(RemoteWebDriver.java:500)
                        	at io.appium.java_client.DefaultGenericMobileDriver.findElementByXPath(DefaultGenericMobileDriver.java:145)
                        	at io.appium.java_client.AppiumDriver.findElementByXPath(AppiumDriver.java:1)
                        	at io.appium.java_client.ios.IOSDriver.findElementByXPath(IOSDriver.java:1)
                        	at org.openqa.selenium.By$ByXPath.findElement(By.java:361)
                        	at org.openqa.selenium.remote.RemoteWebDriver.findElement(RemoteWebDriver.java:355)
                        	at io.appium.java_client.DefaultGenericMobileDriver.findElement(DefaultGenericMobileDriver.java:63)
                        	at io.appium.java_client.AppiumDriver.findElement(AppiumDriver.java:1)
                        	at io.appium.java_client.ios.IOSDriver.findElement(IOSDriver.java:1)
                        	at com.noon.iosapp.pages.AddAddressPage.signinTab(AddAddressPage.java:95)
                        	at com.noon.iosapp.PayWithCreditCardTest.AddCreditCardCheckout(PayWithCreditCardTest.java:64)
                        	at sun.reflect.NativeMethodAccessorImpl.invoke0(Native Method)
                        	at sun.reflect.NativeMethodAccessorImpl.invoke(NativeMethodAccessorImpl.java:62)
                        	at sun.reflect.DelegatingMethodAccessorImpl.invoke(DelegatingMethodAccessorImpl.java:43)
                        	at java.lang.reflect.Method.invoke(Method.java:498)
                        	at org.testng.internal.MethodInvocationHelper.invokeMethod(MethodInvocationHelper.java:85)
                        	at org.testng.internal.Invoker.invokeMethod(Invoker.java:639)
                        	at org.testng.internal.Invoker.invokeTestMethod(Invoker.java:816)
                        	at org.testng.internal.Invoker.invokeTestMethods(Invoker.java:1124)
                        	at org.testng.internal.TestMethodWorker.invokeTestMethods(TestMethodWorker.java:125)
                        	at org.testng.internal.TestMethodWorker.run(TestMethodWorker.java:108)
                        	at org.testng.TestRunner.privateRun(TestRunner.java:774)
                        	at org.testng.TestRunner.run(TestRunner.java:624)
                        	at org.testng.SuiteRunner.runTest(SuiteRunner.java:359)
                        	at org.testng.SuiteRunner.runSequentially(SuiteRunner.java:354)
                        	at org.testng.SuiteRunner.privateRun(SuiteRunner.java:312)
                        	at org.testng.SuiteRunner.run(SuiteRunner.java:261)
                        	at org.testng.SuiteRunnerWorker.runSuite(SuiteRunnerWorker.java:52)
                        	at org.testng.SuiteRunnerWorker.run(SuiteRunnerWorker.java:86)
                        	at org.testng.TestNG.runSuitesSequentially(TestNG.java:1215)
                        	at org.testng.TestNG.runSuitesLocally(TestNG.java:1140)
                        	at org.testng.TestNG.run(TestNG.java:1048)
                        	at org.testng.TestNG.privateMain(TestNG.java:1355)
                        	at org.testng.TestNG.main(TestNG.java:1324)
                     </pre>
                  </div>
               </td>
            </tr>
            <tr id="com.noon.iosapp.SplashScreenTest_SplashScreen_byStatus_passed_PASS1_row"
                class="testMethodStatusPASS">
               <td width="100%" class="firstMethodCell">
                  <a onclick="toggleDetailsVisibility('com.noon.iosapp.SplashScreenTest_SplashScreen_byStatus_passed_PASS1_details')">SplashScreen()</a>
               </td>
               <td nowrap="true">15:49:41</td>
               <td nowrap="true" align="right">24s
                  
               </td>
               <td nowrap="true">
                   
                  
               </td>
            </tr>
            <tr>
               <td colspan="4" class="detailsBox">
                  <div id="com.noon.iosapp.SplashScreenTest_SplashScreen_byStatus_passed_PASS1_details"
                       class="testMethodDetails">
                     <div>
                        <b>Name: </b>SplashScreen
                     </div>
                     <div>
                        <b>Signature: </b>SplashScreen()[pri:0, instance:com.noon.iosapp.SplashScreenTest@34c4973]
                     </div>
                     <div>
                        <b>Start time: </b>15:49:41
                     </div>
                     <div>
                        <b>End time: </b>15:50:05
                     </div>
                     <div>
                        <b>Duration: </b>24s
                        
                     </div>
                  </div>
               </td>
            </tr>
            <tr></tr>
            <tr id="com.noon.iosapp.SplashScreenTest_quit_byStatus_passed_PASS2_row"
                class="testMethodStatusPASS testMethodStatusCONF">
               <td width="100%" class="firstMethodCell">
                  <a onclick="toggleDetailsVisibility('com.noon.iosapp.SplashScreenTest_quit_byStatus_passed_PASS2_details')">quit()</a>
               </td>
               <td nowrap="true">15:50:05</td>
               <td nowrap="true" align="right">659 ms
                  
               </td>
               <td nowrap="true">
                   
                  
               </td>
            </tr>
            <tr>
               <td colspan="4" class="detailsBox">
                  <div id="com.noon.iosapp.SplashScreenTest_quit_byStatus_passed_PASS2_details"
                       class="testMethodDetails">
                     <div>
                        <b>Name: </b>quit
                     </div>
                     <div>
                        <b>Signature: </b>quit()[pri:0, instance:com.noon.iosapp.SplashScreenTest@34c4973]
                     </div>
                     <div>
                        <b>Start time: </b>15:50:05
                     </div>
                     <div>
                        <b>End time: </b>15:50:06
                     </div>
                     <div>
                        <b>Duration: </b>659 ms
                        
                     </div>
                  </div>
               </td>
            </tr>
            <tr></tr>
            <tr id="com.noon.iosapp.LocalizationTest_prodcutDetails_byStatus_passed_PASS3_row"
                class="testMethodStatusPASS">
               <td width="100%" class="firstMethodCell">
                  <a onclick="toggleDetailsVisibility('com.noon.iosapp.LocalizationTest_prodcutDetails_byStatus_passed_PASS3_details')">prodcutDetails()</a>
               </td>
               <td nowrap="true">15:50:06</td>
               <td nowrap="true" align="right">30s
                  
               </td>
               <td nowrap="true">
                   
                  
               </td>
            </tr>
            <tr>
               <td colspan="4" class="detailsBox">
                  <div id="com.noon.iosapp.LocalizationTest_prodcutDetails_byStatus_passed_PASS3_details"
                       class="testMethodDetails">
                     <div>
                        <b>Name: </b>prodcutDetails
                     </div>
                     <div>
                        <b>Signature: </b>prodcutDetails()[pri:0, instance:com.noon.iosapp.LocalizationTest@1a8a8f7c]
                     </div>
                     <div>
                        <b>Start time: </b>15:50:06
                     </div>
                     <div>
                        <b>End time: </b>15:50:35
                     </div>
                     <div>
                        <b>Duration: </b>30s
                        
                     </div>
                  </div>
               </td>
            </tr>
            <tr></tr>
            <tr id="com.noon.iosapp.LocalizationTest_quit_byStatus_passed_PASS4_row"
                class="testMethodStatusPASS testMethodStatusCONF">
               <td width="100%" class="firstMethodCell">
                  <a onclick="toggleDetailsVisibility('com.noon.iosapp.LocalizationTest_quit_byStatus_passed_PASS4_details')">quit()</a>
               </td>
               <td nowrap="true">15:50:35</td>
               <td nowrap="true" align="right">410 ms
                  
               </td>
               <td nowrap="true">
                   
                  
               </td>
            </tr>
            <tr>
               <td colspan="4" class="detailsBox">
                  <div id="com.noon.iosapp.LocalizationTest_quit_byStatus_passed_PASS4_details"
                       class="testMethodDetails">
                     <div>
                        <b>Name: </b>quit
                     </div>
                     <div>
                        <b>Signature: </b>quit()[pri:0, instance:com.noon.iosapp.LocalizationTest@1a8a8f7c]
                     </div>
                     <div>
                        <b>Start time: </b>15:50:35
                     </div>
                     <div>
                        <b>End time: </b>15:50:36
                     </div>
                     <div>
                        <b>Duration: </b>410 ms
                        
                     </div>
                  </div>
               </td>
            </tr>
            <tr></tr>
            <tr id="com.noon.iosapp.SideBarLinksTest_sideBarLinks_byStatus_passed_PASS5_row"
                class="testMethodStatusPASS">
               <td width="100%" class="firstMethodCell">
                  <a onclick="toggleDetailsVisibility('com.noon.iosapp.SideBarLinksTest_sideBarLinks_byStatus_passed_PASS5_details')">sideBarLinks()</a>
               </td>
               <td nowrap="true">15:50:36</td>
               <td nowrap="true" align="right">44s
                  
               </td>
               <td nowrap="true">
                   
                  
               </td>
            </tr>
            <tr>
               <td colspan="4" class="detailsBox">
                  <div id="com.noon.iosapp.SideBarLinksTest_sideBarLinks_byStatus_passed_PASS5_details"
                       class="testMethodDetails">
                     <div>
                        <b>Name: </b>sideBarLinks
                     </div>
                     <div>
                        <b>Signature: </b>sideBarLinks()[pri:0, instance:com.noon.iosapp.SideBarLinksTest@36b4cef0]
                     </div>
                     <div>
                        <b>Start time: </b>15:50:36
                     </div>
                     <div>
                        <b>End time: </b>15:51:20
                     </div>
                     <div>
                        <b>Duration: </b>44s
                        
                     </div>
                  </div>
               </td>
            </tr>
            <tr></tr>
            <tr id="com.noon.iosapp.SideBarLinksTest_quit_byStatus_passed_PASS6_row"
                class="testMethodStatusPASS testMethodStatusCONF">
               <td width="100%" class="firstMethodCell">
                  <a onclick="toggleDetailsVisibility('com.noon.iosapp.SideBarLinksTest_quit_byStatus_passed_PASS6_details')">quit()</a>
               </td>
               <td nowrap="true">15:51:20</td>
               <td nowrap="true" align="right">421 ms
                  
               </td>
               <td nowrap="true">
                   
                  
               </td>
            </tr>
            <tr>
               <td colspan="4" class="detailsBox">
                  <div id="com.noon.iosapp.SideBarLinksTest_quit_byStatus_passed_PASS6_details"
                       class="testMethodDetails">
                     <div>
                        <b>Name: </b>quit
                     </div>
                     <div>
                        <b>Signature: </b>quit()[pri:0, instance:com.noon.iosapp.SideBarLinksTest@36b4cef0]
                     </div>
                     <div>
                        <b>Start time: </b>15:51:20
                     </div>
                     <div>
                        <b>End time: </b>15:51:21
                     </div>
                     <div>
                        <b>Duration: </b>421 ms
                        
                     </div>
                  </div>
               </td>
            </tr>
            <tr></tr>
            <tr id="com.noon.iosapp.SearchTest_searchItems_byStatus_passed_PASS7_row"
                class="testMethodStatusPASS">
               <td width="100%" class="firstMethodCell">
                  <a onclick="toggleDetailsVisibility('com.noon.iosapp.SearchTest_searchItems_byStatus_passed_PASS7_details')">searchItems()</a>
               </td>
               <td nowrap="true">15:51:21</td>
               <td nowrap="true" align="right">37s
                  
               </td>
               <td nowrap="true">
                   
                  
               </td>
            </tr>
            <tr>
               <td colspan="4" class="detailsBox">
                  <div id="com.noon.iosapp.SearchTest_searchItems_byStatus_passed_PASS7_details"
                       class="testMethodDetails">
                     <div>
                        <b>Name: </b>searchItems
                     </div>
                     <div>
                        <b>Signature: </b>searchItems()[pri:0, instance:com.noon.iosapp.SearchTest@1d8d30f7]
                     </div>
                     <div>
                        <b>Start time: </b>15:51:21
                     </div>
                     <div>
                        <b>End time: </b>15:51:58
                     </div>
                     <div>
                        <b>Duration: </b>37s
                        
                     </div>
                  </div>
               </td>
            </tr>
            <tr></tr>
            <tr id="com.noon.iosapp.SearchTest_quit_byStatus_passed_PASS8_row"
                class="testMethodStatusPASS testMethodStatusCONF">
               <td width="100%" class="firstMethodCell">
                  <a onclick="toggleDetailsVisibility('com.noon.iosapp.SearchTest_quit_byStatus_passed_PASS8_details')">quit()</a>
               </td>
               <td nowrap="true">15:51:58</td>
               <td nowrap="true" align="right">428 ms
                  
               </td>
               <td nowrap="true">
                   
                  
               </td>
            </tr>
            <tr>
               <td colspan="4" class="detailsBox">
                  <div id="com.noon.iosapp.SearchTest_quit_byStatus_passed_PASS8_details"
                       class="testMethodDetails">
                     <div>
                        <b>Name: </b>quit
                     </div>
                     <div>
                        <b>Signature: </b>quit()[pri:0, instance:com.noon.iosapp.SearchTest@1d8d30f7]
                     </div>
                     <div>
                        <b>Start time: </b>15:51:58
                     </div>
                     <div>
                        <b>End time: </b>15:51:59
                     </div>
                     <div>
                        <b>Duration: </b>428 ms
                        
                     </div>
                  </div>
               </td>
            </tr>
            <tr></tr>
            <tr id="com.noon.iosapp.ProductDetailsTest_prodcutDetails_byStatus_passed_PASS9_row"
                class="testMethodStatusPASS">
               <td width="100%" class="firstMethodCell">
                  <a onclick="toggleDetailsVisibility('com.noon.iosapp.ProductDetailsTest_prodcutDetails_byStatus_passed_PASS9_details')">prodcutDetails()</a>
               </td>
               <td nowrap="true">15:51:59</td>
               <td nowrap="true" align="right">57s
                  
               </td>
               <td nowrap="true">
                   
                  
               </td>
            </tr>
            <tr>
               <td colspan="4" class="detailsBox">
                  <div id="com.noon.iosapp.ProductDetailsTest_prodcutDetails_byStatus_passed_PASS9_details"
                       class="testMethodDetails">
                     <div>
                        <b>Name: </b>prodcutDetails
                     </div>
                     <div>
                        <b>Signature: </b>prodcutDetails()[pri:0, instance:com.noon.iosapp.ProductDetailsTest@5bb21b69]
                     </div>
                     <div>
                        <b>Start time: </b>15:51:59
                     </div>
                     <div>
                        <b>End time: </b>15:52:56
                     </div>
                     <div>
                        <b>Duration: </b>57s
                        
                     </div>
                  </div>
               </td>
            </tr>
            <tr></tr>
            <tr id="com.noon.iosapp.ProductDetailsTest_quit_byStatus_passed_PASS10_row"
                class="testMethodStatusPASS testMethodStatusCONF">
               <td width="100%" class="firstMethodCell">
                  <a onclick="toggleDetailsVisibility('com.noon.iosapp.ProductDetailsTest_quit_byStatus_passed_PASS10_details')">quit()</a>
               </td>
               <td nowrap="true">15:52:56</td>
               <td nowrap="true" align="right">417 ms
                  
               </td>
               <td nowrap="true">
                   
                  
               </td>
            </tr>
            <tr>
               <td colspan="4" class="detailsBox">
                  <div id="com.noon.iosapp.ProductDetailsTest_quit_byStatus_passed_PASS10_details"
                       class="testMethodDetails">
                     <div>
                        <b>Name: </b>quit
                     </div>
                     <div>
                        <b>Signature: </b>quit()[pri:0, instance:com.noon.iosapp.ProductDetailsTest@5bb21b69]
                     </div>
                     <div>
                        <b>Start time: </b>15:52:56
                     </div>
                     <div>
                        <b>End time: </b>15:52:56
                     </div>
                     <div>
                        <b>Duration: </b>417 ms
                        
                     </div>
                  </div>
               </td>
            </tr>
            <tr></tr>
            <tr id="com.noon.iosapp.RegisterWithEmailTest_quit_byStatus_passed_PASS11_row"
                class="testMethodStatusPASS testMethodStatusCONF">
               <td width="100%" class="firstMethodCell">
                  <a onclick="toggleDetailsVisibility('com.noon.iosapp.RegisterWithEmailTest_quit_byStatus_passed_PASS11_details')">quit()</a>
               </td>
               <td nowrap="true">15:54:06</td>
               <td nowrap="true" align="right">406 ms
                  
               </td>
               <td nowrap="true">
                   
                  
               </td>
            </tr>
            <tr>
               <td colspan="4" class="detailsBox">
                  <div id="com.noon.iosapp.RegisterWithEmailTest_quit_byStatus_passed_PASS11_details"
                       class="testMethodDetails">
                     <div>
                        <b>Name: </b>quit
                     </div>
                     <div>
                        <b>Signature: </b>quit()[pri:0, instance:com.noon.iosapp.RegisterWithEmailTest@4abdb505]
                     </div>
                     <div>
                        <b>Start time: </b>15:54:06
                     </div>
                     <div>
                        <b>End time: </b>15:54:07
                     </div>
                     <div>
                        <b>Duration: </b>406 ms
                        
                     </div>
                  </div>
               </td>
            </tr>
            <tr></tr>
            <tr id="com.noon.iosapp.LoginByPhoneTest_loginByPhone_byStatus_passed_PASS12_row"
                class="testMethodStatusPASS">
               <td width="100%" class="firstMethodCell">
                  <a onclick="toggleDetailsVisibility('com.noon.iosapp.LoginByPhoneTest_loginByPhone_byStatus_passed_PASS12_details')">loginByPhone()</a>
               </td>
               <td nowrap="true">15:54:07</td>
               <td nowrap="true" align="right">3m
                  24s
                  
               </td>
               <td nowrap="true">
                   
                  
               </td>
            </tr>
            <tr>
               <td colspan="4" class="detailsBox">
                  <div id="com.noon.iosapp.LoginByPhoneTest_loginByPhone_byStatus_passed_PASS12_details"
                       class="testMethodDetails">
                     <div>
                        <b>Name: </b>loginByPhone
                     </div>
                     <div>
                        <b>Signature: </b>loginByPhone()[pri:0, instance:com.noon.iosapp.LoginByPhoneTest@45820e51]
                     </div>
                     <div>
                        <b>Start time: </b>15:54:07
                     </div>
                     <div>
                        <b>End time: </b>15:57:30
                     </div>
                     <div>
                        <b>Duration: </b>3m
                        24s
                        
                     </div>
                  </div>
               </td>
            </tr>
            <tr></tr>
            <tr id="com.noon.iosapp.LoginByPhoneTest_quit_byStatus_passed_PASS13_row"
                class="testMethodStatusPASS testMethodStatusCONF">
               <td width="100%" class="firstMethodCell">
                  <a onclick="toggleDetailsVisibility('com.noon.iosapp.LoginByPhoneTest_quit_byStatus_passed_PASS13_details')">quit()</a>
               </td>
               <td nowrap="true">15:57:30</td>
               <td nowrap="true" align="right">478 ms
                  
               </td>
               <td nowrap="true">
                   
                  
               </td>
            </tr>
            <tr>
               <td colspan="4" class="detailsBox">
                  <div id="com.noon.iosapp.LoginByPhoneTest_quit_byStatus_passed_PASS13_details"
                       class="testMethodDetails">
                     <div>
                        <b>Name: </b>quit
                     </div>
                     <div>
                        <b>Signature: </b>quit()[pri:0, instance:com.noon.iosapp.LoginByPhoneTest@45820e51]
                     </div>
                     <div>
                        <b>Start time: </b>15:57:30
                     </div>
                     <div>
                        <b>End time: </b>15:57:31
                     </div>
                     <div>
                        <b>Duration: </b>478 ms
                        
                     </div>
                  </div>
               </td>
            </tr>
            <tr></tr>
            <tr id="com.noon.iosapp.LoginByEmailTest_loginByEmail_byStatus_passed_PASS14_row"
                class="testMethodStatusPASS">
               <td width="100%" class="firstMethodCell">
                  <a onclick="toggleDetailsVisibility('com.noon.iosapp.LoginByEmailTest_loginByEmail_byStatus_passed_PASS14_details')">loginByEmail()</a>
               </td>
               <td nowrap="true">15:57:31</td>
               <td nowrap="true" align="right">1m
                  11s
                  
               </td>
               <td nowrap="true">
                   
                  
               </td>
            </tr>
            <tr>
               <td colspan="4" class="detailsBox">
                  <div id="com.noon.iosapp.LoginByEmailTest_loginByEmail_byStatus_passed_PASS14_details"
                       class="testMethodDetails">
                     <div>
                        <b>Name: </b>loginByEmail
                     </div>
                     <div>
                        <b>Signature: </b>loginByEmail()[pri:0, instance:com.noon.iosapp.LoginByEmailTest@5bcea91b]
                     </div>
                     <div>
                        <b>Start time: </b>15:57:31
                     </div>
                     <div>
                        <b>End time: </b>15:58:42
                     </div>
                     <div>
                        <b>Duration: </b>1m
                        11s
                        
                     </div>
                  </div>
               </td>
            </tr>
            <tr></tr>
            <tr id="com.noon.iosapp.LoginByEmailTest_quit_byStatus_passed_PASS15_row"
                class="testMethodStatusPASS testMethodStatusCONF">
               <td width="100%" class="firstMethodCell">
                  <a onclick="toggleDetailsVisibility('com.noon.iosapp.LoginByEmailTest_quit_byStatus_passed_PASS15_details')">quit()</a>
               </td>
               <td nowrap="true">15:58:42</td>
               <td nowrap="true" align="right">468 ms
                  
               </td>
               <td nowrap="true">
                   
                  
               </td>
            </tr>
            <tr>
               <td colspan="4" class="detailsBox">
                  <div id="com.noon.iosapp.LoginByEmailTest_quit_byStatus_passed_PASS15_details"
                       class="testMethodDetails">
                     <div>
                        <b>Name: </b>quit
                     </div>
                     <div>
                        <b>Signature: </b>quit()[pri:0, instance:com.noon.iosapp.LoginByEmailTest@5bcea91b]
                     </div>
                     <div>
                        <b>Start time: </b>15:58:42
                     </div>
                     <div>
                        <b>End time: </b>15:58:43
                     </div>
                     <div>
                        <b>Duration: </b>468 ms
                        
                     </div>
                  </div>
               </td>
            </tr>
            <tr></tr>
            <tr id="com.noon.iosapp.AddToCartTest_addToCart_byStatus_passed_PASS16_row"
                class="testMethodStatusPASS">
               <td width="100%" class="firstMethodCell">
                  <a onclick="toggleDetailsVisibility('com.noon.iosapp.AddToCartTest_addToCart_byStatus_passed_PASS16_details')">addToCart()</a>
               </td>
               <td nowrap="true">15:58:43</td>
               <td nowrap="true" align="right">48s
                  
               </td>
               <td nowrap="true">
                   
                  
               </td>
            </tr>
            <tr>
               <td colspan="4" class="detailsBox">
                  <div id="com.noon.iosapp.AddToCartTest_addToCart_byStatus_passed_PASS16_details"
                       class="testMethodDetails">
                     <div>
                        <b>Name: </b>addToCart
                     </div>
                     <div>
                        <b>Signature: </b>addToCart()[pri:0, instance:com.noon.iosapp.AddToCartTest@46daef40]
                     </div>
                     <div>
                        <b>Start time: </b>15:58:43
                     </div>
                     <div>
                        <b>End time: </b>15:59:31
                     </div>
                     <div>
                        <b>Duration: </b>48s
                        
                     </div>
                  </div>
               </td>
            </tr>
            <tr></tr>
            <tr id="com.noon.iosapp.AddToCartTest_quit_byStatus_passed_PASS17_row"
                class="testMethodStatusPASS testMethodStatusCONF">
               <td width="100%" class="firstMethodCell">
                  <a onclick="toggleDetailsVisibility('com.noon.iosapp.AddToCartTest_quit_byStatus_passed_PASS17_details')">quit()</a>
               </td>
               <td nowrap="true">15:59:31</td>
               <td nowrap="true" align="right">455 ms
                  
               </td>
               <td nowrap="true">
                   
                  
               </td>
            </tr>
            <tr>
               <td colspan="4" class="detailsBox">
                  <div id="com.noon.iosapp.AddToCartTest_quit_byStatus_passed_PASS17_details"
                       class="testMethodDetails">
                     <div>
                        <b>Name: </b>quit
                     </div>
                     <div>
                        <b>Signature: </b>quit()[pri:0, instance:com.noon.iosapp.AddToCartTest@46daef40]
                     </div>
                     <div>
                        <b>Start time: </b>15:59:31
                     </div>
                     <div>
                        <b>End time: </b>15:59:31
                     </div>
                     <div>
                        <b>Duration: </b>455 ms
                        
                     </div>
                  </div>
               </td>
            </tr>
            <tr></tr>
            <tr id="com.noon.iosapp.BuyNowTest_buyNowItems_byStatus_passed_PASS18_row"
                class="testMethodStatusPASS">
               <td width="100%" class="firstMethodCell">
                  <a onclick="toggleDetailsVisibility('com.noon.iosapp.BuyNowTest_buyNowItems_byStatus_passed_PASS18_details')">buyNowItems()</a>
               </td>
               <td nowrap="true">15:59:31</td>
               <td nowrap="true" align="right">47s
                  
               </td>
               <td nowrap="true">
                   
                  
               </td>
            </tr>
            <tr>
               <td colspan="4" class="detailsBox">
                  <div id="com.noon.iosapp.BuyNowTest_buyNowItems_byStatus_passed_PASS18_details"
                       class="testMethodDetails">
                     <div>
                        <b>Name: </b>buyNowItems
                     </div>
                     <div>
                        <b>Signature: </b>buyNowItems()[pri:0, instance:com.noon.iosapp.BuyNowTest@7a3d45bd]
                     </div>
                     <div>
                        <b>Start time: </b>15:59:31
                     </div>
                     <div>
                        <b>End time: </b>16:00:18
                     </div>
                     <div>
                        <b>Duration: </b>47s
                        
                     </div>
                  </div>
               </td>
            </tr>
            <tr></tr>
            <tr id="com.noon.iosapp.BuyNowTest_quit_byStatus_passed_PASS19_row"
                class="testMethodStatusPASS testMethodStatusCONF">
               <td width="100%" class="firstMethodCell">
                  <a onclick="toggleDetailsVisibility('com.noon.iosapp.BuyNowTest_quit_byStatus_passed_PASS19_details')">quit()</a>
               </td>
               <td nowrap="true">16:00:18</td>
               <td nowrap="true" align="right">441 ms
                  
               </td>
               <td nowrap="true">
                   
                  
               </td>
            </tr>
            <tr>
               <td colspan="4" class="detailsBox">
                  <div id="com.noon.iosapp.BuyNowTest_quit_byStatus_passed_PASS19_details"
                       class="testMethodDetails">
                     <div>
                        <b>Name: </b>quit
                     </div>
                     <div>
                        <b>Signature: </b>quit()[pri:0, instance:com.noon.iosapp.BuyNowTest@7a3d45bd]
                     </div>
                     <div>
                        <b>Start time: </b>16:00:18
                     </div>
                     <div>
                        <b>End time: </b>16:00:18
                     </div>
                     <div>
                        <b>Duration: </b>441 ms
                        
                     </div>
                  </div>
               </td>
            </tr>
            <tr></tr>
            <tr id="com.noon.iosapp.EditCartTest_editCartItems_byStatus_passed_PASS20_row"
                class="testMethodStatusPASS">
               <td width="100%" class="firstMethodCell">
                  <a onclick="toggleDetailsVisibility('com.noon.iosapp.EditCartTest_editCartItems_byStatus_passed_PASS20_details')">editCartItems()</a>
               </td>
               <td nowrap="true">16:00:19</td>
               <td nowrap="true" align="right">46s
                  
               </td>
               <td nowrap="true">
                   
                  
               </td>
            </tr>
            <tr>
               <td colspan="4" class="detailsBox">
                  <div id="com.noon.iosapp.EditCartTest_editCartItems_byStatus_passed_PASS20_details"
                       class="testMethodDetails">
                     <div>
                        <b>Name: </b>editCartItems
                     </div>
                     <div>
                        <b>Signature: </b>editCartItems()[pri:0, instance:com.noon.iosapp.EditCartTest@3aeaafa6]
                     </div>
                     <div>
                        <b>Start time: </b>16:00:19
                     </div>
                     <div>
                        <b>End time: </b>16:01:04
                     </div>
                     <div>
                        <b>Duration: </b>46s
                        
                     </div>
                  </div>
               </td>
            </tr>
            <tr></tr>
            <tr id="com.noon.iosapp.EditCartTest_quit_byStatus_passed_PASS21_row"
                class="testMethodStatusPASS testMethodStatusCONF">
               <td width="100%" class="firstMethodCell">
                  <a onclick="toggleDetailsVisibility('com.noon.iosapp.EditCartTest_quit_byStatus_passed_PASS21_details')">quit()</a>
               </td>
               <td nowrap="true">16:01:04</td>
               <td nowrap="true" align="right">457 ms
                  
               </td>
               <td nowrap="true">
                   
                  
               </td>
            </tr>
            <tr>
               <td colspan="4" class="detailsBox">
                  <div id="com.noon.iosapp.EditCartTest_quit_byStatus_passed_PASS21_details"
                       class="testMethodDetails">
                     <div>
                        <b>Name: </b>quit
                     </div>
                     <div>
                        <b>Signature: </b>quit()[pri:0, instance:com.noon.iosapp.EditCartTest@3aeaafa6]
                     </div>
                     <div>
                        <b>Start time: </b>16:01:04
                     </div>
                     <div>
                        <b>End time: </b>16:01:05
                     </div>
                     <div>
                        <b>Duration: </b>457 ms
                        
                     </div>
                  </div>
               </td>
            </tr>
            <tr></tr>
            <tr id="com.noon.iosapp.AddAddressBookTest_quit_byStatus_passed_PASS22_row"
                class="testMethodStatusPASS testMethodStatusCONF">
               <td width="100%" class="firstMethodCell">
                  <a onclick="toggleDetailsVisibility('com.noon.iosapp.AddAddressBookTest_quit_byStatus_passed_PASS22_details')">quit()</a>
               </td>
               <td nowrap="true">16:02:29</td>
               <td nowrap="true" align="right">439 ms
                  
               </td>
               <td nowrap="true">
                   
                  
               </td>
            </tr>
            <tr>
               <td colspan="4" class="detailsBox">
                  <div id="com.noon.iosapp.AddAddressBookTest_quit_byStatus_passed_PASS22_details"
                       class="testMethodDetails">
                     <div>
                        <b>Name: </b>quit
                     </div>
                     <div>
                        <b>Signature: </b>quit()[pri:0, instance:com.noon.iosapp.AddAddressBookTest@eafc191]
                     </div>
                     <div>
                        <b>Start time: </b>16:02:29
                     </div>
                     <div>
                        <b>End time: </b>16:02:30
                     </div>
                     <div>
                        <b>Duration: </b>439 ms
                        
                     </div>
                  </div>
               </td>
            </tr>
            <tr></tr>
            <tr id="com.noon.iosapp.AddAddressCheckoutTest_quit_byStatus_passed_PASS23_row"
                class="testMethodStatusPASS testMethodStatusCONF">
               <td width="100%" class="firstMethodCell">
                  <a onclick="toggleDetailsVisibility('com.noon.iosapp.AddAddressCheckoutTest_quit_byStatus_passed_PASS23_details')">quit()</a>
               </td>
               <td nowrap="true">16:03:19</td>
               <td nowrap="true" align="right">442 ms
                  
               </td>
               <td nowrap="true">
                   
                  
               </td>
            </tr>
            <tr>
               <td colspan="4" class="detailsBox">
                  <div id="com.noon.iosapp.AddAddressCheckoutTest_quit_byStatus_passed_PASS23_details"
                       class="testMethodDetails">
                     <div>
                        <b>Name: </b>quit
                     </div>
                     <div>
                        <b>Signature: </b>quit()[pri:0, instance:com.noon.iosapp.AddAddressCheckoutTest@491cc5c9]
                     </div>
                     <div>
                        <b>Start time: </b>16:03:19
                     </div>
                     <div>
                        <b>End time: </b>16:03:20
                     </div>
                     <div>
                        <b>Duration: </b>442 ms
                        
                     </div>
                  </div>
               </td>
            </tr>
            <tr></tr>
            <tr id="com.noon.iosapp.AddCreditCardWalletTest_addCreditCardWallet_byStatus_passed_PASS24_row"
                class="testMethodStatusPASS">
               <td width="100%" class="firstMethodCell">
                  <a onclick="toggleDetailsVisibility('com.noon.iosapp.AddCreditCardWalletTest_addCreditCardWallet_byStatus_passed_PASS24_details')">addCreditCardWallet()</a>
               </td>
               <td nowrap="true">16:03:20</td>
               <td nowrap="true" align="right">2m
                  28s
                  
               </td>
               <td nowrap="true">
                   
                  
               </td>
            </tr>
            <tr>
               <td colspan="4" class="detailsBox">
                  <div id="com.noon.iosapp.AddCreditCardWalletTest_addCreditCardWallet_byStatus_passed_PASS24_details"
                       class="testMethodDetails">
                     <div>
                        <b>Name: </b>addCreditCardWallet
                     </div>
                     <div>
                        <b>Signature: </b>addCreditCardWallet()[pri:0, instance:com.noon.iosapp.AddCreditCardWalletTest@66d1af89]
                     </div>
                     <div>
                        <b>Start time: </b>16:03:20
                     </div>
                     <div>
                        <b>End time: </b>16:05:48
                     </div>
                     <div>
                        <b>Duration: </b>2m
                        28s
                        
                     </div>
                  </div>
               </td>
            </tr>
            <tr></tr>
            <tr id="com.noon.iosapp.AddCreditCardWalletTest_quit_byStatus_passed_PASS25_row"
                class="testMethodStatusPASS testMethodStatusCONF">
               <td width="100%" class="firstMethodCell">
                  <a onclick="toggleDetailsVisibility('com.noon.iosapp.AddCreditCardWalletTest_quit_byStatus_passed_PASS25_details')">quit()</a>
               </td>
               <td nowrap="true">16:05:48</td>
               <td nowrap="true" align="right">457 ms
                  
               </td>
               <td nowrap="true">
                   
                  
               </td>
            </tr>
            <tr>
               <td colspan="4" class="detailsBox">
                  <div id="com.noon.iosapp.AddCreditCardWalletTest_quit_byStatus_passed_PASS25_details"
                       class="testMethodDetails">
                     <div>
                        <b>Name: </b>quit
                     </div>
                     <div>
                        <b>Signature: </b>quit()[pri:0, instance:com.noon.iosapp.AddCreditCardWalletTest@66d1af89]
                     </div>
                     <div>
                        <b>Start time: </b>16:05:48
                     </div>
                     <div>
                        <b>End time: </b>16:05:48
                     </div>
                     <div>
                        <b>Duration: </b>457 ms
                        
                     </div>
                  </div>
               </td>
            </tr>
            <tr></tr>
            <tr id="com.noon.iosapp.AddCreditCardCheckoutTest_quit_byStatus_passed_PASS26_row"
                class="testMethodStatusPASS testMethodStatusCONF">
               <td width="100%" class="firstMethodCell">
                  <a onclick="toggleDetailsVisibility('com.noon.iosapp.AddCreditCardCheckoutTest_quit_byStatus_passed_PASS26_details')">quit()</a>
               </td>
               <td nowrap="true">16:07:05</td>
               <td nowrap="true" align="right">431 ms
                  
               </td>
               <td nowrap="true">
                   
                  
               </td>
            </tr>
            <tr>
               <td colspan="4" class="detailsBox">
                  <div id="com.noon.iosapp.AddCreditCardCheckoutTest_quit_byStatus_passed_PASS26_details"
                       class="testMethodDetails">
                     <div>
                        <b>Name: </b>quit
                     </div>
                     <div>
                        <b>Signature: </b>quit()[pri:0, instance:com.noon.iosapp.AddCreditCardCheckoutTest@42eca56e]
                     </div>
                     <div>
                        <b>Start time: </b>16:07:05
                     </div>
                     <div>
                        <b>End time: </b>16:07:05
                     </div>
                     <div>
                        <b>Duration: </b>431 ms
                        
                     </div>
                  </div>
               </td>
            </tr>
            <tr></tr>
            <tr id="com.noon.iosapp.PayWithCODTest_quit_byStatus_passed_PASS27_row"
                class="testMethodStatusPASS testMethodStatusCONF">
               <td width="100%" class="firstMethodCell">
                  <a onclick="toggleDetailsVisibility('com.noon.iosapp.PayWithCODTest_quit_byStatus_passed_PASS27_details')">quit()</a>
               </td>
               <td nowrap="true">16:08:01</td>
               <td nowrap="true" align="right">446 ms
                  
               </td>
               <td nowrap="true">
                   
                  
               </td>
            </tr>
            <tr>
               <td colspan="4" class="detailsBox">
                  <div id="com.noon.iosapp.PayWithCODTest_quit_byStatus_passed_PASS27_details"
                       class="testMethodDetails">
                     <div>
                        <b>Name: </b>quit
                     </div>
                     <div>
                        <b>Signature: </b>quit()[pri:0, instance:com.noon.iosapp.PayWithCODTest@33723e30]
                     </div>
                     <div>
                        <b>Start time: </b>16:08:01
                     </div>
                     <div>
                        <b>End time: </b>16:08:01
                     </div>
                     <div>
                        <b>Duration: </b>446 ms
                        
                     </div>
                  </div>
               </td>
            </tr>
            <tr></tr>
            <tr id="com.noon.iosapp.PayWithCreditCardTest_quit_byStatus_passed_PASS28_row"
                class="testMethodStatusPASS testMethodStatusCONF">
               <td width="100%" class="firstMethodCell">
                  <a onclick="toggleDetailsVisibility('com.noon.iosapp.PayWithCreditCardTest_quit_byStatus_passed_PASS28_details')">quit()</a>
               </td>
               <td nowrap="true">16:08:52</td>
               <td nowrap="true" align="right">479 ms
                  
               </td>
               <td nowrap="true">
                   
                  
               </td>
            </tr>
            <tr>
               <td colspan="4" class="detailsBox">
                  <div id="com.noon.iosapp.PayWithCreditCardTest_quit_byStatus_passed_PASS28_details"
                       class="testMethodDetails">
                     <div>
                        <b>Name: </b>quit
                     </div>
                     <div>
                        <b>Signature: </b>quit()[pri:0, instance:com.noon.iosapp.PayWithCreditCardTest@74a10858]
                     </div>
                     <div>
                        <b>Start time: </b>16:08:52
                     </div>
                     <div>
                        <b>End time: </b>16:08:52
                     </div>
                     <div>
                        <b>Duration: </b>479 ms
                        
                     </div>
                  </div>
               </td>
            </tr>
            <tr></tr>
         </table>
      </div>
      <div id="testMethodsByClass" style="display: none;">
         <table class="testMethodsTable" cellpadding="0" cellspacing="0">
            <tr>
               <td colspan="4">
                  <h3 style="display: inline;">com.noon.iosapp.AddAddressBookTest</h3>
               </td>
            </tr>
            <tr class="methodsTableHeader">
               <td width="100%">Name</td>
               <td nowrap="true">Started</td>
               <td nowrap="true">Duration</td>
               <td>Exception</td>
            </tr>
            <tr id="com.noon.iosapp.AddAddressBookTest_addAddressBook_byClass_FAIL1_row"
                class="testMethodStatusFAIL">
               <td width="100%" class="firstMethodCell">
                  <a onclick="toggleDetailsVisibility('com.noon.iosapp.AddAddressBookTest_addAddressBook_byClass_FAIL1_details')">addAddressBook()</a>
               </td>
               <td nowrap="true">16:01:05</td>
               <td nowrap="true" align="right">1m
                  25s
                  
               </td>
               <td nowrap="true">
                  <a onclick="toggleDetailsVisibility('com.noon.iosapp.AddAddressBookTest_addAddressBook_byClass_FAIL1_exception')">java.lang.NoClassDefFoundError: 
                     com/fasterxml/jackson/databind/JavaType
                     
                  </a>
                   
                  
               </td>
            </tr>
            <tr>
               <td colspan="4" class="detailsBox">
                  <div id="com.noon.iosapp.AddAddressBookTest_addAddressBook_byClass_FAIL1_details"
                       class="testMethodDetails">
                     <div>
                        <b>Name: </b>addAddressBook
                     </div>
                     <div>
                        <b>Signature: </b>addAddressBook()[pri:0, instance:com.noon.iosapp.AddAddressBookTest@eafc191]
                     </div>
                     <div>
                        <b>Start time: </b>16:01:05
                     </div>
                     <div>
                        <b>End time: </b>16:02:29
                     </div>
                     <div>
                        <b>Duration: </b>1m
                        25s
                        
                     </div>
                  </div>
               </td>
            </tr>
            <tr>
               <td colspan="4" class="detailsBox">
                  <div id="com.noon.iosapp.AddAddressBookTest_addAddressBook_byClass_FAIL1_exception"
                       class="testMethodDetails">
                     <pre style="padding: 5px; margin: 0;">java.lang.NoClassDefFoundError: com/fasterxml/jackson/databind/JavaType
                        	at services.AddressService.deleteAllAddresses(AddressService.java:27)
                        	at com.noon.iosapp.AddAddressBookTest.addAddressBook(AddAddressBookTest.java:67)
                        	at sun.reflect.NativeMethodAccessorImpl.invoke0(Native Method)
                        	at sun.reflect.NativeMethodAccessorImpl.invoke(NativeMethodAccessorImpl.java:62)
                        	at sun.reflect.DelegatingMethodAccessorImpl.invoke(DelegatingMethodAccessorImpl.java:43)
                        	at java.lang.reflect.Method.invoke(Method.java:498)
                        	at org.testng.internal.MethodInvocationHelper.invokeMethod(MethodInvocationHelper.java:85)
                        	at org.testng.internal.Invoker.invokeMethod(Invoker.java:639)
                        	at org.testng.internal.Invoker.invokeTestMethod(Invoker.java:816)
                        	at org.testng.internal.Invoker.invokeTestMethods(Invoker.java:1124)
                        	at org.testng.internal.TestMethodWorker.invokeTestMethods(TestMethodWorker.java:125)
                        	at org.testng.internal.TestMethodWorker.run(TestMethodWorker.java:108)
                        	at org.testng.TestRunner.privateRun(TestRunner.java:774)
                        	at org.testng.TestRunner.run(TestRunner.java:624)
                        	at org.testng.SuiteRunner.runTest(SuiteRunner.java:359)
                        	at org.testng.SuiteRunner.runSequentially(SuiteRunner.java:354)
                        	at org.testng.SuiteRunner.privateRun(SuiteRunner.java:312)
                        	at org.testng.SuiteRunner.run(SuiteRunner.java:261)
                        	at org.testng.SuiteRunnerWorker.runSuite(SuiteRunnerWorker.java:52)
                        	at org.testng.SuiteRunnerWorker.run(SuiteRunnerWorker.java:86)
                        	at org.testng.TestNG.runSuitesSequentially(TestNG.java:1215)
                        	at org.testng.TestNG.runSuitesLocally(TestNG.java:1140)
                        	at org.testng.TestNG.run(TestNG.java:1048)
                        	at org.testng.TestNG.privateMain(TestNG.java:1355)
                        	at org.testng.TestNG.main(TestNG.java:1324)
                        Caused by: java.lang.ClassNotFoundException: com.fasterxml.jackson.databind.JavaType
                        	at java.net.URLClassLoader.findClass(URLClassLoader.java:381)
                        	at java.lang.ClassLoader.loadClass(ClassLoader.java:424)
                        	at sun.misc.Launcher$AppClassLoader.loadClass(Launcher.java:331)
                        	at java.lang.ClassLoader.loadClass(ClassLoader.java:357)
                        	... 25 more
                     </pre>
                  </div>
               </td>
            </tr>
            <tr id="com.noon.iosapp.AddAddressBookTest_quit_byClass_PASS2_row"
                class="testMethodStatusPASS testMethodStatusCONF">
               <td width="100%" class="firstMethodCell">
                  <a onclick="toggleDetailsVisibility('com.noon.iosapp.AddAddressBookTest_quit_byClass_PASS2_details')">quit()</a>
               </td>
               <td nowrap="true">16:02:29</td>
               <td nowrap="true" align="right">439 ms
                  
               </td>
               <td nowrap="true">
                   
                  
               </td>
            </tr>
            <tr>
               <td colspan="4" class="detailsBox">
                  <div id="com.noon.iosapp.AddAddressBookTest_quit_byClass_PASS2_details"
                       class="testMethodDetails">
                     <div>
                        <b>Name: </b>quit
                     </div>
                     <div>
                        <b>Signature: </b>quit()[pri:0, instance:com.noon.iosapp.AddAddressBookTest@eafc191]
                     </div>
                     <div>
                        <b>Start time: </b>16:02:29
                     </div>
                     <div>
                        <b>End time: </b>16:02:30
                     </div>
                     <div>
                        <b>Duration: </b>439 ms
                        
                     </div>
                  </div>
               </td>
            </tr>
            <tr></tr>
         </table>
         <br></br>
         <table class="testMethodsTable" cellpadding="0" cellspacing="0">
            <tr>
               <td colspan="4">
                  <h3 style="display: inline;">com.noon.iosapp.AddAddressCheckoutTest</h3>
               </td>
            </tr>
            <tr class="methodsTableHeader">
               <td width="100%">Name</td>
               <td nowrap="true">Started</td>
               <td nowrap="true">Duration</td>
               <td>Exception</td>
            </tr>
            <tr id="com.noon.iosapp.AddAddressCheckoutTest_addToCart_byClass_FAIL1_row"
                class="testMethodStatusFAIL">
               <td width="100%" class="firstMethodCell">
                  <a onclick="toggleDetailsVisibility('com.noon.iosapp.AddAddressCheckoutTest_addToCart_byClass_FAIL1_details')">addToCart()</a>
               </td>
               <td nowrap="true">16:02:30</td>
               <td nowrap="true" align="right">49s
                  
               </td>
               <td nowrap="true">
                  <a onclick="toggleDetailsVisibility('com.noon.iosapp.AddAddressCheckoutTest_addToCart_byClass_FAIL1_exception')">org.openqa.selenium.NoSuchElementException: 
                     An element could not be located on the page using the given search parameters. (WARNING: The server did not provide any stacktrace
                     information)
                     Command duration or timeout: 1.29 seconds
                     For documentation on this error, please visit: http://seleniumhq.org/exceptions/no_such_element.html
                     Build info: version: '2.52.0', revision: '4c2593c', time: '2016-02-11 19:06:42'
                     System info: host: 'kartik.local', ip: '169.254.95.48', os.name: 'Mac OS X', os.arch: 'x86_64', os.version: '10.12.4', java.version:
                     '1.8.0_111'
                     Driver info: io.appium.java_client.ios.IOSDriver
                     Capabilities [{app=/Users/kartikbhatt/test-team/ios/POM_Noon/ipa/FastFish.ipa, networkConnectionEnabled=false, appiumVersion=1.6,
                     databaseEnabled=false, deviceName=iPhone 7, platform=MAC, pressKey=true, platformVersion=10.3, webStorageEnabled=false, locationContextEnabled=false,
                     automationName=XCUITest, browserName=, takesScreenshot=true, javascriptEnabled=true, platformName=iOS, udid=B7C3E4D4-C3EA-4DB0-A808-2ECEB73D8425}]
                     Session ID: 96d9c551-3045-447c-850d-bc6e77f93d79
                     *** Element info: {Using=xpath, value=//XCUIElementTypeStaticText[@name='Sign in with']}
                     
                  </a>
                   
                  
               </td>
            </tr>
            <tr>
               <td colspan="4" class="detailsBox">
                  <div id="com.noon.iosapp.AddAddressCheckoutTest_addToCart_byClass_FAIL1_details"
                       class="testMethodDetails">
                     <div>
                        <b>Name: </b>addToCart
                     </div>
                     <div>
                        <b>Signature: </b>addToCart()[pri:0, instance:com.noon.iosapp.AddAddressCheckoutTest@491cc5c9]
                     </div>
                     <div>
                        <b>Start time: </b>16:02:30
                     </div>
                     <div>
                        <b>End time: </b>16:03:19
                     </div>
                     <div>
                        <b>Duration: </b>49s
                        
                     </div>
                  </div>
               </td>
            </tr>
            <tr>
               <td colspan="4" class="detailsBox">
                  <div id="com.noon.iosapp.AddAddressCheckoutTest_addToCart_byClass_FAIL1_exception"
                       class="testMethodDetails">
                     <pre style="padding: 5px; margin: 0;">org.openqa.selenium.NoSuchElementException: An element could not be located on the page using the given search parameters.
                        (WARNING: The server did not provide any stacktrace information)
                        Command duration or timeout: 1.29 seconds
                        For documentation on this error, please visit: http://seleniumhq.org/exceptions/no_such_element.html
                        Build info: version: '2.52.0', revision: '4c2593c', time: '2016-02-11 19:06:42'
                        System info: host: 'kartik.local', ip: '169.254.95.48', os.name: 'Mac OS X', os.arch: 'x86_64', os.version: '10.12.4', java.version:
                        '1.8.0_111'
                        Driver info: io.appium.java_client.ios.IOSDriver
                        Capabilities [{app=/Users/kartikbhatt/test-team/ios/POM_Noon/ipa/FastFish.ipa, networkConnectionEnabled=false, appiumVersion=1.6,
                        databaseEnabled=false, deviceName=iPhone 7, platform=MAC, pressKey=true, platformVersion=10.3, webStorageEnabled=false, locationContextEnabled=false,
                        automationName=XCUITest, browserName=, takesScreenshot=true, javascriptEnabled=true, platformName=iOS, udid=B7C3E4D4-C3EA-4DB0-A808-2ECEB73D8425}]
                        Session ID: 96d9c551-3045-447c-850d-bc6e77f93d79
                        *** Element info: {Using=xpath, value=//XCUIElementTypeStaticText[@name='Sign in with']}
                        	at sun.reflect.NativeConstructorAccessorImpl.newInstance0(Native Method)
                        	at sun.reflect.NativeConstructorAccessorImpl.newInstance(NativeConstructorAccessorImpl.java:62)
                        	at sun.reflect.DelegatingConstructorAccessorImpl.newInstance(DelegatingConstructorAccessorImpl.java:45)
                        	at java.lang.reflect.Constructor.newInstance(Constructor.java:423)
                        	at org.openqa.selenium.remote.ErrorHandler.createThrowable(ErrorHandler.java:206)
                        	at org.openqa.selenium.remote.ErrorHandler.throwIfResponseFailed(ErrorHandler.java:158)
                        	at org.openqa.selenium.remote.RemoteWebDriver.execute(RemoteWebDriver.java:678)
                        	at io.appium.java_client.DefaultGenericMobileDriver.execute(DefaultGenericMobileDriver.java:51)
                        	at io.appium.java_client.AppiumDriver.execute(AppiumDriver.java:1)
                        	at io.appium.java_client.ios.IOSDriver.execute(IOSDriver.java:1)
                        	at org.openqa.selenium.remote.RemoteWebDriver.findElement(RemoteWebDriver.java:363)
                        	at io.appium.java_client.DefaultGenericMobileDriver.findElement(DefaultGenericMobileDriver.java:67)
                        	at io.appium.java_client.AppiumDriver.findElement(AppiumDriver.java:1)
                        	at io.appium.java_client.ios.IOSDriver.findElement(IOSDriver.java:1)
                        	at org.openqa.selenium.remote.RemoteWebDriver.findElementByXPath(RemoteWebDriver.java:500)
                        	at io.appium.java_client.DefaultGenericMobileDriver.findElementByXPath(DefaultGenericMobileDriver.java:145)
                        	at io.appium.java_client.AppiumDriver.findElementByXPath(AppiumDriver.java:1)
                        	at io.appium.java_client.ios.IOSDriver.findElementByXPath(IOSDriver.java:1)
                        	at org.openqa.selenium.By$ByXPath.findElement(By.java:361)
                        	at org.openqa.selenium.remote.RemoteWebDriver.findElement(RemoteWebDriver.java:355)
                        	at io.appium.java_client.DefaultGenericMobileDriver.findElement(DefaultGenericMobileDriver.java:63)
                        	at io.appium.java_client.AppiumDriver.findElement(AppiumDriver.java:1)
                        	at io.appium.java_client.ios.IOSDriver.findElement(IOSDriver.java:1)
                        	at com.noon.iosapp.pages.AddAddressPage.signinTab(AddAddressPage.java:95)
                        	at com.noon.iosapp.AddAddressCheckoutTest.addToCart(AddAddressCheckoutTest.java:57)
                        	at sun.reflect.NativeMethodAccessorImpl.invoke0(Native Method)
                        	at sun.reflect.NativeMethodAccessorImpl.invoke(NativeMethodAccessorImpl.java:62)
                        	at sun.reflect.DelegatingMethodAccessorImpl.invoke(DelegatingMethodAccessorImpl.java:43)
                        	at java.lang.reflect.Method.invoke(Method.java:498)
                        	at org.testng.internal.MethodInvocationHelper.invokeMethod(MethodInvocationHelper.java:85)
                        	at org.testng.internal.Invoker.invokeMethod(Invoker.java:639)
                        	at org.testng.internal.Invoker.invokeTestMethod(Invoker.java:816)
                        	at org.testng.internal.Invoker.invokeTestMethods(Invoker.java:1124)
                        	at org.testng.internal.TestMethodWorker.invokeTestMethods(TestMethodWorker.java:125)
                        	at org.testng.internal.TestMethodWorker.run(TestMethodWorker.java:108)
                        	at org.testng.TestRunner.privateRun(TestRunner.java:774)
                        	at org.testng.TestRunner.run(TestRunner.java:624)
                        	at org.testng.SuiteRunner.runTest(SuiteRunner.java:359)
                        	at org.testng.SuiteRunner.runSequentially(SuiteRunner.java:354)
                        	at org.testng.SuiteRunner.privateRun(SuiteRunner.java:312)
                        	at org.testng.SuiteRunner.run(SuiteRunner.java:261)
                        	at org.testng.SuiteRunnerWorker.runSuite(SuiteRunnerWorker.java:52)
                        	at org.testng.SuiteRunnerWorker.run(SuiteRunnerWorker.java:86)
                        	at org.testng.TestNG.runSuitesSequentially(TestNG.java:1215)
                        	at org.testng.TestNG.runSuitesLocally(TestNG.java:1140)
                        	at org.testng.TestNG.run(TestNG.java:1048)
                        	at org.testng.TestNG.privateMain(TestNG.java:1355)
                        	at org.testng.TestNG.main(TestNG.java:1324)
                     </pre>
                  </div>
               </td>
            </tr>
            <tr id="com.noon.iosapp.AddAddressCheckoutTest_quit_byClass_PASS2_row"
                class="testMethodStatusPASS testMethodStatusCONF">
               <td width="100%" class="firstMethodCell">
                  <a onclick="toggleDetailsVisibility('com.noon.iosapp.AddAddressCheckoutTest_quit_byClass_PASS2_details')">quit()</a>
               </td>
               <td nowrap="true">16:03:19</td>
               <td nowrap="true" align="right">442 ms
                  
               </td>
               <td nowrap="true">
                   
                  
               </td>
            </tr>
            <tr>
               <td colspan="4" class="detailsBox">
                  <div id="com.noon.iosapp.AddAddressCheckoutTest_quit_byClass_PASS2_details"
                       class="testMethodDetails">
                     <div>
                        <b>Name: </b>quit
                     </div>
                     <div>
                        <b>Signature: </b>quit()[pri:0, instance:com.noon.iosapp.AddAddressCheckoutTest@491cc5c9]
                     </div>
                     <div>
                        <b>Start time: </b>16:03:19
                     </div>
                     <div>
                        <b>End time: </b>16:03:20
                     </div>
                     <div>
                        <b>Duration: </b>442 ms
                        
                     </div>
                  </div>
               </td>
            </tr>
            <tr></tr>
         </table>
         <br></br>
         <table class="testMethodsTable" cellpadding="0" cellspacing="0">
            <tr>
               <td colspan="4">
                  <h3 style="display: inline;">com.noon.iosapp.AddCreditCardCheckoutTest</h3>
               </td>
            </tr>
            <tr class="methodsTableHeader">
               <td width="100%">Name</td>
               <td nowrap="true">Started</td>
               <td nowrap="true">Duration</td>
               <td>Exception</td>
            </tr>
            <tr id="com.noon.iosapp.AddCreditCardCheckoutTest_AddCreditCardCheckout_byClass_FAIL1_row"
                class="testMethodStatusFAIL">
               <td width="100%" class="firstMethodCell">
                  <a onclick="toggleDetailsVisibility('com.noon.iosapp.AddCreditCardCheckoutTest_AddCreditCardCheckout_byClass_FAIL1_details')">AddCreditCardCheckout()</a>
               </td>
               <td nowrap="true">16:05:48</td>
               <td nowrap="true" align="right">1m
                  17s
                  
               </td>
               <td nowrap="true">
                  <a onclick="toggleDetailsVisibility('com.noon.iosapp.AddCreditCardCheckoutTest_AddCreditCardCheckout_byClass_FAIL1_exception')">org.openqa.selenium.TimeoutException: 
                     Timed out after 10 seconds waiting for visibility of element located by By.xpath: //XCUIElementTypeStaticText[@name='Add new
                     address']
                     Build info: version: '2.52.0', revision: '4c2593c', time: '2016-02-11 19:06:42'
                     System info: host: 'kartik.local', ip: '169.254.95.48', os.name: 'Mac OS X', os.arch: 'x86_64', os.version: '10.12.4', java.version:
                     '1.8.0_111'
                     Driver info: io.appium.java_client.ios.IOSDriver
                     Capabilities [{app=/Users/kartikbhatt/test-team/ios/POM_Noon/ipa/FastFish.ipa, networkConnectionEnabled=false, appiumVersion=1.6,
                     databaseEnabled=false, deviceName=iPhone 7, platform=MAC, pressKey=true, platformVersion=10.3, webStorageEnabled=false, locationContextEnabled=false,
                     automationName=XCUITest, browserName=, takesScreenshot=true, javascriptEnabled=true, platformName=iOS, udid=B7C3E4D4-C3EA-4DB0-A808-2ECEB73D8425}]
                     Session ID: d0f77f26-9ed2-47cb-8dae-5b279dedc0fe
                     
                  </a>
                   
                  
               </td>
            </tr>
            <tr>
               <td colspan="4" class="detailsBox">
                  <div id="com.noon.iosapp.AddCreditCardCheckoutTest_AddCreditCardCheckout_byClass_FAIL1_details"
                       class="testMethodDetails">
                     <div>
                        <b>Name: </b>AddCreditCardCheckout
                     </div>
                     <div>
                        <b>Signature: </b>AddCreditCardCheckout()[pri:0, instance:com.noon.iosapp.AddCreditCardCheckoutTest@42eca56e]
                     </div>
                     <div>
                        <b>Start time: </b>16:05:48
                     </div>
                     <div>
                        <b>End time: </b>16:07:05
                     </div>
                     <div>
                        <b>Duration: </b>1m
                        17s
                        
                     </div>
                  </div>
               </td>
            </tr>
            <tr>
               <td colspan="4" class="detailsBox">
                  <div id="com.noon.iosapp.AddCreditCardCheckoutTest_AddCreditCardCheckout_byClass_FAIL1_exception"
                       class="testMethodDetails">
                     <pre style="padding: 5px; margin: 0;">org.openqa.selenium.TimeoutException: Timed out after 10 seconds waiting for visibility of element located by By.xpath: //XCUIElementTypeStaticText[@name='Add
                        new address']
                        Build info: version: '2.52.0', revision: '4c2593c', time: '2016-02-11 19:06:42'
                        System info: host: 'kartik.local', ip: '169.254.95.48', os.name: 'Mac OS X', os.arch: 'x86_64', os.version: '10.12.4', java.version:
                        '1.8.0_111'
                        Driver info: io.appium.java_client.ios.IOSDriver
                        Capabilities [{app=/Users/kartikbhatt/test-team/ios/POM_Noon/ipa/FastFish.ipa, networkConnectionEnabled=false, appiumVersion=1.6,
                        databaseEnabled=false, deviceName=iPhone 7, platform=MAC, pressKey=true, platformVersion=10.3, webStorageEnabled=false, locationContextEnabled=false,
                        automationName=XCUITest, browserName=, takesScreenshot=true, javascriptEnabled=true, platformName=iOS, udid=B7C3E4D4-C3EA-4DB0-A808-2ECEB73D8425}]
                        Session ID: d0f77f26-9ed2-47cb-8dae-5b279dedc0fe
                        	at org.openqa.selenium.support.ui.WebDriverWait.timeoutException(WebDriverWait.java:80)
                        	at org.openqa.selenium.support.ui.FluentWait.until(FluentWait.java:261)
                        	at com.noon.iosapp.pages.AddAddressPage.weDeliverText(AddAddressPage.java:110)
                        	at com.noon.iosapp.AddCreditCardCheckoutTest.AddCreditCardCheckout(AddCreditCardCheckoutTest.java:73)
                        	at sun.reflect.NativeMethodAccessorImpl.invoke0(Native Method)
                        	at sun.reflect.NativeMethodAccessorImpl.invoke(NativeMethodAccessorImpl.java:62)
                        	at sun.reflect.DelegatingMethodAccessorImpl.invoke(DelegatingMethodAccessorImpl.java:43)
                        	at java.lang.reflect.Method.invoke(Method.java:498)
                        	at org.testng.internal.MethodInvocationHelper.invokeMethod(MethodInvocationHelper.java:85)
                        	at org.testng.internal.Invoker.invokeMethod(Invoker.java:639)
                        	at org.testng.internal.Invoker.invokeTestMethod(Invoker.java:816)
                        	at org.testng.internal.Invoker.invokeTestMethods(Invoker.java:1124)
                        	at org.testng.internal.TestMethodWorker.invokeTestMethods(TestMethodWorker.java:125)
                        	at org.testng.internal.TestMethodWorker.run(TestMethodWorker.java:108)
                        	at org.testng.TestRunner.privateRun(TestRunner.java:774)
                        	at org.testng.TestRunner.run(TestRunner.java:624)
                        	at org.testng.SuiteRunner.runTest(SuiteRunner.java:359)
                        	at org.testng.SuiteRunner.runSequentially(SuiteRunner.java:354)
                        	at org.testng.SuiteRunner.privateRun(SuiteRunner.java:312)
                        	at org.testng.SuiteRunner.run(SuiteRunner.java:261)
                        	at org.testng.SuiteRunnerWorker.runSuite(SuiteRunnerWorker.java:52)
                        	at org.testng.SuiteRunnerWorker.run(SuiteRunnerWorker.java:86)
                        	at org.testng.TestNG.runSuitesSequentially(TestNG.java:1215)
                        	at org.testng.TestNG.runSuitesLocally(TestNG.java:1140)
                        	at org.testng.TestNG.run(TestNG.java:1048)
                        	at org.testng.TestNG.privateMain(TestNG.java:1355)
                        	at org.testng.TestNG.main(TestNG.java:1324)
                        Caused by: org.openqa.selenium.NoSuchElementException: An element could not be located on the page using the given search
                        parameters. (WARNING: The server did not provide any stacktrace information)
                        Command duration or timeout: 1.28 seconds
                        For documentation on this error, please visit: http://seleniumhq.org/exceptions/no_such_element.html
                        Build info: version: '2.52.0', revision: '4c2593c', time: '2016-02-11 19:06:42'
                        System info: host: 'kartik.local', ip: '169.254.95.48', os.name: 'Mac OS X', os.arch: 'x86_64', os.version: '10.12.4', java.version:
                        '1.8.0_111'
                        Driver info: io.appium.java_client.ios.IOSDriver
                        Capabilities [{app=/Users/kartikbhatt/test-team/ios/POM_Noon/ipa/FastFish.ipa, networkConnectionEnabled=false, appiumVersion=1.6,
                        databaseEnabled=false, deviceName=iPhone 7, platform=MAC, pressKey=true, platformVersion=10.3, webStorageEnabled=false, locationContextEnabled=false,
                        automationName=XCUITest, browserName=, takesScreenshot=true, javascriptEnabled=true, platformName=iOS, udid=B7C3E4D4-C3EA-4DB0-A808-2ECEB73D8425}]
                        Session ID: d0f77f26-9ed2-47cb-8dae-5b279dedc0fe
                        *** Element info: {Using=xpath, value=//XCUIElementTypeStaticText[@name='Add new address']}
                        	at sun.reflect.NativeConstructorAccessorImpl.newInstance0(Native Method)
                        	at sun.reflect.NativeConstructorAccessorImpl.newInstance(NativeConstructorAccessorImpl.java:62)
                        	at sun.reflect.DelegatingConstructorAccessorImpl.newInstance(DelegatingConstructorAccessorImpl.java:45)
                        	at java.lang.reflect.Constructor.newInstance(Constructor.java:423)
                        	at org.openqa.selenium.remote.ErrorHandler.createThrowable(ErrorHandler.java:206)
                        	at org.openqa.selenium.remote.ErrorHandler.throwIfResponseFailed(ErrorHandler.java:158)
                        	at org.openqa.selenium.remote.RemoteWebDriver.execute(RemoteWebDriver.java:678)
                        	at io.appium.java_client.DefaultGenericMobileDriver.execute(DefaultGenericMobileDriver.java:51)
                        	at io.appium.java_client.AppiumDriver.execute(AppiumDriver.java:1)
                        	at io.appium.java_client.ios.IOSDriver.execute(IOSDriver.java:1)
                        	at org.openqa.selenium.remote.RemoteWebDriver.findElement(RemoteWebDriver.java:363)
                        	at io.appium.java_client.DefaultGenericMobileDriver.findElement(DefaultGenericMobileDriver.java:67)
                        	at io.appium.java_client.AppiumDriver.findElement(AppiumDriver.java:1)
                        	at io.appium.java_client.ios.IOSDriver.findElement(IOSDriver.java:1)
                        	at org.openqa.selenium.remote.RemoteWebDriver.findElementByXPath(RemoteWebDriver.java:500)
                        	at io.appium.java_client.DefaultGenericMobileDriver.findElementByXPath(DefaultGenericMobileDriver.java:145)
                        	at io.appium.java_client.AppiumDriver.findElementByXPath(AppiumDriver.java:1)
                        	at io.appium.java_client.ios.IOSDriver.findElementByXPath(IOSDriver.java:1)
                        	at org.openqa.selenium.By$ByXPath.findElement(By.java:361)
                        	at org.openqa.selenium.remote.RemoteWebDriver.findElement(RemoteWebDriver.java:355)
                        	at io.appium.java_client.DefaultGenericMobileDriver.findElement(DefaultGenericMobileDriver.java:63)
                        	at io.appium.java_client.AppiumDriver.findElement(AppiumDriver.java:1)
                        	at io.appium.java_client.ios.IOSDriver.findElement(IOSDriver.java:1)
                        	at org.openqa.selenium.support.ui.ExpectedConditions.findElement(ExpectedConditions.java:911)
                        	at org.openqa.selenium.support.ui.ExpectedConditions.access$0(ExpectedConditions.java:909)
                        	at org.openqa.selenium.support.ui.ExpectedConditions$7.apply(ExpectedConditions.java:205)
                        	at org.openqa.selenium.support.ui.ExpectedConditions$7.apply(ExpectedConditions.java:1)
                        	at org.openqa.selenium.support.ui.FluentWait.until(FluentWait.java:238)
                        	... 25 more
                     </pre>
                  </div>
               </td>
            </tr>
            <tr id="com.noon.iosapp.AddCreditCardCheckoutTest_quit_byClass_PASS2_row"
                class="testMethodStatusPASS testMethodStatusCONF">
               <td width="100%" class="firstMethodCell">
                  <a onclick="toggleDetailsVisibility('com.noon.iosapp.AddCreditCardCheckoutTest_quit_byClass_PASS2_details')">quit()</a>
               </td>
               <td nowrap="true">16:07:05</td>
               <td nowrap="true" align="right">431 ms
                  
               </td>
               <td nowrap="true">
                   
                  
               </td>
            </tr>
            <tr>
               <td colspan="4" class="detailsBox">
                  <div id="com.noon.iosapp.AddCreditCardCheckoutTest_quit_byClass_PASS2_details"
                       class="testMethodDetails">
                     <div>
                        <b>Name: </b>quit
                     </div>
                     <div>
                        <b>Signature: </b>quit()[pri:0, instance:com.noon.iosapp.AddCreditCardCheckoutTest@42eca56e]
                     </div>
                     <div>
                        <b>Start time: </b>16:07:05
                     </div>
                     <div>
                        <b>End time: </b>16:07:05
                     </div>
                     <div>
                        <b>Duration: </b>431 ms
                        
                     </div>
                  </div>
               </td>
            </tr>
            <tr></tr>
         </table>
         <br></br>
         <table class="testMethodsTable" cellpadding="0" cellspacing="0">
            <tr>
               <td colspan="4">
                  <h3 style="display: inline;">com.noon.iosapp.AddCreditCardWalletTest</h3>
               </td>
            </tr>
            <tr class="methodsTableHeader">
               <td width="100%">Name</td>
               <td nowrap="true">Started</td>
               <td nowrap="true">Duration</td>
               <td>Exception</td>
            </tr>
            <tr id="com.noon.iosapp.AddCreditCardWalletTest_addCreditCardWallet_byClass_PASS1_row"
                class="testMethodStatusPASS">
               <td width="100%" class="firstMethodCell">
                  <a onclick="toggleDetailsVisibility('com.noon.iosapp.AddCreditCardWalletTest_addCreditCardWallet_byClass_PASS1_details')">addCreditCardWallet()</a>
               </td>
               <td nowrap="true">16:03:20</td>
               <td nowrap="true" align="right">2m
                  28s
                  
               </td>
               <td nowrap="true">
                   
                  
               </td>
            </tr>
            <tr>
               <td colspan="4" class="detailsBox">
                  <div id="com.noon.iosapp.AddCreditCardWalletTest_addCreditCardWallet_byClass_PASS1_details"
                       class="testMethodDetails">
                     <div>
                        <b>Name: </b>addCreditCardWallet
                     </div>
                     <div>
                        <b>Signature: </b>addCreditCardWallet()[pri:0, instance:com.noon.iosapp.AddCreditCardWalletTest@66d1af89]
                     </div>
                     <div>
                        <b>Start time: </b>16:03:20
                     </div>
                     <div>
                        <b>End time: </b>16:05:48
                     </div>
                     <div>
                        <b>Duration: </b>2m
                        28s
                        
                     </div>
                  </div>
               </td>
            </tr>
            <tr></tr>
            <tr id="com.noon.iosapp.AddCreditCardWalletTest_quit_byClass_PASS2_row"
                class="testMethodStatusPASS testMethodStatusCONF">
               <td width="100%" class="firstMethodCell">
                  <a onclick="toggleDetailsVisibility('com.noon.iosapp.AddCreditCardWalletTest_quit_byClass_PASS2_details')">quit()</a>
               </td>
               <td nowrap="true">16:05:48</td>
               <td nowrap="true" align="right">457 ms
                  
               </td>
               <td nowrap="true">
                   
                  
               </td>
            </tr>
            <tr>
               <td colspan="4" class="detailsBox">
                  <div id="com.noon.iosapp.AddCreditCardWalletTest_quit_byClass_PASS2_details"
                       class="testMethodDetails">
                     <div>
                        <b>Name: </b>quit
                     </div>
                     <div>
                        <b>Signature: </b>quit()[pri:0, instance:com.noon.iosapp.AddCreditCardWalletTest@66d1af89]
                     </div>
                     <div>
                        <b>Start time: </b>16:05:48
                     </div>
                     <div>
                        <b>End time: </b>16:05:48
                     </div>
                     <div>
                        <b>Duration: </b>457 ms
                        
                     </div>
                  </div>
               </td>
            </tr>
            <tr></tr>
         </table>
         <br></br>
         <table class="testMethodsTable" cellpadding="0" cellspacing="0">
            <tr>
               <td colspan="4">
                  <h3 style="display: inline;">com.noon.iosapp.AddToCartTest</h3>
               </td>
            </tr>
            <tr class="methodsTableHeader">
               <td width="100%">Name</td>
               <td nowrap="true">Started</td>
               <td nowrap="true">Duration</td>
               <td>Exception</td>
            </tr>
            <tr id="com.noon.iosapp.AddToCartTest_addToCart_byClass_PASS1_row"
                class="testMethodStatusPASS">
               <td width="100%" class="firstMethodCell">
                  <a onclick="toggleDetailsVisibility('com.noon.iosapp.AddToCartTest_addToCart_byClass_PASS1_details')">addToCart()</a>
               </td>
               <td nowrap="true">15:58:43</td>
               <td nowrap="true" align="right">48s
                  
               </td>
               <td nowrap="true">
                   
                  
               </td>
            </tr>
            <tr>
               <td colspan="4" class="detailsBox">
                  <div id="com.noon.iosapp.AddToCartTest_addToCart_byClass_PASS1_details"
                       class="testMethodDetails">
                     <div>
                        <b>Name: </b>addToCart
                     </div>
                     <div>
                        <b>Signature: </b>addToCart()[pri:0, instance:com.noon.iosapp.AddToCartTest@46daef40]
                     </div>
                     <div>
                        <b>Start time: </b>15:58:43
                     </div>
                     <div>
                        <b>End time: </b>15:59:31
                     </div>
                     <div>
                        <b>Duration: </b>48s
                        
                     </div>
                  </div>
               </td>
            </tr>
            <tr></tr>
            <tr id="com.noon.iosapp.AddToCartTest_quit_byClass_PASS2_row"
                class="testMethodStatusPASS testMethodStatusCONF">
               <td width="100%" class="firstMethodCell">
                  <a onclick="toggleDetailsVisibility('com.noon.iosapp.AddToCartTest_quit_byClass_PASS2_details')">quit()</a>
               </td>
               <td nowrap="true">15:59:31</td>
               <td nowrap="true" align="right">455 ms
                  
               </td>
               <td nowrap="true">
                   
                  
               </td>
            </tr>
            <tr>
               <td colspan="4" class="detailsBox">
                  <div id="com.noon.iosapp.AddToCartTest_quit_byClass_PASS2_details"
                       class="testMethodDetails">
                     <div>
                        <b>Name: </b>quit
                     </div>
                     <div>
                        <b>Signature: </b>quit()[pri:0, instance:com.noon.iosapp.AddToCartTest@46daef40]
                     </div>
                     <div>
                        <b>Start time: </b>15:59:31
                     </div>
                     <div>
                        <b>End time: </b>15:59:31
                     </div>
                     <div>
                        <b>Duration: </b>455 ms
                        
                     </div>
                  </div>
               </td>
            </tr>
            <tr></tr>
         </table>
         <br></br>
         <table class="testMethodsTable" cellpadding="0" cellspacing="0">
            <tr>
               <td colspan="4">
                  <h3 style="display: inline;">com.noon.iosapp.BuyNowTest</h3>
               </td>
            </tr>
            <tr class="methodsTableHeader">
               <td width="100%">Name</td>
               <td nowrap="true">Started</td>
               <td nowrap="true">Duration</td>
               <td>Exception</td>
            </tr>
            <tr id="com.noon.iosapp.BuyNowTest_buyNowItems_byClass_PASS1_row"
                class="testMethodStatusPASS">
               <td width="100%" class="firstMethodCell">
                  <a onclick="toggleDetailsVisibility('com.noon.iosapp.BuyNowTest_buyNowItems_byClass_PASS1_details')">buyNowItems()</a>
               </td>
               <td nowrap="true">15:59:31</td>
               <td nowrap="true" align="right">47s
                  
               </td>
               <td nowrap="true">
                   
                  
               </td>
            </tr>
            <tr>
               <td colspan="4" class="detailsBox">
                  <div id="com.noon.iosapp.BuyNowTest_buyNowItems_byClass_PASS1_details"
                       class="testMethodDetails">
                     <div>
                        <b>Name: </b>buyNowItems
                     </div>
                     <div>
                        <b>Signature: </b>buyNowItems()[pri:0, instance:com.noon.iosapp.BuyNowTest@7a3d45bd]
                     </div>
                     <div>
                        <b>Start time: </b>15:59:31
                     </div>
                     <div>
                        <b>End time: </b>16:00:18
                     </div>
                     <div>
                        <b>Duration: </b>47s
                        
                     </div>
                  </div>
               </td>
            </tr>
            <tr></tr>
            <tr id="com.noon.iosapp.BuyNowTest_quit_byClass_PASS2_row"
                class="testMethodStatusPASS testMethodStatusCONF">
               <td width="100%" class="firstMethodCell">
                  <a onclick="toggleDetailsVisibility('com.noon.iosapp.BuyNowTest_quit_byClass_PASS2_details')">quit()</a>
               </td>
               <td nowrap="true">16:00:18</td>
               <td nowrap="true" align="right">441 ms
                  
               </td>
               <td nowrap="true">
                   
                  
               </td>
            </tr>
            <tr>
               <td colspan="4" class="detailsBox">
                  <div id="com.noon.iosapp.BuyNowTest_quit_byClass_PASS2_details"
                       class="testMethodDetails">
                     <div>
                        <b>Name: </b>quit
                     </div>
                     <div>
                        <b>Signature: </b>quit()[pri:0, instance:com.noon.iosapp.BuyNowTest@7a3d45bd]
                     </div>
                     <div>
                        <b>Start time: </b>16:00:18
                     </div>
                     <div>
                        <b>End time: </b>16:00:18
                     </div>
                     <div>
                        <b>Duration: </b>441 ms
                        
                     </div>
                  </div>
               </td>
            </tr>
            <tr></tr>
         </table>
         <br></br>
         <table class="testMethodsTable" cellpadding="0" cellspacing="0">
            <tr>
               <td colspan="4">
                  <h3 style="display: inline;">com.noon.iosapp.EditCartTest</h3>
               </td>
            </tr>
            <tr class="methodsTableHeader">
               <td width="100%">Name</td>
               <td nowrap="true">Started</td>
               <td nowrap="true">Duration</td>
               <td>Exception</td>
            </tr>
            <tr id="com.noon.iosapp.EditCartTest_editCartItems_byClass_PASS1_row"
                class="testMethodStatusPASS">
               <td width="100%" class="firstMethodCell">
                  <a onclick="toggleDetailsVisibility('com.noon.iosapp.EditCartTest_editCartItems_byClass_PASS1_details')">editCartItems()</a>
               </td>
               <td nowrap="true">16:00:19</td>
               <td nowrap="true" align="right">46s
                  
               </td>
               <td nowrap="true">
                   
                  
               </td>
            </tr>
            <tr>
               <td colspan="4" class="detailsBox">
                  <div id="com.noon.iosapp.EditCartTest_editCartItems_byClass_PASS1_details"
                       class="testMethodDetails">
                     <div>
                        <b>Name: </b>editCartItems
                     </div>
                     <div>
                        <b>Signature: </b>editCartItems()[pri:0, instance:com.noon.iosapp.EditCartTest@3aeaafa6]
                     </div>
                     <div>
                        <b>Start time: </b>16:00:19
                     </div>
                     <div>
                        <b>End time: </b>16:01:04
                     </div>
                     <div>
                        <b>Duration: </b>46s
                        
                     </div>
                  </div>
               </td>
            </tr>
            <tr></tr>
            <tr id="com.noon.iosapp.EditCartTest_quit_byClass_PASS2_row"
                class="testMethodStatusPASS testMethodStatusCONF">
               <td width="100%" class="firstMethodCell">
                  <a onclick="toggleDetailsVisibility('com.noon.iosapp.EditCartTest_quit_byClass_PASS2_details')">quit()</a>
               </td>
               <td nowrap="true">16:01:04</td>
               <td nowrap="true" align="right">457 ms
                  
               </td>
               <td nowrap="true">
                   
                  
               </td>
            </tr>
            <tr>
               <td colspan="4" class="detailsBox">
                  <div id="com.noon.iosapp.EditCartTest_quit_byClass_PASS2_details"
                       class="testMethodDetails">
                     <div>
                        <b>Name: </b>quit
                     </div>
                     <div>
                        <b>Signature: </b>quit()[pri:0, instance:com.noon.iosapp.EditCartTest@3aeaafa6]
                     </div>
                     <div>
                        <b>Start time: </b>16:01:04
                     </div>
                     <div>
                        <b>End time: </b>16:01:05
                     </div>
                     <div>
                        <b>Duration: </b>457 ms
                        
                     </div>
                  </div>
               </td>
            </tr>
            <tr></tr>
         </table>
         <br></br>
         <table class="testMethodsTable" cellpadding="0" cellspacing="0">
            <tr>
               <td colspan="4">
                  <h3 style="display: inline;">com.noon.iosapp.LocalizationTest</h3>
               </td>
            </tr>
            <tr class="methodsTableHeader">
               <td width="100%">Name</td>
               <td nowrap="true">Started</td>
               <td nowrap="true">Duration</td>
               <td>Exception</td>
            </tr>
            <tr id="com.noon.iosapp.LocalizationTest_prodcutDetails_byClass_PASS1_row"
                class="testMethodStatusPASS">
               <td width="100%" class="firstMethodCell">
                  <a onclick="toggleDetailsVisibility('com.noon.iosapp.LocalizationTest_prodcutDetails_byClass_PASS1_details')">prodcutDetails()</a>
               </td>
               <td nowrap="true">15:50:06</td>
               <td nowrap="true" align="right">30s
                  
               </td>
               <td nowrap="true">
                   
                  
               </td>
            </tr>
            <tr>
               <td colspan="4" class="detailsBox">
                  <div id="com.noon.iosapp.LocalizationTest_prodcutDetails_byClass_PASS1_details"
                       class="testMethodDetails">
                     <div>
                        <b>Name: </b>prodcutDetails
                     </div>
                     <div>
                        <b>Signature: </b>prodcutDetails()[pri:0, instance:com.noon.iosapp.LocalizationTest@1a8a8f7c]
                     </div>
                     <div>
                        <b>Start time: </b>15:50:06
                     </div>
                     <div>
                        <b>End time: </b>15:50:35
                     </div>
                     <div>
                        <b>Duration: </b>30s
                        
                     </div>
                  </div>
               </td>
            </tr>
            <tr></tr>
            <tr id="com.noon.iosapp.LocalizationTest_quit_byClass_PASS2_row"
                class="testMethodStatusPASS testMethodStatusCONF">
               <td width="100%" class="firstMethodCell">
                  <a onclick="toggleDetailsVisibility('com.noon.iosapp.LocalizationTest_quit_byClass_PASS2_details')">quit()</a>
               </td>
               <td nowrap="true">15:50:35</td>
               <td nowrap="true" align="right">410 ms
                  
               </td>
               <td nowrap="true">
                   
                  
               </td>
            </tr>
            <tr>
               <td colspan="4" class="detailsBox">
                  <div id="com.noon.iosapp.LocalizationTest_quit_byClass_PASS2_details"
                       class="testMethodDetails">
                     <div>
                        <b>Name: </b>quit
                     </div>
                     <div>
                        <b>Signature: </b>quit()[pri:0, instance:com.noon.iosapp.LocalizationTest@1a8a8f7c]
                     </div>
                     <div>
                        <b>Start time: </b>15:50:35
                     </div>
                     <div>
                        <b>End time: </b>15:50:36
                     </div>
                     <div>
                        <b>Duration: </b>410 ms
                        
                     </div>
                  </div>
               </td>
            </tr>
            <tr></tr>
         </table>
         <br></br>
         <table class="testMethodsTable" cellpadding="0" cellspacing="0">
            <tr>
               <td colspan="4">
                  <h3 style="display: inline;">com.noon.iosapp.LoginByEmailTest</h3>
               </td>
            </tr>
            <tr class="methodsTableHeader">
               <td width="100%">Name</td>
               <td nowrap="true">Started</td>
               <td nowrap="true">Duration</td>
               <td>Exception</td>
            </tr>
            <tr id="com.noon.iosapp.LoginByEmailTest_loginByEmail_byClass_PASS1_row"
                class="testMethodStatusPASS">
               <td width="100%" class="firstMethodCell">
                  <a onclick="toggleDetailsVisibility('com.noon.iosapp.LoginByEmailTest_loginByEmail_byClass_PASS1_details')">loginByEmail()</a>
               </td>
               <td nowrap="true">15:57:31</td>
               <td nowrap="true" align="right">1m
                  11s
                  
               </td>
               <td nowrap="true">
                   
                  
               </td>
            </tr>
            <tr>
               <td colspan="4" class="detailsBox">
                  <div id="com.noon.iosapp.LoginByEmailTest_loginByEmail_byClass_PASS1_details"
                       class="testMethodDetails">
                     <div>
                        <b>Name: </b>loginByEmail
                     </div>
                     <div>
                        <b>Signature: </b>loginByEmail()[pri:0, instance:com.noon.iosapp.LoginByEmailTest@5bcea91b]
                     </div>
                     <div>
                        <b>Start time: </b>15:57:31
                     </div>
                     <div>
                        <b>End time: </b>15:58:42
                     </div>
                     <div>
                        <b>Duration: </b>1m
                        11s
                        
                     </div>
                  </div>
               </td>
            </tr>
            <tr></tr>
            <tr id="com.noon.iosapp.LoginByEmailTest_quit_byClass_PASS2_row"
                class="testMethodStatusPASS testMethodStatusCONF">
               <td width="100%" class="firstMethodCell">
                  <a onclick="toggleDetailsVisibility('com.noon.iosapp.LoginByEmailTest_quit_byClass_PASS2_details')">quit()</a>
               </td>
               <td nowrap="true">15:58:42</td>
               <td nowrap="true" align="right">468 ms
                  
               </td>
               <td nowrap="true">
                   
                  
               </td>
            </tr>
            <tr>
               <td colspan="4" class="detailsBox">
                  <div id="com.noon.iosapp.LoginByEmailTest_quit_byClass_PASS2_details"
                       class="testMethodDetails">
                     <div>
                        <b>Name: </b>quit
                     </div>
                     <div>
                        <b>Signature: </b>quit()[pri:0, instance:com.noon.iosapp.LoginByEmailTest@5bcea91b]
                     </div>
                     <div>
                        <b>Start time: </b>15:58:42
                     </div>
                     <div>
                        <b>End time: </b>15:58:43
                     </div>
                     <div>
                        <b>Duration: </b>468 ms
                        
                     </div>
                  </div>
               </td>
            </tr>
            <tr></tr>
         </table>
         <br></br>
         <table class="testMethodsTable" cellpadding="0" cellspacing="0">
            <tr>
               <td colspan="4">
                  <h3 style="display: inline;">com.noon.iosapp.LoginByPhoneTest</h3>
               </td>
            </tr>
            <tr class="methodsTableHeader">
               <td width="100%">Name</td>
               <td nowrap="true">Started</td>
               <td nowrap="true">Duration</td>
               <td>Exception</td>
            </tr>
            <tr id="com.noon.iosapp.LoginByPhoneTest_loginByPhone_byClass_PASS1_row"
                class="testMethodStatusPASS">
               <td width="100%" class="firstMethodCell">
                  <a onclick="toggleDetailsVisibility('com.noon.iosapp.LoginByPhoneTest_loginByPhone_byClass_PASS1_details')">loginByPhone()</a>
               </td>
               <td nowrap="true">15:54:07</td>
               <td nowrap="true" align="right">3m
                  24s
                  
               </td>
               <td nowrap="true">
                   
                  
               </td>
            </tr>
            <tr>
               <td colspan="4" class="detailsBox">
                  <div id="com.noon.iosapp.LoginByPhoneTest_loginByPhone_byClass_PASS1_details"
                       class="testMethodDetails">
                     <div>
                        <b>Name: </b>loginByPhone
                     </div>
                     <div>
                        <b>Signature: </b>loginByPhone()[pri:0, instance:com.noon.iosapp.LoginByPhoneTest@45820e51]
                     </div>
                     <div>
                        <b>Start time: </b>15:54:07
                     </div>
                     <div>
                        <b>End time: </b>15:57:30
                     </div>
                     <div>
                        <b>Duration: </b>3m
                        24s
                        
                     </div>
                  </div>
               </td>
            </tr>
            <tr></tr>
            <tr id="com.noon.iosapp.LoginByPhoneTest_quit_byClass_PASS2_row"
                class="testMethodStatusPASS testMethodStatusCONF">
               <td width="100%" class="firstMethodCell">
                  <a onclick="toggleDetailsVisibility('com.noon.iosapp.LoginByPhoneTest_quit_byClass_PASS2_details')">quit()</a>
               </td>
               <td nowrap="true">15:57:30</td>
               <td nowrap="true" align="right">478 ms
                  
               </td>
               <td nowrap="true">
                   
                  
               </td>
            </tr>
            <tr>
               <td colspan="4" class="detailsBox">
                  <div id="com.noon.iosapp.LoginByPhoneTest_quit_byClass_PASS2_details"
                       class="testMethodDetails">
                     <div>
                        <b>Name: </b>quit
                     </div>
                     <div>
                        <b>Signature: </b>quit()[pri:0, instance:com.noon.iosapp.LoginByPhoneTest@45820e51]
                     </div>
                     <div>
                        <b>Start time: </b>15:57:30
                     </div>
                     <div>
                        <b>End time: </b>15:57:31
                     </div>
                     <div>
                        <b>Duration: </b>478 ms
                        
                     </div>
                  </div>
               </td>
            </tr>
            <tr></tr>
         </table>
         <br></br>
         <table class="testMethodsTable" cellpadding="0" cellspacing="0">
            <tr>
               <td colspan="4">
                  <h3 style="display: inline;">com.noon.iosapp.PayWithCODTest</h3>
               </td>
            </tr>
            <tr class="methodsTableHeader">
               <td width="100%">Name</td>
               <td nowrap="true">Started</td>
               <td nowrap="true">Duration</td>
               <td>Exception</td>
            </tr>
            <tr id="com.noon.iosapp.PayWithCODTest_payWithCODCard_byClass_FAIL1_row"
                class="testMethodStatusFAIL">
               <td width="100%" class="firstMethodCell">
                  <a onclick="toggleDetailsVisibility('com.noon.iosapp.PayWithCODTest_payWithCODCard_byClass_FAIL1_details')">payWithCODCard()</a>
               </td>
               <td nowrap="true">16:07:05</td>
               <td nowrap="true" align="right">55s
                  
               </td>
               <td nowrap="true">
                  <a onclick="toggleDetailsVisibility('com.noon.iosapp.PayWithCODTest_payWithCODCard_byClass_FAIL1_exception')">org.openqa.selenium.TimeoutException: 
                     Timed out after 10 seconds waiting for visibility of element located by By.xpath: //XCUIElementTypeCell[2]/XCUIElementTypeButton[1]
                     Build info: version: '2.52.0', revision: '4c2593c', time: '2016-02-11 19:06:42'
                     System info: host: 'kartik.local', ip: '169.254.95.48', os.name: 'Mac OS X', os.arch: 'x86_64', os.version: '10.12.4', java.version:
                     '1.8.0_111'
                     Driver info: io.appium.java_client.ios.IOSDriver
                     Capabilities [{app=/Users/kartikbhatt/test-team/ios/POM_Noon/ipa/FastFish.ipa, networkConnectionEnabled=false, appiumVersion=1.6,
                     databaseEnabled=false, deviceName=iPhone 7, platform=MAC, pressKey=true, platformVersion=10.3, webStorageEnabled=false, locationContextEnabled=false,
                     automationName=XCUITest, browserName=, takesScreenshot=true, javascriptEnabled=true, platformName=iOS, udid=B7C3E4D4-C3EA-4DB0-A808-2ECEB73D8425}]
                     Session ID: c65e42ff-ce1f-4678-8797-134713134fba
                     
                  </a>
                   
                  
               </td>
            </tr>
            <tr>
               <td colspan="4" class="detailsBox">
                  <div id="com.noon.iosapp.PayWithCODTest_payWithCODCard_byClass_FAIL1_details"
                       class="testMethodDetails">
                     <div>
                        <b>Name: </b>payWithCODCard
                     </div>
                     <div>
                        <b>Signature: </b>payWithCODCard()[pri:0, instance:com.noon.iosapp.PayWithCODTest@33723e30]
                     </div>
                     <div>
                        <b>Start time: </b>16:07:05
                     </div>
                     <div>
                        <b>End time: </b>16:08:01
                     </div>
                     <div>
                        <b>Duration: </b>55s
                        
                     </div>
                  </div>
               </td>
            </tr>
            <tr>
               <td colspan="4" class="detailsBox">
                  <div id="com.noon.iosapp.PayWithCODTest_payWithCODCard_byClass_FAIL1_exception"
                       class="testMethodDetails">
                     <pre style="padding: 5px; margin: 0;">org.openqa.selenium.TimeoutException: Timed out after 10 seconds waiting for visibility of element located by By.xpath: //XCUIElementTypeCell[2]/XCUIElementTypeButton[1]
                        Build info: version: '2.52.0', revision: '4c2593c', time: '2016-02-11 19:06:42'
                        System info: host: 'kartik.local', ip: '169.254.95.48', os.name: 'Mac OS X', os.arch: 'x86_64', os.version: '10.12.4', java.version:
                        '1.8.0_111'
                        Driver info: io.appium.java_client.ios.IOSDriver
                        Capabilities [{app=/Users/kartikbhatt/test-team/ios/POM_Noon/ipa/FastFish.ipa, networkConnectionEnabled=false, appiumVersion=1.6,
                        databaseEnabled=false, deviceName=iPhone 7, platform=MAC, pressKey=true, platformVersion=10.3, webStorageEnabled=false, locationContextEnabled=false,
                        automationName=XCUITest, browserName=, takesScreenshot=true, javascriptEnabled=true, platformName=iOS, udid=B7C3E4D4-C3EA-4DB0-A808-2ECEB73D8425}]
                        Session ID: c65e42ff-ce1f-4678-8797-134713134fba
                        	at org.openqa.selenium.support.ui.WebDriverWait.timeoutException(WebDriverWait.java:80)
                        	at org.openqa.selenium.support.ui.FluentWait.until(FluentWait.java:261)
                        	at com.noon.iosapp.pages.AddToCartPage.addToCart(AddToCartPage.java:91)
                        	at com.noon.iosapp.PayWithCODTest.payWithCODCard(PayWithCODTest.java:57)
                        	at sun.reflect.NativeMethodAccessorImpl.invoke0(Native Method)
                        	at sun.reflect.NativeMethodAccessorImpl.invoke(NativeMethodAccessorImpl.java:62)
                        	at sun.reflect.DelegatingMethodAccessorImpl.invoke(DelegatingMethodAccessorImpl.java:43)
                        	at java.lang.reflect.Method.invoke(Method.java:498)
                        	at org.testng.internal.MethodInvocationHelper.invokeMethod(MethodInvocationHelper.java:85)
                        	at org.testng.internal.Invoker.invokeMethod(Invoker.java:639)
                        	at org.testng.internal.Invoker.invokeTestMethod(Invoker.java:816)
                        	at org.testng.internal.Invoker.invokeTestMethods(Invoker.java:1124)
                        	at org.testng.internal.TestMethodWorker.invokeTestMethods(TestMethodWorker.java:125)
                        	at org.testng.internal.TestMethodWorker.run(TestMethodWorker.java:108)
                        	at org.testng.TestRunner.privateRun(TestRunner.java:774)
                        	at org.testng.TestRunner.run(TestRunner.java:624)
                        	at org.testng.SuiteRunner.runTest(SuiteRunner.java:359)
                        	at org.testng.SuiteRunner.runSequentially(SuiteRunner.java:354)
                        	at org.testng.SuiteRunner.privateRun(SuiteRunner.java:312)
                        	at org.testng.SuiteRunner.run(SuiteRunner.java:261)
                        	at org.testng.SuiteRunnerWorker.runSuite(SuiteRunnerWorker.java:52)
                        	at org.testng.SuiteRunnerWorker.run(SuiteRunnerWorker.java:86)
                        	at org.testng.TestNG.runSuitesSequentially(TestNG.java:1215)
                        	at org.testng.TestNG.runSuitesLocally(TestNG.java:1140)
                        	at org.testng.TestNG.run(TestNG.java:1048)
                        	at org.testng.TestNG.privateMain(TestNG.java:1355)
                        	at org.testng.TestNG.main(TestNG.java:1324)
                        Caused by: org.openqa.selenium.NoSuchElementException: An element could not be located on the page using the given search
                        parameters. (WARNING: The server did not provide any stacktrace information)
                        Command duration or timeout: 1.26 seconds
                        For documentation on this error, please visit: http://seleniumhq.org/exceptions/no_such_element.html
                        Build info: version: '2.52.0', revision: '4c2593c', time: '2016-02-11 19:06:42'
                        System info: host: 'kartik.local', ip: '169.254.95.48', os.name: 'Mac OS X', os.arch: 'x86_64', os.version: '10.12.4', java.version:
                        '1.8.0_111'
                        Driver info: io.appium.java_client.ios.IOSDriver
                        Capabilities [{app=/Users/kartikbhatt/test-team/ios/POM_Noon/ipa/FastFish.ipa, networkConnectionEnabled=false, appiumVersion=1.6,
                        databaseEnabled=false, deviceName=iPhone 7, platform=MAC, pressKey=true, platformVersion=10.3, webStorageEnabled=false, locationContextEnabled=false,
                        automationName=XCUITest, browserName=, takesScreenshot=true, javascriptEnabled=true, platformName=iOS, udid=B7C3E4D4-C3EA-4DB0-A808-2ECEB73D8425}]
                        Session ID: c65e42ff-ce1f-4678-8797-134713134fba
                        *** Element info: {Using=xpath, value=//XCUIElementTypeCell[2]/XCUIElementTypeButton[1]}
                        	at sun.reflect.NativeConstructorAccessorImpl.newInstance0(Native Method)
                        	at sun.reflect.NativeConstructorAccessorImpl.newInstance(NativeConstructorAccessorImpl.java:62)
                        	at sun.reflect.DelegatingConstructorAccessorImpl.newInstance(DelegatingConstructorAccessorImpl.java:45)
                        	at java.lang.reflect.Constructor.newInstance(Constructor.java:423)
                        	at org.openqa.selenium.remote.ErrorHandler.createThrowable(ErrorHandler.java:206)
                        	at org.openqa.selenium.remote.ErrorHandler.throwIfResponseFailed(ErrorHandler.java:158)
                        	at org.openqa.selenium.remote.RemoteWebDriver.execute(RemoteWebDriver.java:678)
                        	at io.appium.java_client.DefaultGenericMobileDriver.execute(DefaultGenericMobileDriver.java:51)
                        	at io.appium.java_client.AppiumDriver.execute(AppiumDriver.java:1)
                        	at io.appium.java_client.ios.IOSDriver.execute(IOSDriver.java:1)
                        	at org.openqa.selenium.remote.RemoteWebDriver.findElement(RemoteWebDriver.java:363)
                        	at io.appium.java_client.DefaultGenericMobileDriver.findElement(DefaultGenericMobileDriver.java:67)
                        	at io.appium.java_client.AppiumDriver.findElement(AppiumDriver.java:1)
                        	at io.appium.java_client.ios.IOSDriver.findElement(IOSDriver.java:1)
                        	at org.openqa.selenium.remote.RemoteWebDriver.findElementByXPath(RemoteWebDriver.java:500)
                        	at io.appium.java_client.DefaultGenericMobileDriver.findElementByXPath(DefaultGenericMobileDriver.java:145)
                        	at io.appium.java_client.AppiumDriver.findElementByXPath(AppiumDriver.java:1)
                        	at io.appium.java_client.ios.IOSDriver.findElementByXPath(IOSDriver.java:1)
                        	at org.openqa.selenium.By$ByXPath.findElement(By.java:361)
                        	at org.openqa.selenium.remote.RemoteWebDriver.findElement(RemoteWebDriver.java:355)
                        	at io.appium.java_client.DefaultGenericMobileDriver.findElement(DefaultGenericMobileDriver.java:63)
                        	at io.appium.java_client.AppiumDriver.findElement(AppiumDriver.java:1)
                        	at io.appium.java_client.ios.IOSDriver.findElement(IOSDriver.java:1)
                        	at org.openqa.selenium.support.ui.ExpectedConditions.findElement(ExpectedConditions.java:911)
                        	at org.openqa.selenium.support.ui.ExpectedConditions.access$0(ExpectedConditions.java:909)
                        	at org.openqa.selenium.support.ui.ExpectedConditions$7.apply(ExpectedConditions.java:205)
                        	at org.openqa.selenium.support.ui.ExpectedConditions$7.apply(ExpectedConditions.java:1)
                        	at org.openqa.selenium.support.ui.FluentWait.until(FluentWait.java:238)
                        	... 25 more
                     </pre>
                  </div>
               </td>
            </tr>
            <tr id="com.noon.iosapp.PayWithCODTest_quit_byClass_PASS2_row"
                class="testMethodStatusPASS testMethodStatusCONF">
               <td width="100%" class="firstMethodCell">
                  <a onclick="toggleDetailsVisibility('com.noon.iosapp.PayWithCODTest_quit_byClass_PASS2_details')">quit()</a>
               </td>
               <td nowrap="true">16:08:01</td>
               <td nowrap="true" align="right">446 ms
                  
               </td>
               <td nowrap="true">
                   
                  
               </td>
            </tr>
            <tr>
               <td colspan="4" class="detailsBox">
                  <div id="com.noon.iosapp.PayWithCODTest_quit_byClass_PASS2_details"
                       class="testMethodDetails">
                     <div>
                        <b>Name: </b>quit
                     </div>
                     <div>
                        <b>Signature: </b>quit()[pri:0, instance:com.noon.iosapp.PayWithCODTest@33723e30]
                     </div>
                     <div>
                        <b>Start time: </b>16:08:01
                     </div>
                     <div>
                        <b>End time: </b>16:08:01
                     </div>
                     <div>
                        <b>Duration: </b>446 ms
                        
                     </div>
                  </div>
               </td>
            </tr>
            <tr></tr>
         </table>
         <br></br>
         <table class="testMethodsTable" cellpadding="0" cellspacing="0">
            <tr>
               <td colspan="4">
                  <h3 style="display: inline;">com.noon.iosapp.PayWithCreditCardTest</h3>
               </td>
            </tr>
            <tr class="methodsTableHeader">
               <td width="100%">Name</td>
               <td nowrap="true">Started</td>
               <td nowrap="true">Duration</td>
               <td>Exception</td>
            </tr>
            <tr id="com.noon.iosapp.PayWithCreditCardTest_AddCreditCardCheckout_byClass_FAIL1_row"
                class="testMethodStatusFAIL">
               <td width="100%" class="firstMethodCell">
                  <a onclick="toggleDetailsVisibility('com.noon.iosapp.PayWithCreditCardTest_AddCreditCardCheckout_byClass_FAIL1_details')">AddCreditCardCheckout()</a>
               </td>
               <td nowrap="true">16:08:01</td>
               <td nowrap="true" align="right">50s
                  
               </td>
               <td nowrap="true">
                  <a onclick="toggleDetailsVisibility('com.noon.iosapp.PayWithCreditCardTest_AddCreditCardCheckout_byClass_FAIL1_exception')">org.openqa.selenium.NoSuchElementException: 
                     An element could not be located on the page using the given search parameters. (WARNING: The server did not provide any stacktrace
                     information)
                     Command duration or timeout: 1.40 seconds
                     For documentation on this error, please visit: http://seleniumhq.org/exceptions/no_such_element.html
                     Build info: version: '2.52.0', revision: '4c2593c', time: '2016-02-11 19:06:42'
                     System info: host: 'kartik.local', ip: '169.254.95.48', os.name: 'Mac OS X', os.arch: 'x86_64', os.version: '10.12.4', java.version:
                     '1.8.0_111'
                     Driver info: io.appium.java_client.ios.IOSDriver
                     Capabilities [{app=/Users/kartikbhatt/test-team/ios/POM_Noon/ipa/FastFish.ipa, networkConnectionEnabled=false, appiumVersion=1.6,
                     databaseEnabled=false, deviceName=iPhone 7, platform=MAC, pressKey=true, platformVersion=10.3, webStorageEnabled=false, locationContextEnabled=false,
                     automationName=XCUITest, browserName=, takesScreenshot=true, javascriptEnabled=true, platformName=iOS, udid=B7C3E4D4-C3EA-4DB0-A808-2ECEB73D8425}]
                     Session ID: 87b2bc93-4ef0-45b7-9d69-1f20f8c5f797
                     *** Element info: {Using=xpath, value=//XCUIElementTypeStaticText[@name='Sign in with']}
                     
                  </a>
                   
                  
               </td>
            </tr>
            <tr>
               <td colspan="4" class="detailsBox">
                  <div id="com.noon.iosapp.PayWithCreditCardTest_AddCreditCardCheckout_byClass_FAIL1_details"
                       class="testMethodDetails">
                     <div>
                        <b>Name: </b>AddCreditCardCheckout
                     </div>
                     <div>
                        <b>Signature: </b>AddCreditCardCheckout()[pri:0, instance:com.noon.iosapp.PayWithCreditCardTest@74a10858]
                     </div>
                     <div>
                        <b>Start time: </b>16:08:01
                     </div>
                     <div>
                        <b>End time: </b>16:08:52
                     </div>
                     <div>
                        <b>Duration: </b>50s
                        
                     </div>
                  </div>
               </td>
            </tr>
            <tr>
               <td colspan="4" class="detailsBox">
                  <div id="com.noon.iosapp.PayWithCreditCardTest_AddCreditCardCheckout_byClass_FAIL1_exception"
                       class="testMethodDetails">
                     <pre style="padding: 5px; margin: 0;">org.openqa.selenium.NoSuchElementException: An element could not be located on the page using the given search parameters.
                        (WARNING: The server did not provide any stacktrace information)
                        Command duration or timeout: 1.40 seconds
                        For documentation on this error, please visit: http://seleniumhq.org/exceptions/no_such_element.html
                        Build info: version: '2.52.0', revision: '4c2593c', time: '2016-02-11 19:06:42'
                        System info: host: 'kartik.local', ip: '169.254.95.48', os.name: 'Mac OS X', os.arch: 'x86_64', os.version: '10.12.4', java.version:
                        '1.8.0_111'
                        Driver info: io.appium.java_client.ios.IOSDriver
                        Capabilities [{app=/Users/kartikbhatt/test-team/ios/POM_Noon/ipa/FastFish.ipa, networkConnectionEnabled=false, appiumVersion=1.6,
                        databaseEnabled=false, deviceName=iPhone 7, platform=MAC, pressKey=true, platformVersion=10.3, webStorageEnabled=false, locationContextEnabled=false,
                        automationName=XCUITest, browserName=, takesScreenshot=true, javascriptEnabled=true, platformName=iOS, udid=B7C3E4D4-C3EA-4DB0-A808-2ECEB73D8425}]
                        Session ID: 87b2bc93-4ef0-45b7-9d69-1f20f8c5f797
                        *** Element info: {Using=xpath, value=//XCUIElementTypeStaticText[@name='Sign in with']}
                        	at sun.reflect.NativeConstructorAccessorImpl.newInstance0(Native Method)
                        	at sun.reflect.NativeConstructorAccessorImpl.newInstance(NativeConstructorAccessorImpl.java:62)
                        	at sun.reflect.DelegatingConstructorAccessorImpl.newInstance(DelegatingConstructorAccessorImpl.java:45)
                        	at java.lang.reflect.Constructor.newInstance(Constructor.java:423)
                        	at org.openqa.selenium.remote.ErrorHandler.createThrowable(ErrorHandler.java:206)
                        	at org.openqa.selenium.remote.ErrorHandler.throwIfResponseFailed(ErrorHandler.java:158)
                        	at org.openqa.selenium.remote.RemoteWebDriver.execute(RemoteWebDriver.java:678)
                        	at io.appium.java_client.DefaultGenericMobileDriver.execute(DefaultGenericMobileDriver.java:51)
                        	at io.appium.java_client.AppiumDriver.execute(AppiumDriver.java:1)
                        	at io.appium.java_client.ios.IOSDriver.execute(IOSDriver.java:1)
                        	at org.openqa.selenium.remote.RemoteWebDriver.findElement(RemoteWebDriver.java:363)
                        	at io.appium.java_client.DefaultGenericMobileDriver.findElement(DefaultGenericMobileDriver.java:67)
                        	at io.appium.java_client.AppiumDriver.findElement(AppiumDriver.java:1)
                        	at io.appium.java_client.ios.IOSDriver.findElement(IOSDriver.java:1)
                        	at org.openqa.selenium.remote.RemoteWebDriver.findElementByXPath(RemoteWebDriver.java:500)
                        	at io.appium.java_client.DefaultGenericMobileDriver.findElementByXPath(DefaultGenericMobileDriver.java:145)
                        	at io.appium.java_client.AppiumDriver.findElementByXPath(AppiumDriver.java:1)
                        	at io.appium.java_client.ios.IOSDriver.findElementByXPath(IOSDriver.java:1)
                        	at org.openqa.selenium.By$ByXPath.findElement(By.java:361)
                        	at org.openqa.selenium.remote.RemoteWebDriver.findElement(RemoteWebDriver.java:355)
                        	at io.appium.java_client.DefaultGenericMobileDriver.findElement(DefaultGenericMobileDriver.java:63)
                        	at io.appium.java_client.AppiumDriver.findElement(AppiumDriver.java:1)
                        	at io.appium.java_client.ios.IOSDriver.findElement(IOSDriver.java:1)
                        	at com.noon.iosapp.pages.AddAddressPage.signinTab(AddAddressPage.java:95)
                        	at com.noon.iosapp.PayWithCreditCardTest.AddCreditCardCheckout(PayWithCreditCardTest.java:64)
                        	at sun.reflect.NativeMethodAccessorImpl.invoke0(Native Method)
                        	at sun.reflect.NativeMethodAccessorImpl.invoke(NativeMethodAccessorImpl.java:62)
                        	at sun.reflect.DelegatingMethodAccessorImpl.invoke(DelegatingMethodAccessorImpl.java:43)
                        	at java.lang.reflect.Method.invoke(Method.java:498)
                        	at org.testng.internal.MethodInvocationHelper.invokeMethod(MethodInvocationHelper.java:85)
                        	at org.testng.internal.Invoker.invokeMethod(Invoker.java:639)
                        	at org.testng.internal.Invoker.invokeTestMethod(Invoker.java:816)
                        	at org.testng.internal.Invoker.invokeTestMethods(Invoker.java:1124)
                        	at org.testng.internal.TestMethodWorker.invokeTestMethods(TestMethodWorker.java:125)
                        	at org.testng.internal.TestMethodWorker.run(TestMethodWorker.java:108)
                        	at org.testng.TestRunner.privateRun(TestRunner.java:774)
                        	at org.testng.TestRunner.run(TestRunner.java:624)
                        	at org.testng.SuiteRunner.runTest(SuiteRunner.java:359)
                        	at org.testng.SuiteRunner.runSequentially(SuiteRunner.java:354)
                        	at org.testng.SuiteRunner.privateRun(SuiteRunner.java:312)
                        	at org.testng.SuiteRunner.run(SuiteRunner.java:261)
                        	at org.testng.SuiteRunnerWorker.runSuite(SuiteRunnerWorker.java:52)
                        	at org.testng.SuiteRunnerWorker.run(SuiteRunnerWorker.java:86)
                        	at org.testng.TestNG.runSuitesSequentially(TestNG.java:1215)
                        	at org.testng.TestNG.runSuitesLocally(TestNG.java:1140)
                        	at org.testng.TestNG.run(TestNG.java:1048)
                        	at org.testng.TestNG.privateMain(TestNG.java:1355)
                        	at org.testng.TestNG.main(TestNG.java:1324)
                     </pre>
                  </div>
               </td>
            </tr>
            <tr id="com.noon.iosapp.PayWithCreditCardTest_quit_byClass_PASS2_row"
                class="testMethodStatusPASS testMethodStatusCONF">
               <td width="100%" class="firstMethodCell">
                  <a onclick="toggleDetailsVisibility('com.noon.iosapp.PayWithCreditCardTest_quit_byClass_PASS2_details')">quit()</a>
               </td>
               <td nowrap="true">16:08:52</td>
               <td nowrap="true" align="right">479 ms
                  
               </td>
               <td nowrap="true">
                   
                  
               </td>
            </tr>
            <tr>
               <td colspan="4" class="detailsBox">
                  <div id="com.noon.iosapp.PayWithCreditCardTest_quit_byClass_PASS2_details"
                       class="testMethodDetails">
                     <div>
                        <b>Name: </b>quit
                     </div>
                     <div>
                        <b>Signature: </b>quit()[pri:0, instance:com.noon.iosapp.PayWithCreditCardTest@74a10858]
                     </div>
                     <div>
                        <b>Start time: </b>16:08:52
                     </div>
                     <div>
                        <b>End time: </b>16:08:52
                     </div>
                     <div>
                        <b>Duration: </b>479 ms
                        
                     </div>
                  </div>
               </td>
            </tr>
            <tr></tr>
         </table>
         <br></br>
         <table class="testMethodsTable" cellpadding="0" cellspacing="0">
            <tr>
               <td colspan="4">
                  <h3 style="display: inline;">com.noon.iosapp.ProductDetailsTest</h3>
               </td>
            </tr>
            <tr class="methodsTableHeader">
               <td width="100%">Name</td>
               <td nowrap="true">Started</td>
               <td nowrap="true">Duration</td>
               <td>Exception</td>
            </tr>
            <tr id="com.noon.iosapp.ProductDetailsTest_prodcutDetails_byClass_PASS1_row"
                class="testMethodStatusPASS">
               <td width="100%" class="firstMethodCell">
                  <a onclick="toggleDetailsVisibility('com.noon.iosapp.ProductDetailsTest_prodcutDetails_byClass_PASS1_details')">prodcutDetails()</a>
               </td>
               <td nowrap="true">15:51:59</td>
               <td nowrap="true" align="right">57s
                  
               </td>
               <td nowrap="true">
                   
                  
               </td>
            </tr>
            <tr>
               <td colspan="4" class="detailsBox">
                  <div id="com.noon.iosapp.ProductDetailsTest_prodcutDetails_byClass_PASS1_details"
                       class="testMethodDetails">
                     <div>
                        <b>Name: </b>prodcutDetails
                     </div>
                     <div>
                        <b>Signature: </b>prodcutDetails()[pri:0, instance:com.noon.iosapp.ProductDetailsTest@5bb21b69]
                     </div>
                     <div>
                        <b>Start time: </b>15:51:59
                     </div>
                     <div>
                        <b>End time: </b>15:52:56
                     </div>
                     <div>
                        <b>Duration: </b>57s
                        
                     </div>
                  </div>
               </td>
            </tr>
            <tr></tr>
            <tr id="com.noon.iosapp.ProductDetailsTest_quit_byClass_PASS2_row"
                class="testMethodStatusPASS testMethodStatusCONF">
               <td width="100%" class="firstMethodCell">
                  <a onclick="toggleDetailsVisibility('com.noon.iosapp.ProductDetailsTest_quit_byClass_PASS2_details')">quit()</a>
               </td>
               <td nowrap="true">15:52:56</td>
               <td nowrap="true" align="right">417 ms
                  
               </td>
               <td nowrap="true">
                   
                  
               </td>
            </tr>
            <tr>
               <td colspan="4" class="detailsBox">
                  <div id="com.noon.iosapp.ProductDetailsTest_quit_byClass_PASS2_details"
                       class="testMethodDetails">
                     <div>
                        <b>Name: </b>quit
                     </div>
                     <div>
                        <b>Signature: </b>quit()[pri:0, instance:com.noon.iosapp.ProductDetailsTest@5bb21b69]
                     </div>
                     <div>
                        <b>Start time: </b>15:52:56
                     </div>
                     <div>
                        <b>End time: </b>15:52:56
                     </div>
                     <div>
                        <b>Duration: </b>417 ms
                        
                     </div>
                  </div>
               </td>
            </tr>
            <tr></tr>
         </table>
         <br></br>
         <table class="testMethodsTable" cellpadding="0" cellspacing="0">
            <tr>
               <td colspan="4">
                  <h3 style="display: inline;">com.noon.iosapp.RegisterWithEmailTest</h3>
               </td>
            </tr>
            <tr class="methodsTableHeader">
               <td width="100%">Name</td>
               <td nowrap="true">Started</td>
               <td nowrap="true">Duration</td>
               <td>Exception</td>
            </tr>
            <tr id="com.noon.iosapp.RegisterWithEmailTest_registerWithEmail_byClass_FAIL1_row"
                class="testMethodStatusFAIL">
               <td width="100%" class="firstMethodCell">
                  <a onclick="toggleDetailsVisibility('com.noon.iosapp.RegisterWithEmailTest_registerWithEmail_byClass_FAIL1_details')">registerWithEmail()</a>
               </td>
               <td nowrap="true">15:52:56</td>
               <td nowrap="true" align="right">1m
                  10s
                  
               </td>
               <td nowrap="true">
                  <a onclick="toggleDetailsVisibility('com.noon.iosapp.RegisterWithEmailTest_registerWithEmail_byClass_FAIL1_exception')">java.lang.NoClassDefFoundError: 
                     org/slf4j/LoggerFactory
                     
                  </a>
                   
                  
               </td>
            </tr>
            <tr>
               <td colspan="4" class="detailsBox">
                  <div id="com.noon.iosapp.RegisterWithEmailTest_registerWithEmail_byClass_FAIL1_details"
                       class="testMethodDetails">
                     <div>
                        <b>Name: </b>registerWithEmail
                     </div>
                     <div>
                        <b>Signature: </b>registerWithEmail()[pri:0, instance:com.noon.iosapp.RegisterWithEmailTest@4abdb505]
                     </div>
                     <div>
                        <b>Start time: </b>15:52:56
                     </div>
                     <div>
                        <b>End time: </b>15:54:06
                     </div>
                     <div>
                        <b>Duration: </b>1m
                        10s
                        
                     </div>
                  </div>
               </td>
            </tr>
            <tr>
               <td colspan="4" class="detailsBox">
                  <div id="com.noon.iosapp.RegisterWithEmailTest_registerWithEmail_byClass_FAIL1_exception"
                       class="testMethodDetails">
                     <pre style="padding: 5px; margin: 0;">java.lang.NoClassDefFoundError: org/slf4j/LoggerFactory
                        	at services.OTPExtractionService.&lt;clinit&gt;(OTPExtractionService.java:22)
                        	at com.noon.iosapp.pages.RegisterWithEmailPage.registerWithEmail(RegisterWithEmailPage.java:126)
                        	at com.noon.iosapp.RegisterWithEmailTest.registerWithEmail(RegisterWithEmailTest.java:28)
                        	at sun.reflect.NativeMethodAccessorImpl.invoke0(Native Method)
                        	at sun.reflect.NativeMethodAccessorImpl.invoke(NativeMethodAccessorImpl.java:62)
                        	at sun.reflect.DelegatingMethodAccessorImpl.invoke(DelegatingMethodAccessorImpl.java:43)
                        	at java.lang.reflect.Method.invoke(Method.java:498)
                        	at org.testng.internal.MethodInvocationHelper.invokeMethod(MethodInvocationHelper.java:85)
                        	at org.testng.internal.Invoker.invokeMethod(Invoker.java:639)
                        	at org.testng.internal.Invoker.invokeTestMethod(Invoker.java:816)
                        	at org.testng.internal.Invoker.invokeTestMethods(Invoker.java:1124)
                        	at org.testng.internal.TestMethodWorker.invokeTestMethods(TestMethodWorker.java:125)
                        	at org.testng.internal.TestMethodWorker.run(TestMethodWorker.java:108)
                        	at org.testng.TestRunner.privateRun(TestRunner.java:774)
                        	at org.testng.TestRunner.run(TestRunner.java:624)
                        	at org.testng.SuiteRunner.runTest(SuiteRunner.java:359)
                        	at org.testng.SuiteRunner.runSequentially(SuiteRunner.java:354)
                        	at org.testng.SuiteRunner.privateRun(SuiteRunner.java:312)
                        	at org.testng.SuiteRunner.run(SuiteRunner.java:261)
                        	at org.testng.SuiteRunnerWorker.runSuite(SuiteRunnerWorker.java:52)
                        	at org.testng.SuiteRunnerWorker.run(SuiteRunnerWorker.java:86)
                        	at org.testng.TestNG.runSuitesSequentially(TestNG.java:1215)
                        	at org.testng.TestNG.runSuitesLocally(TestNG.java:1140)
                        	at org.testng.TestNG.run(TestNG.java:1048)
                        	at org.testng.TestNG.privateMain(TestNG.java:1355)
                        	at org.testng.TestNG.main(TestNG.java:1324)
                        Caused by: java.lang.ClassNotFoundException: org.slf4j.LoggerFactory
                        	at java.net.URLClassLoader.findClass(URLClassLoader.java:381)
                        	at java.lang.ClassLoader.loadClass(ClassLoader.java:424)
                        	at sun.misc.Launcher$AppClassLoader.loadClass(Launcher.java:331)
                        	at java.lang.ClassLoader.loadClass(ClassLoader.java:357)
                        	... 26 more
                     </pre>
                  </div>
               </td>
            </tr>
            <tr id="com.noon.iosapp.RegisterWithEmailTest_quit_byClass_PASS2_row"
                class="testMethodStatusPASS testMethodStatusCONF">
               <td width="100%" class="firstMethodCell">
                  <a onclick="toggleDetailsVisibility('com.noon.iosapp.RegisterWithEmailTest_quit_byClass_PASS2_details')">quit()</a>
               </td>
               <td nowrap="true">15:54:06</td>
               <td nowrap="true" align="right">406 ms
                  
               </td>
               <td nowrap="true">
                   
                  
               </td>
            </tr>
            <tr>
               <td colspan="4" class="detailsBox">
                  <div id="com.noon.iosapp.RegisterWithEmailTest_quit_byClass_PASS2_details"
                       class="testMethodDetails">
                     <div>
                        <b>Name: </b>quit
                     </div>
                     <div>
                        <b>Signature: </b>quit()[pri:0, instance:com.noon.iosapp.RegisterWithEmailTest@4abdb505]
                     </div>
                     <div>
                        <b>Start time: </b>15:54:06
                     </div>
                     <div>
                        <b>End time: </b>15:54:07
                     </div>
                     <div>
                        <b>Duration: </b>406 ms
                        
                     </div>
                  </div>
               </td>
            </tr>
            <tr></tr>
         </table>
         <br></br>
         <table class="testMethodsTable" cellpadding="0" cellspacing="0">
            <tr>
               <td colspan="4">
                  <h3 style="display: inline;">com.noon.iosapp.SearchTest</h3>
               </td>
            </tr>
            <tr class="methodsTableHeader">
               <td width="100%">Name</td>
               <td nowrap="true">Started</td>
               <td nowrap="true">Duration</td>
               <td>Exception</td>
            </tr>
            <tr id="com.noon.iosapp.SearchTest_searchItems_byClass_PASS1_row"
                class="testMethodStatusPASS">
               <td width="100%" class="firstMethodCell">
                  <a onclick="toggleDetailsVisibility('com.noon.iosapp.SearchTest_searchItems_byClass_PASS1_details')">searchItems()</a>
               </td>
               <td nowrap="true">15:51:21</td>
               <td nowrap="true" align="right">37s
                  
               </td>
               <td nowrap="true">
                   
                  
               </td>
            </tr>
            <tr>
               <td colspan="4" class="detailsBox">
                  <div id="com.noon.iosapp.SearchTest_searchItems_byClass_PASS1_details"
                       class="testMethodDetails">
                     <div>
                        <b>Name: </b>searchItems
                     </div>
                     <div>
                        <b>Signature: </b>searchItems()[pri:0, instance:com.noon.iosapp.SearchTest@1d8d30f7]
                     </div>
                     <div>
                        <b>Start time: </b>15:51:21
                     </div>
                     <div>
                        <b>End time: </b>15:51:58
                     </div>
                     <div>
                        <b>Duration: </b>37s
                        
                     </div>
                  </div>
               </td>
            </tr>
            <tr></tr>
            <tr id="com.noon.iosapp.SearchTest_quit_byClass_PASS2_row"
                class="testMethodStatusPASS testMethodStatusCONF">
               <td width="100%" class="firstMethodCell">
                  <a onclick="toggleDetailsVisibility('com.noon.iosapp.SearchTest_quit_byClass_PASS2_details')">quit()</a>
               </td>
               <td nowrap="true">15:51:58</td>
               <td nowrap="true" align="right">428 ms
                  
               </td>
               <td nowrap="true">
                   
                  
               </td>
            </tr>
            <tr>
               <td colspan="4" class="detailsBox">
                  <div id="com.noon.iosapp.SearchTest_quit_byClass_PASS2_details"
                       class="testMethodDetails">
                     <div>
                        <b>Name: </b>quit
                     </div>
                     <div>
                        <b>Signature: </b>quit()[pri:0, instance:com.noon.iosapp.SearchTest@1d8d30f7]
                     </div>
                     <div>
                        <b>Start time: </b>15:51:58
                     </div>
                     <div>
                        <b>End time: </b>15:51:59
                     </div>
                     <div>
                        <b>Duration: </b>428 ms
                        
                     </div>
                  </div>
               </td>
            </tr>
            <tr></tr>
         </table>
         <br></br>
         <table class="testMethodsTable" cellpadding="0" cellspacing="0">
            <tr>
               <td colspan="4">
                  <h3 style="display: inline;">com.noon.iosapp.SideBarLinksTest</h3>
               </td>
            </tr>
            <tr class="methodsTableHeader">
               <td width="100%">Name</td>
               <td nowrap="true">Started</td>
               <td nowrap="true">Duration</td>
               <td>Exception</td>
            </tr>
            <tr id="com.noon.iosapp.SideBarLinksTest_sideBarLinks_byClass_PASS1_row"
                class="testMethodStatusPASS">
               <td width="100%" class="firstMethodCell">
                  <a onclick="toggleDetailsVisibility('com.noon.iosapp.SideBarLinksTest_sideBarLinks_byClass_PASS1_details')">sideBarLinks()</a>
               </td>
               <td nowrap="true">15:50:36</td>
               <td nowrap="true" align="right">44s
                  
               </td>
               <td nowrap="true">
                   
                  
               </td>
            </tr>
            <tr>
               <td colspan="4" class="detailsBox">
                  <div id="com.noon.iosapp.SideBarLinksTest_sideBarLinks_byClass_PASS1_details"
                       class="testMethodDetails">
                     <div>
                        <b>Name: </b>sideBarLinks
                     </div>
                     <div>
                        <b>Signature: </b>sideBarLinks()[pri:0, instance:com.noon.iosapp.SideBarLinksTest@36b4cef0]
                     </div>
                     <div>
                        <b>Start time: </b>15:50:36
                     </div>
                     <div>
                        <b>End time: </b>15:51:20
                     </div>
                     <div>
                        <b>Duration: </b>44s
                        
                     </div>
                  </div>
               </td>
            </tr>
            <tr></tr>
            <tr id="com.noon.iosapp.SideBarLinksTest_quit_byClass_PASS2_row"
                class="testMethodStatusPASS testMethodStatusCONF">
               <td width="100%" class="firstMethodCell">
                  <a onclick="toggleDetailsVisibility('com.noon.iosapp.SideBarLinksTest_quit_byClass_PASS2_details')">quit()</a>
               </td>
               <td nowrap="true">15:51:20</td>
               <td nowrap="true" align="right">421 ms
                  
               </td>
               <td nowrap="true">
                   
                  
               </td>
            </tr>
            <tr>
               <td colspan="4" class="detailsBox">
                  <div id="com.noon.iosapp.SideBarLinksTest_quit_byClass_PASS2_details"
                       class="testMethodDetails">
                     <div>
                        <b>Name: </b>quit
                     </div>
                     <div>
                        <b>Signature: </b>quit()[pri:0, instance:com.noon.iosapp.SideBarLinksTest@36b4cef0]
                     </div>
                     <div>
                        <b>Start time: </b>15:51:20
                     </div>
                     <div>
                        <b>End time: </b>15:51:21
                     </div>
                     <div>
                        <b>Duration: </b>421 ms
                        
                     </div>
                  </div>
               </td>
            </tr>
            <tr></tr>
         </table>
         <br></br>
         <table class="testMethodsTable" cellpadding="0" cellspacing="0">
            <tr>
               <td colspan="4">
                  <h3 style="display: inline;">com.noon.iosapp.SplashScreenTest</h3>
               </td>
            </tr>
            <tr class="methodsTableHeader">
               <td width="100%">Name</td>
               <td nowrap="true">Started</td>
               <td nowrap="true">Duration</td>
               <td>Exception</td>
            </tr>
            <tr id="com.noon.iosapp.SplashScreenTest_SplashScreen_byClass_PASS1_row"
                class="testMethodStatusPASS">
               <td width="100%" class="firstMethodCell">
                  <a onclick="toggleDetailsVisibility('com.noon.iosapp.SplashScreenTest_SplashScreen_byClass_PASS1_details')">SplashScreen()</a>
               </td>
               <td nowrap="true">15:49:41</td>
               <td nowrap="true" align="right">24s
                  
               </td>
               <td nowrap="true">
                   
                  
               </td>
            </tr>
            <tr>
               <td colspan="4" class="detailsBox">
                  <div id="com.noon.iosapp.SplashScreenTest_SplashScreen_byClass_PASS1_details"
                       class="testMethodDetails">
                     <div>
                        <b>Name: </b>SplashScreen
                     </div>
                     <div>
                        <b>Signature: </b>SplashScreen()[pri:0, instance:com.noon.iosapp.SplashScreenTest@34c4973]
                     </div>
                     <div>
                        <b>Start time: </b>15:49:41
                     </div>
                     <div>
                        <b>End time: </b>15:50:05
                     </div>
                     <div>
                        <b>Duration: </b>24s
                        
                     </div>
                  </div>
               </td>
            </tr>
            <tr></tr>
            <tr id="com.noon.iosapp.SplashScreenTest_quit_byClass_PASS2_row"
                class="testMethodStatusPASS testMethodStatusCONF">
               <td width="100%" class="firstMethodCell">
                  <a onclick="toggleDetailsVisibility('com.noon.iosapp.SplashScreenTest_quit_byClass_PASS2_details')">quit()</a>
               </td>
               <td nowrap="true">15:50:05</td>
               <td nowrap="true" align="right">659 ms
                  
               </td>
               <td nowrap="true">
                   
                  
               </td>
            </tr>
            <tr>
               <td colspan="4" class="detailsBox">
                  <div id="com.noon.iosapp.SplashScreenTest_quit_byClass_PASS2_details"
                       class="testMethodDetails">
                     <div>
                        <b>Name: </b>quit
                     </div>
                     <div>
                        <b>Signature: </b>quit()[pri:0, instance:com.noon.iosapp.SplashScreenTest@34c4973]
                     </div>
                     <div>
                        <b>Start time: </b>15:50:05
                     </div>
                     <div>
                        <b>End time: </b>15:50:06
                     </div>
                     <div>
                        <b>Duration: </b>659 ms
                        
                     </div>
                  </div>
               </td>
            </tr>
            <tr></tr>
         </table>
         <br></br>
      </div>
      <div style="margin-top: 15px; color: gray; text-align: center; font-size: 9px;">
         Generated with
         
         <a href="http://code.google.com/p/testng-xslt/" style="color: #8888aa;"
            target="_blank">
            TestNG XSLT
            
         </a>
      </div>
   </body>
</html>