<html xmlns:math="http://exslt.org/math" xmlns:testng="http://testng.org">
   <head>
      <title>TestNG Results</title>
      <meta http-equiv="content-type" content="text/html; charset=utf-8"></meta>
      <meta http-equiv="pragma" content="no-cache"></meta>
      <meta http-equiv="cache-control" content="max-age=0"></meta>
      <meta http-equiv="cache-control" content="no-cache"></meta>
      <meta http-equiv="cache-control" content="no-store"></meta>
      <LINK rel="stylesheet" href="style.css"></LINK>
      <script type="text/javascript" src="main.js"></script>
   </head>
   <body>
      <table width="100%" style="font-size: 16px; margin-bottom: 10px;" cellspacing="1">
         <tr>
            <td width="100%">
               Test case
               
               <b>Shop By Fashion Test</b>
            </td>
            <td style="background-color: #FFBBBB; padding: 3px 3px 3px 0;" align="center">
               <div style="width: 50px;">1</div>
            </td>
            <td style="background-color: lightgreen; padding: 3px 3px 3px 0;" align="center">
               <div style="width: 50px;">0</div>
            </td>
            <td style="background-color: #FFFFBB; padding: 3px 3px 3px 0;" align="center">
               <div style="width: 50px;">0</div>
            </td>
            <td align="center" style="background-color: #eaf0f7; padding: 3px 3px 3px 0;">
               <div style="width: 50px;">1</div>
            </td>
            <td align="center"
                style="font-weight: bold; background-color: #eaf0f7; padding: 3px 3px 3px 0;">
               <div style="width: 50px;">0%</div>
            </td>
            <td style="background-color: #eaf0f7; padding: 3px 3px 3px 0;" align="center"
                nowrap="true">18 ms
               
            </td>
         </tr>
      </table>
      <div style="width: 200px;">
         <label for="groupMethodsCheckBox" style="font-weight: bold; margin: 0;">
            <input id="groupMethodsCheckBox" type="checkbox" onclick="switchTestMethodsView(this)"></input>
            Group by class
            
         </label>
         <br></br>
         <label for="methodsFilter_ALL" style="font-weight: bold; margin: 0;">
            <input id="methodsFilter_ALL" type="checkbox"
                   onclick="testMethodsFilterChanged(this, 'ALL')"></input>
            All
            
         </label>
      </div>
      <label for="methodsFilter_FAIL" style="margin-left: 20px;">
         <input id="methodsFilter_FAIL" type="checkbox"
                onclick="testMethodsFilterChanged(this, 'FAIL')"
                checked=""></input>
         Failed
         
      </label>
      <label for="methodsFilter_PASS">
         <input id="methodsFilter_PASS" type="checkbox"
                onclick="testMethodsFilterChanged(this, 'PASS')"
                checked=""></input>
         Passed
         
      </label>
      <label for="methodsFilter_SKIP">
         <input id="methodsFilter_SKIP" type="checkbox"
                onclick="testMethodsFilterChanged(this, 'SKIP')"
                checked=""></input>
         Skipped
         
      </label>
      <label for="methodsFilter_CONF">
         <input id="methodsFilter_CONF" type="checkbox"
                onclick="testMethodsFilterChanged(this, 'CONF')"></input>
         Config
         
      </label>
      <br></br>
      <div id="testMethodsByStatus">
         <table class="testMethodsTable" cellpadding="0" cellspacing="0">
            <tr class="methodsTableHeader">
               <td width="100%">Name</td>
               <td nowrap="true">Started</td>
               <td nowrap="true">Duration</td>
               <td>Exception</td>
            </tr>
            <tr id="com.noon.iosapp.ShopByFashionTest_shopByFashion_byStatus_failed_FAIL1_row"
                class="testMethodStatusFAIL">
               <td width="100%" class="firstMethodCell">
                  <a onclick="toggleDetailsVisibility('com.noon.iosapp.ShopByFashionTest_shopByFashion_byStatus_failed_FAIL1_details')">shopByFashion()</a>
               </td>
               <td nowrap="true">11:41:29</td>
               <td nowrap="true" align="right">1 ms
                  
               </td>
               <td nowrap="true">
                  <a onclick="toggleDetailsVisibility('com.noon.iosapp.ShopByFashionTest_shopByFashion_byStatus_failed_FAIL1_exception')">org.openqa.selenium.remote.UnreachableBrowserException: 
                     Could not start a new session. Possible causes are invalid address of the remote server or browser start-up failure.
                     Build info: version: '2.52.0', revision: '4c2593c', time: '2016-02-11 19:06:42'
                     System info: host: 'kartik.local', ip: '10.10.254.156', os.name: 'Mac OS X', os.arch: 'x86_64', os.version: '10.12.3', java.version:
                     '1.8.0_111'
                     Driver info: driver.version: IOSDriver
                     
                  </a>
                   
                  
               </td>
            </tr>
            <tr>
               <td colspan="4" class="detailsBox">
                  <div id="com.noon.iosapp.ShopByFashionTest_shopByFashion_byStatus_failed_FAIL1_details"
                       class="testMethodDetails">
                     <div>
                        <b>Name: </b>shopByFashion
                     </div>
                     <div>
                        <b>Signature: </b>shopByFashion()[pri:0, instance:com.noon.iosapp.ShopByFashionTest@43738a82]
                     </div>
                     <div>
                        <b>Start time: </b>11:41:29
                     </div>
                     <div>
                        <b>End time: </b>11:41:29
                     </div>
                     <div>
                        <b>Duration: </b>1 ms
                        
                     </div>
                  </div>
               </td>
            </tr>
            <tr>
               <td colspan="4" class="detailsBox">
                  <div id="com.noon.iosapp.ShopByFashionTest_shopByFashion_byStatus_failed_FAIL1_exception"
                       class="testMethodDetails">
                     <pre style="padding: 5px; margin: 0;">org.openqa.selenium.remote.UnreachableBrowserException: Could not start a new session. Possible causes are invalid address
                        of the remote server or browser start-up failure.
                        Build info: version: '2.52.0', revision: '4c2593c', time: '2016-02-11 19:06:42'
                        System info: host: 'kartik.local', ip: '10.10.254.156', os.name: 'Mac OS X', os.arch: 'x86_64', os.version: '10.12.3', java.version:
                        '1.8.0_111'
                        Driver info: driver.version: IOSDriver
                        	at org.openqa.selenium.remote.RemoteWebDriver.execute(RemoteWebDriver.java:665)
                        	at io.appium.java_client.DefaultGenericMobileDriver.execute(DefaultGenericMobileDriver.java:51)
                        	at io.appium.java_client.AppiumDriver.execute(AppiumDriver.java:1)
                        	at io.appium.java_client.ios.IOSDriver.execute(IOSDriver.java:1)
                        	at org.openqa.selenium.remote.RemoteWebDriver.startSession(RemoteWebDriver.java:249)
                        	at org.openqa.selenium.remote.RemoteWebDriver.&lt;init&gt;(RemoteWebDriver.java:131)
                        	at org.openqa.selenium.remote.RemoteWebDriver.&lt;init&gt;(RemoteWebDriver.java:144)
                        	at io.appium.java_client.DefaultGenericMobileDriver.&lt;init&gt;(DefaultGenericMobileDriver.java:47)
                        	at io.appium.java_client.AppiumDriver.&lt;init&gt;(AppiumDriver.java:114)
                        	at io.appium.java_client.AppiumDriver.&lt;init&gt;(AppiumDriver.java:132)
                        	at io.appium.java_client.ios.IOSDriver.&lt;init&gt;(IOSDriver.java:81)
                        	at com.noon.iosapp.base.BaseTest.launchIOSApp(BaseTest.java:55)
                        	at com.noon.iosapp.ShopByFashionTest.shopByFashion(ShopByFashionTest.java:19)
                        	at sun.reflect.NativeMethodAccessorImpl.invoke0(Native Method)
                        	at sun.reflect.NativeMethodAccessorImpl.invoke(NativeMethodAccessorImpl.java:62)
                        	at sun.reflect.DelegatingMethodAccessorImpl.invoke(DelegatingMethodAccessorImpl.java:43)
                        	at java.lang.reflect.Method.invoke(Method.java:498)
                        	at org.testng.internal.MethodInvocationHelper.invokeMethod(MethodInvocationHelper.java:85)
                        	at org.testng.internal.Invoker.invokeMethod(Invoker.java:639)
                        	at org.testng.internal.Invoker.invokeTestMethod(Invoker.java:816)
                        	at org.testng.internal.Invoker.invokeTestMethods(Invoker.java:1124)
                        	at org.testng.internal.TestMethodWorker.invokeTestMethods(TestMethodWorker.java:125)
                        	at org.testng.internal.TestMethodWorker.run(TestMethodWorker.java:108)
                        	at org.testng.TestRunner.privateRun(TestRunner.java:774)
                        	at org.testng.TestRunner.run(TestRunner.java:624)
                        	at org.testng.SuiteRunner.runTest(SuiteRunner.java:359)
                        	at org.testng.SuiteRunner.runSequentially(SuiteRunner.java:354)
                        	at org.testng.SuiteRunner.privateRun(SuiteRunner.java:312)
                        	at org.testng.SuiteRunner.run(SuiteRunner.java:261)
                        	at org.testng.SuiteRunnerWorker.runSuite(SuiteRunnerWorker.java:52)
                        	at org.testng.SuiteRunnerWorker.run(SuiteRunnerWorker.java:86)
                        	at org.testng.TestNG.runSuitesSequentially(TestNG.java:1215)
                        	at org.testng.TestNG.runSuitesLocally(TestNG.java:1140)
                        	at org.testng.TestNG.run(TestNG.java:1048)
                        	at org.testng.TestNG.privateMain(TestNG.java:1355)
                        	at org.testng.TestNG.main(TestNG.java:1324)
                        Caused by: org.openqa.selenium.WebDriverException: org.apache.http.conn.HttpHostConnectException: Connect to 0.0.0.0:4723
                        [/0.0.0.0] failed: Connection refused (Connection refused)
                        Build info: version: '2.52.0', revision: '4c2593c', time: '2016-02-11 19:06:42'
                        System info: host: 'kartik.local', ip: '10.10.254.156', os.name: 'Mac OS X', os.arch: 'x86_64', os.version: '10.12.3', java.version:
                        '1.8.0_111'
                        Driver info: driver.version: IOSDriver
                        	at io.appium.java_client.remote.AppiumCommandExecutor.execute(AppiumCommandExecutor.java:84)
                        	at org.openqa.selenium.remote.RemoteWebDriver.execute(RemoteWebDriver.java:644)
                        	... 35 more
                        Caused by: org.apache.http.conn.HttpHostConnectException: Connect to 0.0.0.0:4723 [/0.0.0.0] failed: Connection refused (Connection
                        refused)
                        	at org.apache.http.impl.conn.DefaultHttpClientConnectionOperator.connect(DefaultHttpClientConnectionOperator.java:151)
                        	at org.apache.http.impl.conn.PoolingHttpClientConnectionManager.connect(PoolingHttpClientConnectionManager.java:353)
                        	at org.apache.http.impl.execchain.MainClientExec.establishRoute(MainClientExec.java:380)
                        	at org.apache.http.impl.execchain.MainClientExec.execute(MainClientExec.java:236)
                        	at org.apache.http.impl.execchain.ProtocolExec.execute(ProtocolExec.java:184)
                        	at org.apache.http.impl.execchain.RetryExec.execute(RetryExec.java:88)
                        	at org.apache.http.impl.execchain.RedirectExec.execute(RedirectExec.java:110)
                        	at org.apache.http.impl.client.InternalHttpClient.doExecute(InternalHttpClient.java:184)
                        	at org.apache.http.impl.client.CloseableHttpClient.execute(CloseableHttpClient.java:71)
                        	at org.apache.http.impl.client.CloseableHttpClient.execute(CloseableHttpClient.java:55)
                        	at org.openqa.selenium.remote.internal.ApacheHttpClient.fallBackExecute(ApacheHttpClient.java:144)
                        	at org.openqa.selenium.remote.internal.ApacheHttpClient.execute(ApacheHttpClient.java:90)
                        	at org.openqa.selenium.remote.HttpCommandExecutor.execute(HttpCommandExecutor.java:142)
                        	at io.appium.java_client.remote.AppiumCommandExecutor.execute(AppiumCommandExecutor.java:69)
                        	... 36 more
                        Caused by: java.net.ConnectException: Connection refused (Connection refused)
                        	at java.net.PlainSocketImpl.socketConnect(Native Method)
                        	at java.net.AbstractPlainSocketImpl.doConnect(AbstractPlainSocketImpl.java:350)
                        	at java.net.AbstractPlainSocketImpl.connectToAddress(AbstractPlainSocketImpl.java:204)
                        	at java.net.AbstractPlainSocketImpl.connect(AbstractPlainSocketImpl.java:188)
                        	at java.net.SocksSocketImpl.connect(SocksSocketImpl.java:392)
                        	at java.net.Socket.connect(Socket.java:589)
                        	at org.apache.http.conn.socket.PlainConnectionSocketFactory.connectSocket(PlainConnectionSocketFactory.java:74)
                        	at org.apache.http.impl.conn.DefaultHttpClientConnectionOperator.connect(DefaultHttpClientConnectionOperator.java:134)
                        	... 49 more
                     </pre>
                  </div>
               </td>
            </tr>
            <tr id="com.noon.iosapp.ShopByFashionTest_quit_byStatus_passed_PASS1_row"
                class="testMethodStatusPASS testMethodStatusCONF">
               <td width="100%" class="firstMethodCell">
                  <a onclick="toggleDetailsVisibility('com.noon.iosapp.ShopByFashionTest_quit_byStatus_passed_PASS1_details')">quit()</a>
               </td>
               <td nowrap="true">11:41:29</td>
               <td nowrap="true" align="right">17 ms
                  
               </td>
               <td nowrap="true">
                   
                  
               </td>
            </tr>
            <tr>
               <td colspan="4" class="detailsBox">
                  <div id="com.noon.iosapp.ShopByFashionTest_quit_byStatus_passed_PASS1_details"
                       class="testMethodDetails">
                     <div>
                        <b>Name: </b>quit
                     </div>
                     <div>
                        <b>Signature: </b>quit()[pri:0, instance:com.noon.iosapp.ShopByFashionTest@43738a82]
                     </div>
                     <div>
                        <b>Start time: </b>11:41:29
                     </div>
                     <div>
                        <b>End time: </b>11:41:29
                     </div>
                     <div>
                        <b>Duration: </b>17 ms
                        
                     </div>
                  </div>
               </td>
            </tr>
            <tr></tr>
         </table>
      </div>
      <div id="testMethodsByClass" style="display: none;">
         <table class="testMethodsTable" cellpadding="0" cellspacing="0">
            <tr>
               <td colspan="4">
                  <h3 style="display: inline;">com.noon.iosapp.ShopByFashionTest</h3>
               </td>
            </tr>
            <tr class="methodsTableHeader">
               <td width="100%">Name</td>
               <td nowrap="true">Started</td>
               <td nowrap="true">Duration</td>
               <td>Exception</td>
            </tr>
            <tr id="com.noon.iosapp.ShopByFashionTest_shopByFashion_byClass_FAIL1_row"
                class="testMethodStatusFAIL">
               <td width="100%" class="firstMethodCell">
                  <a onclick="toggleDetailsVisibility('com.noon.iosapp.ShopByFashionTest_shopByFashion_byClass_FAIL1_details')">shopByFashion()</a>
               </td>
               <td nowrap="true">11:41:29</td>
               <td nowrap="true" align="right">1 ms
                  
               </td>
               <td nowrap="true">
                  <a onclick="toggleDetailsVisibility('com.noon.iosapp.ShopByFashionTest_shopByFashion_byClass_FAIL1_exception')">org.openqa.selenium.remote.UnreachableBrowserException: 
                     Could not start a new session. Possible causes are invalid address of the remote server or browser start-up failure.
                     Build info: version: '2.52.0', revision: '4c2593c', time: '2016-02-11 19:06:42'
                     System info: host: 'kartik.local', ip: '10.10.254.156', os.name: 'Mac OS X', os.arch: 'x86_64', os.version: '10.12.3', java.version:
                     '1.8.0_111'
                     Driver info: driver.version: IOSDriver
                     
                  </a>
                   
                  
               </td>
            </tr>
            <tr>
               <td colspan="4" class="detailsBox">
                  <div id="com.noon.iosapp.ShopByFashionTest_shopByFashion_byClass_FAIL1_details"
                       class="testMethodDetails">
                     <div>
                        <b>Name: </b>shopByFashion
                     </div>
                     <div>
                        <b>Signature: </b>shopByFashion()[pri:0, instance:com.noon.iosapp.ShopByFashionTest@43738a82]
                     </div>
                     <div>
                        <b>Start time: </b>11:41:29
                     </div>
                     <div>
                        <b>End time: </b>11:41:29
                     </div>
                     <div>
                        <b>Duration: </b>1 ms
                        
                     </div>
                  </div>
               </td>
            </tr>
            <tr>
               <td colspan="4" class="detailsBox">
                  <div id="com.noon.iosapp.ShopByFashionTest_shopByFashion_byClass_FAIL1_exception"
                       class="testMethodDetails">
                     <pre style="padding: 5px; margin: 0;">org.openqa.selenium.remote.UnreachableBrowserException: Could not start a new session. Possible causes are invalid address
                        of the remote server or browser start-up failure.
                        Build info: version: '2.52.0', revision: '4c2593c', time: '2016-02-11 19:06:42'
                        System info: host: 'kartik.local', ip: '10.10.254.156', os.name: 'Mac OS X', os.arch: 'x86_64', os.version: '10.12.3', java.version:
                        '1.8.0_111'
                        Driver info: driver.version: IOSDriver
                        	at org.openqa.selenium.remote.RemoteWebDriver.execute(RemoteWebDriver.java:665)
                        	at io.appium.java_client.DefaultGenericMobileDriver.execute(DefaultGenericMobileDriver.java:51)
                        	at io.appium.java_client.AppiumDriver.execute(AppiumDriver.java:1)
                        	at io.appium.java_client.ios.IOSDriver.execute(IOSDriver.java:1)
                        	at org.openqa.selenium.remote.RemoteWebDriver.startSession(RemoteWebDriver.java:249)
                        	at org.openqa.selenium.remote.RemoteWebDriver.&lt;init&gt;(RemoteWebDriver.java:131)
                        	at org.openqa.selenium.remote.RemoteWebDriver.&lt;init&gt;(RemoteWebDriver.java:144)
                        	at io.appium.java_client.DefaultGenericMobileDriver.&lt;init&gt;(DefaultGenericMobileDriver.java:47)
                        	at io.appium.java_client.AppiumDriver.&lt;init&gt;(AppiumDriver.java:114)
                        	at io.appium.java_client.AppiumDriver.&lt;init&gt;(AppiumDriver.java:132)
                        	at io.appium.java_client.ios.IOSDriver.&lt;init&gt;(IOSDriver.java:81)
                        	at com.noon.iosapp.base.BaseTest.launchIOSApp(BaseTest.java:55)
                        	at com.noon.iosapp.ShopByFashionTest.shopByFashion(ShopByFashionTest.java:19)
                        	at sun.reflect.NativeMethodAccessorImpl.invoke0(Native Method)
                        	at sun.reflect.NativeMethodAccessorImpl.invoke(NativeMethodAccessorImpl.java:62)
                        	at sun.reflect.DelegatingMethodAccessorImpl.invoke(DelegatingMethodAccessorImpl.java:43)
                        	at java.lang.reflect.Method.invoke(Method.java:498)
                        	at org.testng.internal.MethodInvocationHelper.invokeMethod(MethodInvocationHelper.java:85)
                        	at org.testng.internal.Invoker.invokeMethod(Invoker.java:639)
                        	at org.testng.internal.Invoker.invokeTestMethod(Invoker.java:816)
                        	at org.testng.internal.Invoker.invokeTestMethods(Invoker.java:1124)
                        	at org.testng.internal.TestMethodWorker.invokeTestMethods(TestMethodWorker.java:125)
                        	at org.testng.internal.TestMethodWorker.run(TestMethodWorker.java:108)
                        	at org.testng.TestRunner.privateRun(TestRunner.java:774)
                        	at org.testng.TestRunner.run(TestRunner.java:624)
                        	at org.testng.SuiteRunner.runTest(SuiteRunner.java:359)
                        	at org.testng.SuiteRunner.runSequentially(SuiteRunner.java:354)
                        	at org.testng.SuiteRunner.privateRun(SuiteRunner.java:312)
                        	at org.testng.SuiteRunner.run(SuiteRunner.java:261)
                        	at org.testng.SuiteRunnerWorker.runSuite(SuiteRunnerWorker.java:52)
                        	at org.testng.SuiteRunnerWorker.run(SuiteRunnerWorker.java:86)
                        	at org.testng.TestNG.runSuitesSequentially(TestNG.java:1215)
                        	at org.testng.TestNG.runSuitesLocally(TestNG.java:1140)
                        	at org.testng.TestNG.run(TestNG.java:1048)
                        	at org.testng.TestNG.privateMain(TestNG.java:1355)
                        	at org.testng.TestNG.main(TestNG.java:1324)
                        Caused by: org.openqa.selenium.WebDriverException: org.apache.http.conn.HttpHostConnectException: Connect to 0.0.0.0:4723
                        [/0.0.0.0] failed: Connection refused (Connection refused)
                        Build info: version: '2.52.0', revision: '4c2593c', time: '2016-02-11 19:06:42'
                        System info: host: 'kartik.local', ip: '10.10.254.156', os.name: 'Mac OS X', os.arch: 'x86_64', os.version: '10.12.3', java.version:
                        '1.8.0_111'
                        Driver info: driver.version: IOSDriver
                        	at io.appium.java_client.remote.AppiumCommandExecutor.execute(AppiumCommandExecutor.java:84)
                        	at org.openqa.selenium.remote.RemoteWebDriver.execute(RemoteWebDriver.java:644)
                        	... 35 more
                        Caused by: org.apache.http.conn.HttpHostConnectException: Connect to 0.0.0.0:4723 [/0.0.0.0] failed: Connection refused (Connection
                        refused)
                        	at org.apache.http.impl.conn.DefaultHttpClientConnectionOperator.connect(DefaultHttpClientConnectionOperator.java:151)
                        	at org.apache.http.impl.conn.PoolingHttpClientConnectionManager.connect(PoolingHttpClientConnectionManager.java:353)
                        	at org.apache.http.impl.execchain.MainClientExec.establishRoute(MainClientExec.java:380)
                        	at org.apache.http.impl.execchain.MainClientExec.execute(MainClientExec.java:236)
                        	at org.apache.http.impl.execchain.ProtocolExec.execute(ProtocolExec.java:184)
                        	at org.apache.http.impl.execchain.RetryExec.execute(RetryExec.java:88)
                        	at org.apache.http.impl.execchain.RedirectExec.execute(RedirectExec.java:110)
                        	at org.apache.http.impl.client.InternalHttpClient.doExecute(InternalHttpClient.java:184)
                        	at org.apache.http.impl.client.CloseableHttpClient.execute(CloseableHttpClient.java:71)
                        	at org.apache.http.impl.client.CloseableHttpClient.execute(CloseableHttpClient.java:55)
                        	at org.openqa.selenium.remote.internal.ApacheHttpClient.fallBackExecute(ApacheHttpClient.java:144)
                        	at org.openqa.selenium.remote.internal.ApacheHttpClient.execute(ApacheHttpClient.java:90)
                        	at org.openqa.selenium.remote.HttpCommandExecutor.execute(HttpCommandExecutor.java:142)
                        	at io.appium.java_client.remote.AppiumCommandExecutor.execute(AppiumCommandExecutor.java:69)
                        	... 36 more
                        Caused by: java.net.ConnectException: Connection refused (Connection refused)
                        	at java.net.PlainSocketImpl.socketConnect(Native Method)
                        	at java.net.AbstractPlainSocketImpl.doConnect(AbstractPlainSocketImpl.java:350)
                        	at java.net.AbstractPlainSocketImpl.connectToAddress(AbstractPlainSocketImpl.java:204)
                        	at java.net.AbstractPlainSocketImpl.connect(AbstractPlainSocketImpl.java:188)
                        	at java.net.SocksSocketImpl.connect(SocksSocketImpl.java:392)
                        	at java.net.Socket.connect(Socket.java:589)
                        	at org.apache.http.conn.socket.PlainConnectionSocketFactory.connectSocket(PlainConnectionSocketFactory.java:74)
                        	at org.apache.http.impl.conn.DefaultHttpClientConnectionOperator.connect(DefaultHttpClientConnectionOperator.java:134)
                        	... 49 more
                     </pre>
                  </div>
               </td>
            </tr>
            <tr id="com.noon.iosapp.ShopByFashionTest_quit_byClass_PASS2_row"
                class="testMethodStatusPASS testMethodStatusCONF">
               <td width="100%" class="firstMethodCell">
                  <a onclick="toggleDetailsVisibility('com.noon.iosapp.ShopByFashionTest_quit_byClass_PASS2_details')">quit()</a>
               </td>
               <td nowrap="true">11:41:29</td>
               <td nowrap="true" align="right">17 ms
                  
               </td>
               <td nowrap="true">
                   
                  
               </td>
            </tr>
            <tr>
               <td colspan="4" class="detailsBox">
                  <div id="com.noon.iosapp.ShopByFashionTest_quit_byClass_PASS2_details"
                       class="testMethodDetails">
                     <div>
                        <b>Name: </b>quit
                     </div>
                     <div>
                        <b>Signature: </b>quit()[pri:0, instance:com.noon.iosapp.ShopByFashionTest@43738a82]
                     </div>
                     <div>
                        <b>Start time: </b>11:41:29
                     </div>
                     <div>
                        <b>End time: </b>11:41:29
                     </div>
                     <div>
                        <b>Duration: </b>17 ms
                        
                     </div>
                  </div>
               </td>
            </tr>
            <tr></tr>
         </table>
         <br></br>
      </div>
      <div style="margin-top: 15px; color: gray; text-align: center; font-size: 9px;">
         Generated with
         
         <a href="http://code.google.com/p/testng-xslt/" style="color: #8888aa;"
            target="_blank">
            TestNG XSLT
            
         </a>
      </div>
   </body>
</html>