<html xmlns:math="http://exslt.org/math" xmlns:testng="http://testng.org">
   <head>
      <title>TestNG Results</title>
      <meta http-equiv="content-type" content="text/html; charset=utf-8"></meta>
      <meta http-equiv="pragma" content="no-cache"></meta>
      <meta http-equiv="cache-control" content="max-age=0"></meta>
      <meta http-equiv="cache-control" content="no-cache"></meta>
      <meta http-equiv="cache-control" content="no-store"></meta>
      <LINK rel="stylesheet" href="style.css"></LINK>
      <script type="text/javascript" src="main.js"></script>
   </head>
   <body>
      <table width="100%" style="font-size: 16px; margin-bottom: 10px;" cellspacing="1">
         <tr>
            <td width="100%">
               Test case
               
               <b>Add new address from Address Book Test</b>
            </td>
            <td style="background-color: #FFBBBB; padding: 3px 3px 3px 0;" align="center">
               <div style="width: 50px;">1</div>
            </td>
            <td style="background-color: lightgreen; padding: 3px 3px 3px 0;" align="center">
               <div style="width: 50px;">0</div>
            </td>
            <td style="background-color: #FFFFBB; padding: 3px 3px 3px 0;" align="center">
               <div style="width: 50px;">0</div>
            </td>
            <td align="center" style="background-color: #eaf0f7; padding: 3px 3px 3px 0;">
               <div style="width: 50px;">1</div>
            </td>
            <td align="center"
                style="font-weight: bold; background-color: #eaf0f7; padding: 3px 3px 3px 0;">
               <div style="width: 50px;">0%</div>
            </td>
            <td style="background-color: #eaf0f7; padding: 3px 3px 3px 0;" align="center"
                nowrap="true">1m
               25s
               
            </td>
         </tr>
      </table>
      <div style="width: 200px;">
         <label for="groupMethodsCheckBox" style="font-weight: bold; margin: 0;">
            <input id="groupMethodsCheckBox" type="checkbox" onclick="switchTestMethodsView(this)"></input>
            Group by class
            
         </label>
         <br></br>
         <label for="methodsFilter_ALL" style="font-weight: bold; margin: 0;">
            <input id="methodsFilter_ALL" type="checkbox"
                   onclick="testMethodsFilterChanged(this, 'ALL')"></input>
            All
            
         </label>
      </div>
      <label for="methodsFilter_FAIL" style="margin-left: 20px;">
         <input id="methodsFilter_FAIL" type="checkbox"
                onclick="testMethodsFilterChanged(this, 'FAIL')"
                checked=""></input>
         Failed
         
      </label>
      <label for="methodsFilter_PASS">
         <input id="methodsFilter_PASS" type="checkbox"
                onclick="testMethodsFilterChanged(this, 'PASS')"
                checked=""></input>
         Passed
         
      </label>
      <label for="methodsFilter_SKIP">
         <input id="methodsFilter_SKIP" type="checkbox"
                onclick="testMethodsFilterChanged(this, 'SKIP')"
                checked=""></input>
         Skipped
         
      </label>
      <label for="methodsFilter_CONF">
         <input id="methodsFilter_CONF" type="checkbox"
                onclick="testMethodsFilterChanged(this, 'CONF')"></input>
         Config
         
      </label>
      <br></br>
      <div id="testMethodsByStatus">
         <table class="testMethodsTable" cellpadding="0" cellspacing="0">
            <tr class="methodsTableHeader">
               <td width="100%">Name</td>
               <td nowrap="true">Started</td>
               <td nowrap="true">Duration</td>
               <td>Exception</td>
            </tr>
            <tr id="com.noon.iosapp.AddAddressBookTest_addAddressBook_byStatus_failed_FAIL1_row"
                class="testMethodStatusFAIL">
               <td width="100%" class="firstMethodCell">
                  <a onclick="toggleDetailsVisibility('com.noon.iosapp.AddAddressBookTest_addAddressBook_byStatus_failed_FAIL1_details')">addAddressBook()</a>
               </td>
               <td nowrap="true">16:01:05</td>
               <td nowrap="true" align="right">1m
                  25s
                  
               </td>
               <td nowrap="true">
                  <a onclick="toggleDetailsVisibility('com.noon.iosapp.AddAddressBookTest_addAddressBook_byStatus_failed_FAIL1_exception')">java.lang.NoClassDefFoundError: 
                     com/fasterxml/jackson/databind/JavaType
                     
                  </a>
                   
                  
               </td>
            </tr>
            <tr>
               <td colspan="4" class="detailsBox">
                  <div id="com.noon.iosapp.AddAddressBookTest_addAddressBook_byStatus_failed_FAIL1_details"
                       class="testMethodDetails">
                     <div>
                        <b>Name: </b>addAddressBook
                     </div>
                     <div>
                        <b>Signature: </b>addAddressBook()[pri:0, instance:com.noon.iosapp.AddAddressBookTest@eafc191]
                     </div>
                     <div>
                        <b>Start time: </b>16:01:05
                     </div>
                     <div>
                        <b>End time: </b>16:02:29
                     </div>
                     <div>
                        <b>Duration: </b>1m
                        25s
                        
                     </div>
                  </div>
               </td>
            </tr>
            <tr>
               <td colspan="4" class="detailsBox">
                  <div id="com.noon.iosapp.AddAddressBookTest_addAddressBook_byStatus_failed_FAIL1_exception"
                       class="testMethodDetails">
                     <pre style="padding: 5px; margin: 0;">java.lang.NoClassDefFoundError: com/fasterxml/jackson/databind/JavaType
                        	at services.AddressService.deleteAllAddresses(AddressService.java:27)
                        	at com.noon.iosapp.AddAddressBookTest.addAddressBook(AddAddressBookTest.java:67)
                        	at sun.reflect.NativeMethodAccessorImpl.invoke0(Native Method)
                        	at sun.reflect.NativeMethodAccessorImpl.invoke(NativeMethodAccessorImpl.java:62)
                        	at sun.reflect.DelegatingMethodAccessorImpl.invoke(DelegatingMethodAccessorImpl.java:43)
                        	at java.lang.reflect.Method.invoke(Method.java:498)
                        	at org.testng.internal.MethodInvocationHelper.invokeMethod(MethodInvocationHelper.java:85)
                        	at org.testng.internal.Invoker.invokeMethod(Invoker.java:639)
                        	at org.testng.internal.Invoker.invokeTestMethod(Invoker.java:816)
                        	at org.testng.internal.Invoker.invokeTestMethods(Invoker.java:1124)
                        	at org.testng.internal.TestMethodWorker.invokeTestMethods(TestMethodWorker.java:125)
                        	at org.testng.internal.TestMethodWorker.run(TestMethodWorker.java:108)
                        	at org.testng.TestRunner.privateRun(TestRunner.java:774)
                        	at org.testng.TestRunner.run(TestRunner.java:624)
                        	at org.testng.SuiteRunner.runTest(SuiteRunner.java:359)
                        	at org.testng.SuiteRunner.runSequentially(SuiteRunner.java:354)
                        	at org.testng.SuiteRunner.privateRun(SuiteRunner.java:312)
                        	at org.testng.SuiteRunner.run(SuiteRunner.java:261)
                        	at org.testng.SuiteRunnerWorker.runSuite(SuiteRunnerWorker.java:52)
                        	at org.testng.SuiteRunnerWorker.run(SuiteRunnerWorker.java:86)
                        	at org.testng.TestNG.runSuitesSequentially(TestNG.java:1215)
                        	at org.testng.TestNG.runSuitesLocally(TestNG.java:1140)
                        	at org.testng.TestNG.run(TestNG.java:1048)
                        	at org.testng.TestNG.privateMain(TestNG.java:1355)
                        	at org.testng.TestNG.main(TestNG.java:1324)
                        Caused by: java.lang.ClassNotFoundException: com.fasterxml.jackson.databind.JavaType
                        	at java.net.URLClassLoader.findClass(URLClassLoader.java:381)
                        	at java.lang.ClassLoader.loadClass(ClassLoader.java:424)
                        	at sun.misc.Launcher$AppClassLoader.loadClass(Launcher.java:331)
                        	at java.lang.ClassLoader.loadClass(ClassLoader.java:357)
                        	... 25 more
                     </pre>
                  </div>
               </td>
            </tr>
            <tr id="com.noon.iosapp.AddAddressBookTest_quit_byStatus_passed_PASS1_row"
                class="testMethodStatusPASS testMethodStatusCONF">
               <td width="100%" class="firstMethodCell">
                  <a onclick="toggleDetailsVisibility('com.noon.iosapp.AddAddressBookTest_quit_byStatus_passed_PASS1_details')">quit()</a>
               </td>
               <td nowrap="true">16:02:29</td>
               <td nowrap="true" align="right">439 ms
                  
               </td>
               <td nowrap="true">
                   
                  
               </td>
            </tr>
            <tr>
               <td colspan="4" class="detailsBox">
                  <div id="com.noon.iosapp.AddAddressBookTest_quit_byStatus_passed_PASS1_details"
                       class="testMethodDetails">
                     <div>
                        <b>Name: </b>quit
                     </div>
                     <div>
                        <b>Signature: </b>quit()[pri:0, instance:com.noon.iosapp.AddAddressBookTest@eafc191]
                     </div>
                     <div>
                        <b>Start time: </b>16:02:29
                     </div>
                     <div>
                        <b>End time: </b>16:02:30
                     </div>
                     <div>
                        <b>Duration: </b>439 ms
                        
                     </div>
                  </div>
               </td>
            </tr>
            <tr></tr>
         </table>
      </div>
      <div id="testMethodsByClass" style="display: none;">
         <table class="testMethodsTable" cellpadding="0" cellspacing="0">
            <tr>
               <td colspan="4">
                  <h3 style="display: inline;">com.noon.iosapp.AddAddressBookTest</h3>
               </td>
            </tr>
            <tr class="methodsTableHeader">
               <td width="100%">Name</td>
               <td nowrap="true">Started</td>
               <td nowrap="true">Duration</td>
               <td>Exception</td>
            </tr>
            <tr id="com.noon.iosapp.AddAddressBookTest_addAddressBook_byClass_FAIL1_row"
                class="testMethodStatusFAIL">
               <td width="100%" class="firstMethodCell">
                  <a onclick="toggleDetailsVisibility('com.noon.iosapp.AddAddressBookTest_addAddressBook_byClass_FAIL1_details')">addAddressBook()</a>
               </td>
               <td nowrap="true">16:01:05</td>
               <td nowrap="true" align="right">1m
                  25s
                  
               </td>
               <td nowrap="true">
                  <a onclick="toggleDetailsVisibility('com.noon.iosapp.AddAddressBookTest_addAddressBook_byClass_FAIL1_exception')">java.lang.NoClassDefFoundError: 
                     com/fasterxml/jackson/databind/JavaType
                     
                  </a>
                   
                  
               </td>
            </tr>
            <tr>
               <td colspan="4" class="detailsBox">
                  <div id="com.noon.iosapp.AddAddressBookTest_addAddressBook_byClass_FAIL1_details"
                       class="testMethodDetails">
                     <div>
                        <b>Name: </b>addAddressBook
                     </div>
                     <div>
                        <b>Signature: </b>addAddressBook()[pri:0, instance:com.noon.iosapp.AddAddressBookTest@eafc191]
                     </div>
                     <div>
                        <b>Start time: </b>16:01:05
                     </div>
                     <div>
                        <b>End time: </b>16:02:29
                     </div>
                     <div>
                        <b>Duration: </b>1m
                        25s
                        
                     </div>
                  </div>
               </td>
            </tr>
            <tr>
               <td colspan="4" class="detailsBox">
                  <div id="com.noon.iosapp.AddAddressBookTest_addAddressBook_byClass_FAIL1_exception"
                       class="testMethodDetails">
                     <pre style="padding: 5px; margin: 0;">java.lang.NoClassDefFoundError: com/fasterxml/jackson/databind/JavaType
                        	at services.AddressService.deleteAllAddresses(AddressService.java:27)
                        	at com.noon.iosapp.AddAddressBookTest.addAddressBook(AddAddressBookTest.java:67)
                        	at sun.reflect.NativeMethodAccessorImpl.invoke0(Native Method)
                        	at sun.reflect.NativeMethodAccessorImpl.invoke(NativeMethodAccessorImpl.java:62)
                        	at sun.reflect.DelegatingMethodAccessorImpl.invoke(DelegatingMethodAccessorImpl.java:43)
                        	at java.lang.reflect.Method.invoke(Method.java:498)
                        	at org.testng.internal.MethodInvocationHelper.invokeMethod(MethodInvocationHelper.java:85)
                        	at org.testng.internal.Invoker.invokeMethod(Invoker.java:639)
                        	at org.testng.internal.Invoker.invokeTestMethod(Invoker.java:816)
                        	at org.testng.internal.Invoker.invokeTestMethods(Invoker.java:1124)
                        	at org.testng.internal.TestMethodWorker.invokeTestMethods(TestMethodWorker.java:125)
                        	at org.testng.internal.TestMethodWorker.run(TestMethodWorker.java:108)
                        	at org.testng.TestRunner.privateRun(TestRunner.java:774)
                        	at org.testng.TestRunner.run(TestRunner.java:624)
                        	at org.testng.SuiteRunner.runTest(SuiteRunner.java:359)
                        	at org.testng.SuiteRunner.runSequentially(SuiteRunner.java:354)
                        	at org.testng.SuiteRunner.privateRun(SuiteRunner.java:312)
                        	at org.testng.SuiteRunner.run(SuiteRunner.java:261)
                        	at org.testng.SuiteRunnerWorker.runSuite(SuiteRunnerWorker.java:52)
                        	at org.testng.SuiteRunnerWorker.run(SuiteRunnerWorker.java:86)
                        	at org.testng.TestNG.runSuitesSequentially(TestNG.java:1215)
                        	at org.testng.TestNG.runSuitesLocally(TestNG.java:1140)
                        	at org.testng.TestNG.run(TestNG.java:1048)
                        	at org.testng.TestNG.privateMain(TestNG.java:1355)
                        	at org.testng.TestNG.main(TestNG.java:1324)
                        Caused by: java.lang.ClassNotFoundException: com.fasterxml.jackson.databind.JavaType
                        	at java.net.URLClassLoader.findClass(URLClassLoader.java:381)
                        	at java.lang.ClassLoader.loadClass(ClassLoader.java:424)
                        	at sun.misc.Launcher$AppClassLoader.loadClass(Launcher.java:331)
                        	at java.lang.ClassLoader.loadClass(ClassLoader.java:357)
                        	... 25 more
                     </pre>
                  </div>
               </td>
            </tr>
            <tr id="com.noon.iosapp.AddAddressBookTest_quit_byClass_PASS2_row"
                class="testMethodStatusPASS testMethodStatusCONF">
               <td width="100%" class="firstMethodCell">
                  <a onclick="toggleDetailsVisibility('com.noon.iosapp.AddAddressBookTest_quit_byClass_PASS2_details')">quit()</a>
               </td>
               <td nowrap="true">16:02:29</td>
               <td nowrap="true" align="right">439 ms
                  
               </td>
               <td nowrap="true">
                   
                  
               </td>
            </tr>
            <tr>
               <td colspan="4" class="detailsBox">
                  <div id="com.noon.iosapp.AddAddressBookTest_quit_byClass_PASS2_details"
                       class="testMethodDetails">
                     <div>
                        <b>Name: </b>quit
                     </div>
                     <div>
                        <b>Signature: </b>quit()[pri:0, instance:com.noon.iosapp.AddAddressBookTest@eafc191]
                     </div>
                     <div>
                        <b>Start time: </b>16:02:29
                     </div>
                     <div>
                        <b>End time: </b>16:02:30
                     </div>
                     <div>
                        <b>Duration: </b>439 ms
                        
                     </div>
                  </div>
               </td>
            </tr>
            <tr></tr>
         </table>
         <br></br>
      </div>
      <div style="margin-top: 15px; color: gray; text-align: center; font-size: 9px;">
         Generated with
         
         <a href="http://code.google.com/p/testng-xslt/" style="color: #8888aa;"
            target="_blank">
            TestNG XSLT
            
         </a>
      </div>
   </body>
</html>