<!DOCTYPE html PUBLIC "-//W3C//DTD XHTML 1.1//EN" "http://www.w3.org/TR/xhtml11/DTD/xhtml11.dtd">
<html xmlns="http://www.w3.org/1999/xhtml"><head><title>TestNG Report</title><style type="text/css">table {margin-bottom:10px;border-collapse:collapse;empty-cells:show}th,td {border:1px solid #009;padding:.25em .5em}th {vertical-align:bottom}td {vertical-align:top}table a {font-weight:bold}.stripe td {background-color: #E6EBF9}.num {text-align:right}.passedodd td {background-color: #3F3}.passedeven td {background-color: #0A0}.skippedodd td {background-color: #DDD}.skippedeven td {background-color: #CCC}.failedodd td,.attn {background-color: #F33}.failedeven td,.stripe .attn {background-color: #D00}.stacktrace {white-space:pre;font-family:monospace}.totop {font-size:85%;text-align:center;border-bottom:2px solid #000}</style></head><body><table><tr><th>Test</th><th># Passed</th><th># Skipped</th><th># Failed</th><th>Time (ms)</th><th>Included Groups</th><th>Excluded Groups</th></tr><tr><th colspan="7">Noon</th></tr><tr><td><a href="#t0">Splash screen Test</a></td><td class="num">1</td><td class="num">0</td><td class="num">0</td><td class="num">24,185</td><td></td><td></td></tr><tr class="stripe"><td><a href="#t1">Localization page Test</a></td><td class="num">1</td><td class="num">0</td><td class="num">0</td><td class="num">30,211</td><td></td><td></td></tr><tr><td><a href="#t2">Side Bar Menu link Test</a></td><td class="num">1</td><td class="num">0</td><td class="num">0</td><td class="num">44,872</td><td></td><td></td></tr><tr class="stripe"><td><a href="#t3">Search Test</a></td><td class="num">1</td><td class="num">0</td><td class="num">0</td><td class="num">37,800</td><td></td><td></td></tr><tr><td><a href="#t4">Product Details Test</a></td><td class="num">1</td><td class="num">0</td><td class="num">0</td><td class="num">57,915</td><td></td><td></td></tr><tr class="stripe"><td><a href="#t5">Register email through OTP code Test</a></td><td class="num">0</td><td class="num">0</td><td class="num attn">1</td><td class="num">70,070</td><td></td><td></td></tr><tr><td><a href="#t6">Login By Phone Test</a></td><td class="num">1</td><td class="num">0</td><td class="num">0</td><td class="num">204,207</td><td></td><td></td></tr><tr class="stripe"><td><a href="#t7">Login By Email Test</a></td><td class="num">1</td><td class="num">0</td><td class="num">0</td><td class="num">71,536</td><td></td><td></td></tr><tr><td><a href="#t8">Add to cart Test</a></td><td class="num">1</td><td class="num">0</td><td class="num">0</td><td class="num">48,947</td><td></td><td></td></tr><tr class="stripe"><td><a href="#t9">Buy now Test</a></td><td class="num">1</td><td class="num">0</td><td class="num">0</td><td class="num">47,011</td><td></td><td></td></tr><tr><td><a href="#t10">Edit cart Test</a></td><td class="num">1</td><td class="num">0</td><td class="num">0</td><td class="num">46,065</td><td></td><td></td></tr><tr class="stripe"><td><a href="#t11">Add new address from Address Book Test</a></td><td class="num">0</td><td class="num">0</td><td class="num attn">1</td><td class="num">85,152</td><td></td><td></td></tr><tr><td><a href="#t12">Add new address from checkout Test</a></td><td class="num">0</td><td class="num">0</td><td class="num attn">1</td><td class="num">49,820</td><td></td><td></td></tr><tr class="stripe"><td><a href="#t13">Add credit card through Wallet Test</a></td><td class="num">1</td><td class="num">0</td><td class="num">0</td><td class="num">148,520</td><td></td><td></td></tr><tr><td><a href="#t14">Add credit card through checkout Test</a></td><td class="num">0</td><td class="num">0</td><td class="num attn">1</td><td class="num">77,399</td><td></td><td></td></tr><tr class="stripe"><td><a href="#t15">Checkout through COD Test</a></td><td class="num">0</td><td class="num">0</td><td class="num attn">1</td><td class="num">55,699</td><td></td><td></td></tr><tr><td><a href="#t16">Pay with credit card  Test</a></td><td class="num">0</td><td class="num">0</td><td class="num attn">1</td><td class="num">50,866</td><td></td><td></td></tr><tr><th>Total</th><th class="num">11</th><th class="num">0</th><th class="num attn">6</th><th class="num">1,150,275</th><th colspan="2"></th></tr></table><table><thead><tr><th>Class</th><th>Method</th><th>Start</th><th>Time (ms)</th></tr></thead><tbody><tr><th colspan="4">Noon</th></tr></tbody><tbody id="t0"><tr><th colspan="4">Splash screen Test &#8212; passed</th></tr><tr class="passedeven"><td rowspan="1">com.noon.iosapp.SplashScreenTest</td><td><a href="#m0">SplashScreen</a></td><td rowspan="1">1491479381976</td><td rowspan="1">23519</td></tr></tbody><tbody id="t1"><tr><th colspan="4">Localization page Test &#8212; passed</th></tr><tr class="passedeven"><td rowspan="1">com.noon.iosapp.LocalizationTest</td><td><a href="#m1">prodcutDetails</a></td><td rowspan="1">1491479406165</td><td rowspan="1">29801</td></tr></tbody><tbody id="t2"><tr><th colspan="4">Side Bar Menu link Test &#8212; passed</th></tr><tr class="passedeven"><td rowspan="1">com.noon.iosapp.SideBarLinksTest</td><td><a href="#m2">sideBarLinks</a></td><td rowspan="1">1491479436380</td><td rowspan="1">44451</td></tr></tbody><tbody id="t3"><tr><th colspan="4">Search Test &#8212; passed</th></tr><tr class="passedeven"><td rowspan="1">com.noon.iosapp.SearchTest</td><td><a href="#m3">searchItems</a></td><td rowspan="1">1491479481255</td><td rowspan="1">37372</td></tr></tbody><tbody id="t4"><tr><th colspan="4">Product Details Test &#8212; passed</th></tr><tr class="passedeven"><td rowspan="1">com.noon.iosapp.ProductDetailsTest</td><td><a href="#m4">prodcutDetails</a></td><td rowspan="1">1491479519058</td><td rowspan="1">57496</td></tr></tbody><tbody id="t5"><tr><th colspan="4">Register email through OTP code Test &#8212; failed</th></tr><tr class="failedeven"><td rowspan="1">com.noon.iosapp.RegisterWithEmailTest</td><td><a href="#m5">registerWithEmail</a></td><td rowspan="1">1491479576976</td><td rowspan="1">69662</td></tr></tbody><tbody id="t6"><tr><th colspan="4">Login By Phone Test &#8212; passed</th></tr><tr class="passedeven"><td rowspan="1">com.noon.iosapp.LoginByPhoneTest</td><td><a href="#m6">loginByPhone</a></td><td rowspan="1">1491479647051</td><td rowspan="1">203729</td></tr></tbody><tbody id="t7"><tr><th colspan="4">Login By Email Test &#8212; passed</th></tr><tr class="passedeven"><td rowspan="1">com.noon.iosapp.LoginByEmailTest</td><td><a href="#m7">loginByEmail</a></td><td rowspan="1">1491479851499</td><td rowspan="1">71067</td></tr></tbody><tbody id="t8"><tr><th colspan="4">Add to cart Test &#8212; passed</th></tr><tr class="passedeven"><td rowspan="1">com.noon.iosapp.AddToCartTest</td><td><a href="#m8">addToCart</a></td><td rowspan="1">1491479923036</td><td rowspan="1">48492</td></tr></tbody><tbody id="t9"><tr><th colspan="4">Buy now Test &#8212; passed</th></tr><tr class="passedeven"><td rowspan="1">com.noon.iosapp.BuyNowTest</td><td><a href="#m9">buyNowItems</a></td><td rowspan="1">1491479971987</td><td rowspan="1">46567</td></tr></tbody><tbody id="t10"><tr><th colspan="4">Edit cart Test &#8212; passed</th></tr><tr class="passedeven"><td rowspan="1">com.noon.iosapp.EditCartTest</td><td><a href="#m10">editCartItems</a></td><td rowspan="1">1491480019000</td><td rowspan="1">45608</td></tr></tbody><tbody id="t11"><tr><th colspan="4">Add new address from Address Book Test &#8212; failed</th></tr><tr class="failedeven"><td rowspan="1">com.noon.iosapp.AddAddressBookTest</td><td><a href="#m11">addAddressBook</a></td><td rowspan="1">1491480065067</td><td rowspan="1">84712</td></tr></tbody><tbody id="t12"><tr><th colspan="4">Add new address from checkout Test &#8212; failed</th></tr><tr class="failedeven"><td rowspan="1">com.noon.iosapp.AddAddressCheckoutTest</td><td><a href="#m12">addToCart</a></td><td rowspan="1">1491480150224</td><td rowspan="1">49377</td></tr></tbody><tbody id="t13"><tr><th colspan="4">Add credit card through Wallet Test &#8212; passed</th></tr><tr class="passedeven"><td rowspan="1">com.noon.iosapp.AddCreditCardWalletTest</td><td><a href="#m13">addCreditCardWallet</a></td><td rowspan="1">1491480200050</td><td rowspan="1">148062</td></tr></tbody><tbody id="t14"><tr><th colspan="4">Add credit card through checkout Test &#8212; failed</th></tr><tr class="failedeven"><td rowspan="1">com.noon.iosapp.AddCreditCardCheckoutTest</td><td><a href="#m14">AddCreditCardCheckout</a></td><td rowspan="1">1491480348573</td><td rowspan="1">76967</td></tr></tbody><tbody id="t15"><tr><th colspan="4">Checkout through COD Test &#8212; failed</th></tr><tr class="failedeven"><td rowspan="1">com.noon.iosapp.PayWithCODTest</td><td><a href="#m15">payWithCODCard</a></td><td rowspan="1">1491480425979</td><td rowspan="1">55253</td></tr></tbody><tbody id="t16"><tr><th colspan="4">Pay with credit card  Test &#8212; failed</th></tr><tr class="failedeven"><td rowspan="1">com.noon.iosapp.PayWithCreditCardTest</td><td><a href="#m16">AddCreditCardCheckout</a></td><td rowspan="1">1491480481686</td><td rowspan="1">50387</td></tr></tbody></table><h2>Splash screen Test</h2><h3 id="m0">com.noon.iosapp.SplashScreenTest#SplashScreen</h3><table class="result"></table><p class="totop"><a href="#summary">back to summary</a></p><h2>Localization page Test</h2><h3 id="m1">com.noon.iosapp.LocalizationTest#prodcutDetails</h3><table class="result"></table><p class="totop"><a href="#summary">back to summary</a></p><h2>Side Bar Menu link Test</h2><h3 id="m2">com.noon.iosapp.SideBarLinksTest#sideBarLinks</h3><table class="result"></table><p class="totop"><a href="#summary">back to summary</a></p><h2>Search Test</h2><h3 id="m3">com.noon.iosapp.SearchTest#searchItems</h3><table class="result"></table><p class="totop"><a href="#summary">back to summary</a></p><h2>Product Details Test</h2><h3 id="m4">com.noon.iosapp.ProductDetailsTest#prodcutDetails</h3><table class="result"></table><p class="totop"><a href="#summary">back to summary</a></p><h2>Register email through OTP code Test</h2><h3 id="m5">com.noon.iosapp.RegisterWithEmailTest#registerWithEmail</h3><table class="result"><tr><th>Exception</th></tr><tr><td><div class="stacktrace">java.lang.NoClassDefFoundError: org/slf4j/LoggerFactory
	at services.OTPExtractionService.&lt;clinit&gt;(OTPExtractionService.java:22)
	at com.noon.iosapp.pages.RegisterWithEmailPage.registerWithEmail(RegisterWithEmailPage.java:126)
	at com.noon.iosapp.RegisterWithEmailTest.registerWithEmail(RegisterWithEmailTest.java:28)
Caused by: java.lang.ClassNotFoundException: org.slf4j.LoggerFactory
	at java.net.URLClassLoader.findClass(URLClassLoader.java:381)
	at java.lang.ClassLoader.loadClass(ClassLoader.java:424)
	at sun.misc.Launcher$AppClassLoader.loadClass(Launcher.java:331)
	at java.lang.ClassLoader.loadClass(ClassLoader.java:357)
	... 26 more
... Removed 23 stack frames</div></td></tr></table><p class="totop"><a href="#summary">back to summary</a></p><h2>Login By Phone Test</h2><h3 id="m6">com.noon.iosapp.LoginByPhoneTest#loginByPhone</h3><table class="result"></table><p class="totop"><a href="#summary">back to summary</a></p><h2>Login By Email Test</h2><h3 id="m7">com.noon.iosapp.LoginByEmailTest#loginByEmail</h3><table class="result"></table><p class="totop"><a href="#summary">back to summary</a></p><h2>Add to cart Test</h2><h3 id="m8">com.noon.iosapp.AddToCartTest#addToCart</h3><table class="result"></table><p class="totop"><a href="#summary">back to summary</a></p><h2>Buy now Test</h2><h3 id="m9">com.noon.iosapp.BuyNowTest#buyNowItems</h3><table class="result"></table><p class="totop"><a href="#summary">back to summary</a></p><h2>Edit cart Test</h2><h3 id="m10">com.noon.iosapp.EditCartTest#editCartItems</h3><table class="result"></table><p class="totop"><a href="#summary">back to summary</a></p><h2>Add new address from Address Book Test</h2><h3 id="m11">com.noon.iosapp.AddAddressBookTest#addAddressBook</h3><table class="result"><tr><th>Exception</th></tr><tr><td><div class="stacktrace">java.lang.NoClassDefFoundError: com/fasterxml/jackson/databind/JavaType
	at services.AddressService.deleteAllAddresses(AddressService.java:27)
	at com.noon.iosapp.AddAddressBookTest.addAddressBook(AddAddressBookTest.java:67)
Caused by: java.lang.ClassNotFoundException: com.fasterxml.jackson.databind.JavaType
	at java.net.URLClassLoader.findClass(URLClassLoader.java:381)
	at java.lang.ClassLoader.loadClass(ClassLoader.java:424)
	at sun.misc.Launcher$AppClassLoader.loadClass(Launcher.java:331)
	at java.lang.ClassLoader.loadClass(ClassLoader.java:357)
	... 25 more
... Removed 23 stack frames</div></td></tr></table><p class="totop"><a href="#summary">back to summary</a></p><h2>Add new address from checkout Test</h2><h3 id="m12">com.noon.iosapp.AddAddressCheckoutTest#addToCart</h3><table class="result"><tr><th>Exception</th></tr><tr><td><div class="stacktrace">org.openqa.selenium.NoSuchElementException: An element could not be located on the page using the given search parameters. (WARNING: The server did not provide any stacktrace information)
Command duration or timeout: 1.29 seconds
For documentation on this error, please visit: http://seleniumhq.org/exceptions/no_such_element.html
Build info: version: &apos;2.52.0&apos;, revision: &apos;4c2593c&apos;, time: &apos;2016-02-11 19:06:42&apos;
System info: host: &apos;kartik.local&apos;, ip: &apos;169.254.95.48&apos;, os.name: &apos;Mac OS X&apos;, os.arch: &apos;x86_64&apos;, os.version: &apos;10.12.4&apos;, java.version: &apos;1.8.0_111&apos;
Driver info: io.appium.java_client.ios.IOSDriver
Capabilities [{app=/Users/kartikbhatt/test-team/ios/POM_Noon/ipa/FastFish.ipa, networkConnectionEnabled=false, appiumVersion=1.6, databaseEnabled=false, deviceName=iPhone 7, platform=MAC, pressKey=true, platformVersion=10.3, webStorageEnabled=false, locationContextEnabled=false, automationName=XCUITest, browserName=, takesScreenshot=true, javascriptEnabled=true, platformName=iOS, udid=B7C3E4D4-C3EA-4DB0-A808-2ECEB73D8425}]
Session ID: 96d9c551-3045-447c-850d-bc6e77f93d79
*** Element info: {Using=xpath, value=//XCUIElementTypeStaticText[@name=&apos;Sign in with&apos;]}
	at org.openqa.selenium.remote.ErrorHandler.createThrowable(ErrorHandler.java:206)
	at org.openqa.selenium.remote.ErrorHandler.throwIfResponseFailed(ErrorHandler.java:158)
	at org.openqa.selenium.remote.RemoteWebDriver.execute(RemoteWebDriver.java:678)
	at io.appium.java_client.DefaultGenericMobileDriver.execute(DefaultGenericMobileDriver.java:51)
	at io.appium.java_client.AppiumDriver.execute(AppiumDriver.java:1)
	at io.appium.java_client.ios.IOSDriver.execute(IOSDriver.java:1)
	at org.openqa.selenium.remote.RemoteWebDriver.findElement(RemoteWebDriver.java:363)
	at io.appium.java_client.DefaultGenericMobileDriver.findElement(DefaultGenericMobileDriver.java:67)
	at io.appium.java_client.AppiumDriver.findElement(AppiumDriver.java:1)
	at io.appium.java_client.ios.IOSDriver.findElement(IOSDriver.java:1)
	at org.openqa.selenium.remote.RemoteWebDriver.findElementByXPath(RemoteWebDriver.java:500)
	at io.appium.java_client.DefaultGenericMobileDriver.findElementByXPath(DefaultGenericMobileDriver.java:145)
	at io.appium.java_client.AppiumDriver.findElementByXPath(AppiumDriver.java:1)
	at io.appium.java_client.ios.IOSDriver.findElementByXPath(IOSDriver.java:1)
	at org.openqa.selenium.By$ByXPath.findElement(By.java:361)
	at org.openqa.selenium.remote.RemoteWebDriver.findElement(RemoteWebDriver.java:355)
	at io.appium.java_client.DefaultGenericMobileDriver.findElement(DefaultGenericMobileDriver.java:63)
	at io.appium.java_client.AppiumDriver.findElement(AppiumDriver.java:1)
	at io.appium.java_client.ios.IOSDriver.findElement(IOSDriver.java:1)
	at com.noon.iosapp.pages.AddAddressPage.signinTab(AddAddressPage.java:95)
	at com.noon.iosapp.AddAddressCheckoutTest.addToCart(AddAddressCheckoutTest.java:57)
... Removed 27 stack frames</div></td></tr></table><p class="totop"><a href="#summary">back to summary</a></p><h2>Add credit card through Wallet Test</h2><h3 id="m13">com.noon.iosapp.AddCreditCardWalletTest#addCreditCardWallet</h3><table class="result"></table><p class="totop"><a href="#summary">back to summary</a></p><h2>Add credit card through checkout Test</h2><h3 id="m14">com.noon.iosapp.AddCreditCardCheckoutTest#AddCreditCardCheckout</h3><table class="result"><tr><th>Exception</th></tr><tr><td><div class="stacktrace">org.openqa.selenium.TimeoutException: Timed out after 10 seconds waiting for visibility of element located by By.xpath: //XCUIElementTypeStaticText[@name=&apos;Add new address&apos;]
Build info: version: &apos;2.52.0&apos;, revision: &apos;4c2593c&apos;, time: &apos;2016-02-11 19:06:42&apos;
System info: host: &apos;kartik.local&apos;, ip: &apos;169.254.95.48&apos;, os.name: &apos;Mac OS X&apos;, os.arch: &apos;x86_64&apos;, os.version: &apos;10.12.4&apos;, java.version: &apos;1.8.0_111&apos;
Driver info: io.appium.java_client.ios.IOSDriver
Capabilities [{app=/Users/kartikbhatt/test-team/ios/POM_Noon/ipa/FastFish.ipa, networkConnectionEnabled=false, appiumVersion=1.6, databaseEnabled=false, deviceName=iPhone 7, platform=MAC, pressKey=true, platformVersion=10.3, webStorageEnabled=false, locationContextEnabled=false, automationName=XCUITest, browserName=, takesScreenshot=true, javascriptEnabled=true, platformName=iOS, udid=B7C3E4D4-C3EA-4DB0-A808-2ECEB73D8425}]
Session ID: d0f77f26-9ed2-47cb-8dae-5b279dedc0fe
	at org.openqa.selenium.support.ui.WebDriverWait.timeoutException(WebDriverWait.java:80)
	at org.openqa.selenium.support.ui.FluentWait.until(FluentWait.java:261)
	at com.noon.iosapp.pages.AddAddressPage.weDeliverText(AddAddressPage.java:110)
	at com.noon.iosapp.AddCreditCardCheckoutTest.AddCreditCardCheckout(AddCreditCardCheckoutTest.java:73)
Caused by: org.openqa.selenium.NoSuchElementException: An element could not be located on the page using the given search parameters. (WARNING: The server did not provide any stacktrace information)
Command duration or timeout: 1.28 seconds
For documentation on this error, please visit: http://seleniumhq.org/exceptions/no_such_element.html
Build info: version: &apos;2.52.0&apos;, revision: &apos;4c2593c&apos;, time: &apos;2016-02-11 19:06:42&apos;
System info: host: &apos;kartik.local&apos;, ip: &apos;169.254.95.48&apos;, os.name: &apos;Mac OS X&apos;, os.arch: &apos;x86_64&apos;, os.version: &apos;10.12.4&apos;, java.version: &apos;1.8.0_111&apos;
Driver info: io.appium.java_client.ios.IOSDriver
Capabilities [{app=/Users/kartikbhatt/test-team/ios/POM_Noon/ipa/FastFish.ipa, networkConnectionEnabled=false, appiumVersion=1.6, databaseEnabled=false, deviceName=iPhone 7, platform=MAC, pressKey=true, platformVersion=10.3, webStorageEnabled=false, locationContextEnabled=false, automationName=XCUITest, browserName=, takesScreenshot=true, javascriptEnabled=true, platformName=iOS, udid=B7C3E4D4-C3EA-4DB0-A808-2ECEB73D8425}]
Session ID: d0f77f26-9ed2-47cb-8dae-5b279dedc0fe
*** Element info: {Using=xpath, value=//XCUIElementTypeStaticText[@name=&apos;Add new address&apos;]}
	at org.openqa.selenium.remote.ErrorHandler.createThrowable(ErrorHandler.java:206)
	at org.openqa.selenium.remote.ErrorHandler.throwIfResponseFailed(ErrorHandler.java:158)
	at org.openqa.selenium.remote.RemoteWebDriver.execute(RemoteWebDriver.java:678)
	at io.appium.java_client.DefaultGenericMobileDriver.execute(DefaultGenericMobileDriver.java:51)
	at io.appium.java_client.AppiumDriver.execute(AppiumDriver.java:1)
	at io.appium.java_client.ios.IOSDriver.execute(IOSDriver.java:1)
	at org.openqa.selenium.remote.RemoteWebDriver.findElement(RemoteWebDriver.java:363)
	at io.appium.java_client.DefaultGenericMobileDriver.findElement(DefaultGenericMobileDriver.java:67)
	at io.appium.java_client.AppiumDriver.findElement(AppiumDriver.java:1)
	at io.appium.java_client.ios.IOSDriver.findElement(IOSDriver.java:1)
	at org.openqa.selenium.remote.RemoteWebDriver.findElementByXPath(RemoteWebDriver.java:500)
	at io.appium.java_client.DefaultGenericMobileDriver.findElementByXPath(DefaultGenericMobileDriver.java:145)
	at io.appium.java_client.AppiumDriver.findElementByXPath(AppiumDriver.java:1)
	at io.appium.java_client.ios.IOSDriver.findElementByXPath(IOSDriver.java:1)
	at org.openqa.selenium.By$ByXPath.findElement(By.java:361)
	at org.openqa.selenium.remote.RemoteWebDriver.findElement(RemoteWebDriver.java:355)
	at io.appium.java_client.DefaultGenericMobileDriver.findElement(DefaultGenericMobileDriver.java:63)
	at io.appium.java_client.AppiumDriver.findElement(AppiumDriver.java:1)
	at io.appium.java_client.ios.IOSDriver.findElement(IOSDriver.java:1)
	at org.openqa.selenium.support.ui.ExpectedConditions.findElement(ExpectedConditions.java:911)
	at org.openqa.selenium.support.ui.ExpectedConditions.access$0(ExpectedConditions.java:909)
	at org.openqa.selenium.support.ui.ExpectedConditions$7.apply(ExpectedConditions.java:205)
	at org.openqa.selenium.support.ui.ExpectedConditions$7.apply(ExpectedConditions.java:1)
	at org.openqa.selenium.support.ui.FluentWait.until(FluentWait.java:238)
	... 25 more
... Removed 27 stack frames</div></td></tr></table><p class="totop"><a href="#summary">back to summary</a></p><h2>Checkout through COD Test</h2><h3 id="m15">com.noon.iosapp.PayWithCODTest#payWithCODCard</h3><table class="result"><tr><th>Exception</th></tr><tr><td><div class="stacktrace">org.openqa.selenium.TimeoutException: Timed out after 10 seconds waiting for visibility of element located by By.xpath: //XCUIElementTypeCell[2]/XCUIElementTypeButton[1]
Build info: version: &apos;2.52.0&apos;, revision: &apos;4c2593c&apos;, time: &apos;2016-02-11 19:06:42&apos;
System info: host: &apos;kartik.local&apos;, ip: &apos;169.254.95.48&apos;, os.name: &apos;Mac OS X&apos;, os.arch: &apos;x86_64&apos;, os.version: &apos;10.12.4&apos;, java.version: &apos;1.8.0_111&apos;
Driver info: io.appium.java_client.ios.IOSDriver
Capabilities [{app=/Users/kartikbhatt/test-team/ios/POM_Noon/ipa/FastFish.ipa, networkConnectionEnabled=false, appiumVersion=1.6, databaseEnabled=false, deviceName=iPhone 7, platform=MAC, pressKey=true, platformVersion=10.3, webStorageEnabled=false, locationContextEnabled=false, automationName=XCUITest, browserName=, takesScreenshot=true, javascriptEnabled=true, platformName=iOS, udid=B7C3E4D4-C3EA-4DB0-A808-2ECEB73D8425}]
Session ID: c65e42ff-ce1f-4678-8797-134713134fba
	at org.openqa.selenium.support.ui.WebDriverWait.timeoutException(WebDriverWait.java:80)
	at org.openqa.selenium.support.ui.FluentWait.until(FluentWait.java:261)
	at com.noon.iosapp.pages.AddToCartPage.addToCart(AddToCartPage.java:91)
	at com.noon.iosapp.PayWithCODTest.payWithCODCard(PayWithCODTest.java:57)
Caused by: org.openqa.selenium.NoSuchElementException: An element could not be located on the page using the given search parameters. (WARNING: The server did not provide any stacktrace information)
Command duration or timeout: 1.26 seconds
For documentation on this error, please visit: http://seleniumhq.org/exceptions/no_such_element.html
Build info: version: &apos;2.52.0&apos;, revision: &apos;4c2593c&apos;, time: &apos;2016-02-11 19:06:42&apos;
System info: host: &apos;kartik.local&apos;, ip: &apos;169.254.95.48&apos;, os.name: &apos;Mac OS X&apos;, os.arch: &apos;x86_64&apos;, os.version: &apos;10.12.4&apos;, java.version: &apos;1.8.0_111&apos;
Driver info: io.appium.java_client.ios.IOSDriver
Capabilities [{app=/Users/kartikbhatt/test-team/ios/POM_Noon/ipa/FastFish.ipa, networkConnectionEnabled=false, appiumVersion=1.6, databaseEnabled=false, deviceName=iPhone 7, platform=MAC, pressKey=true, platformVersion=10.3, webStorageEnabled=false, locationContextEnabled=false, automationName=XCUITest, browserName=, takesScreenshot=true, javascriptEnabled=true, platformName=iOS, udid=B7C3E4D4-C3EA-4DB0-A808-2ECEB73D8425}]
Session ID: c65e42ff-ce1f-4678-8797-134713134fba
*** Element info: {Using=xpath, value=//XCUIElementTypeCell[2]/XCUIElementTypeButton[1]}
	at org.openqa.selenium.remote.ErrorHandler.createThrowable(ErrorHandler.java:206)
	at org.openqa.selenium.remote.ErrorHandler.throwIfResponseFailed(ErrorHandler.java:158)
	at org.openqa.selenium.remote.RemoteWebDriver.execute(RemoteWebDriver.java:678)
	at io.appium.java_client.DefaultGenericMobileDriver.execute(DefaultGenericMobileDriver.java:51)
	at io.appium.java_client.AppiumDriver.execute(AppiumDriver.java:1)
	at io.appium.java_client.ios.IOSDriver.execute(IOSDriver.java:1)
	at org.openqa.selenium.remote.RemoteWebDriver.findElement(RemoteWebDriver.java:363)
	at io.appium.java_client.DefaultGenericMobileDriver.findElement(DefaultGenericMobileDriver.java:67)
	at io.appium.java_client.AppiumDriver.findElement(AppiumDriver.java:1)
	at io.appium.java_client.ios.IOSDriver.findElement(IOSDriver.java:1)
	at org.openqa.selenium.remote.RemoteWebDriver.findElementByXPath(RemoteWebDriver.java:500)
	at io.appium.java_client.DefaultGenericMobileDriver.findElementByXPath(DefaultGenericMobileDriver.java:145)
	at io.appium.java_client.AppiumDriver.findElementByXPath(AppiumDriver.java:1)
	at io.appium.java_client.ios.IOSDriver.findElementByXPath(IOSDriver.java:1)
	at org.openqa.selenium.By$ByXPath.findElement(By.java:361)
	at org.openqa.selenium.remote.RemoteWebDriver.findElement(RemoteWebDriver.java:355)
	at io.appium.java_client.DefaultGenericMobileDriver.findElement(DefaultGenericMobileDriver.java:63)
	at io.appium.java_client.AppiumDriver.findElement(AppiumDriver.java:1)
	at io.appium.java_client.ios.IOSDriver.findElement(IOSDriver.java:1)
	at org.openqa.selenium.support.ui.ExpectedConditions.findElement(ExpectedConditions.java:911)
	at org.openqa.selenium.support.ui.ExpectedConditions.access$0(ExpectedConditions.java:909)
	at org.openqa.selenium.support.ui.ExpectedConditions$7.apply(ExpectedConditions.java:205)
	at org.openqa.selenium.support.ui.ExpectedConditions$7.apply(ExpectedConditions.java:1)
	at org.openqa.selenium.support.ui.FluentWait.until(FluentWait.java:238)
	... 25 more
... Removed 27 stack frames</div></td></tr></table><p class="totop"><a href="#summary">back to summary</a></p><h2>Pay with credit card  Test</h2><h3 id="m16">com.noon.iosapp.PayWithCreditCardTest#AddCreditCardCheckout</h3><table class="result"><tr><th>Exception</th></tr><tr><td><div class="stacktrace">org.openqa.selenium.NoSuchElementException: An element could not be located on the page using the given search parameters. (WARNING: The server did not provide any stacktrace information)
Command duration or timeout: 1.40 seconds
For documentation on this error, please visit: http://seleniumhq.org/exceptions/no_such_element.html
Build info: version: &apos;2.52.0&apos;, revision: &apos;4c2593c&apos;, time: &apos;2016-02-11 19:06:42&apos;
System info: host: &apos;kartik.local&apos;, ip: &apos;169.254.95.48&apos;, os.name: &apos;Mac OS X&apos;, os.arch: &apos;x86_64&apos;, os.version: &apos;10.12.4&apos;, java.version: &apos;1.8.0_111&apos;
Driver info: io.appium.java_client.ios.IOSDriver
Capabilities [{app=/Users/kartikbhatt/test-team/ios/POM_Noon/ipa/FastFish.ipa, networkConnectionEnabled=false, appiumVersion=1.6, databaseEnabled=false, deviceName=iPhone 7, platform=MAC, pressKey=true, platformVersion=10.3, webStorageEnabled=false, locationContextEnabled=false, automationName=XCUITest, browserName=, takesScreenshot=true, javascriptEnabled=true, platformName=iOS, udid=B7C3E4D4-C3EA-4DB0-A808-2ECEB73D8425}]
Session ID: 87b2bc93-4ef0-45b7-9d69-1f20f8c5f797
*** Element info: {Using=xpath, value=//XCUIElementTypeStaticText[@name=&apos;Sign in with&apos;]}
	at org.openqa.selenium.remote.ErrorHandler.createThrowable(ErrorHandler.java:206)
	at org.openqa.selenium.remote.ErrorHandler.throwIfResponseFailed(ErrorHandler.java:158)
	at org.openqa.selenium.remote.RemoteWebDriver.execute(RemoteWebDriver.java:678)
	at io.appium.java_client.DefaultGenericMobileDriver.execute(DefaultGenericMobileDriver.java:51)
	at io.appium.java_client.AppiumDriver.execute(AppiumDriver.java:1)
	at io.appium.java_client.ios.IOSDriver.execute(IOSDriver.java:1)
	at org.openqa.selenium.remote.RemoteWebDriver.findElement(RemoteWebDriver.java:363)
	at io.appium.java_client.DefaultGenericMobileDriver.findElement(DefaultGenericMobileDriver.java:67)
	at io.appium.java_client.AppiumDriver.findElement(AppiumDriver.java:1)
	at io.appium.java_client.ios.IOSDriver.findElement(IOSDriver.java:1)
	at org.openqa.selenium.remote.RemoteWebDriver.findElementByXPath(RemoteWebDriver.java:500)
	at io.appium.java_client.DefaultGenericMobileDriver.findElementByXPath(DefaultGenericMobileDriver.java:145)
	at io.appium.java_client.AppiumDriver.findElementByXPath(AppiumDriver.java:1)
	at io.appium.java_client.ios.IOSDriver.findElementByXPath(IOSDriver.java:1)
	at org.openqa.selenium.By$ByXPath.findElement(By.java:361)
	at org.openqa.selenium.remote.RemoteWebDriver.findElement(RemoteWebDriver.java:355)
	at io.appium.java_client.DefaultGenericMobileDriver.findElement(DefaultGenericMobileDriver.java:63)
	at io.appium.java_client.AppiumDriver.findElement(AppiumDriver.java:1)
	at io.appium.java_client.ios.IOSDriver.findElement(IOSDriver.java:1)
	at com.noon.iosapp.pages.AddAddressPage.signinTab(AddAddressPage.java:95)
	at com.noon.iosapp.PayWithCreditCardTest.AddCreditCardCheckout(PayWithCreditCardTest.java:64)
... Removed 27 stack frames</div></td></tr></table><p class="totop"><a href="#summary">back to summary</a></p></body></html>