<?xml version="1.0" encoding="UTF-8"?>
<testng-results skipped="0" failed="6" total="17" passed="11">
  <reporter-output>
  </reporter-output>
  <suite name="Noon" duration-ms="1150582" started-at="2017-04-06T11:49:41Z" finished-at="2017-04-06T12:08:52Z">
    <groups>
    </groups>
    <test name="Splash screen Test" duration-ms="24185" started-at="2017-04-06T11:49:41Z" finished-at="2017-04-06T11:50:06Z">
      <class name="com.noon.iosapp.SplashScreenTest">
        <test-method status="PASS" signature="SplashScreen()[pri:0, instance:com.noon.iosapp.SplashScreenTest@34c4973]" name="SplashScreen" duration-ms="23519" started-at="2017-04-06T15:49:41Z" finished-at="2017-04-06T15:50:05Z">
          <reporter-output>
          </reporter-output>
        </test-method> <!-- SplashScreen -->
        <test-method status="PASS" signature="quit()[pri:0, instance:com.noon.iosapp.SplashScreenTest@34c4973]" name="quit" is-config="true" duration-ms="659" started-at="2017-04-06T15:50:05Z" finished-at="2017-04-06T15:50:06Z">
          <reporter-output>
          </reporter-output>
        </test-method> <!-- quit -->
      </class> <!-- com.noon.iosapp.SplashScreenTest -->
    </test> <!-- Splash screen Test -->
    <test name="Localization page Test" duration-ms="30211" started-at="2017-04-06T11:50:06Z" finished-at="2017-04-06T11:50:36Z">
      <class name="com.noon.iosapp.LocalizationTest">
        <test-method status="PASS" signature="prodcutDetails()[pri:0, instance:com.noon.iosapp.LocalizationTest@1a8a8f7c]" name="prodcutDetails" duration-ms="29801" started-at="2017-04-06T15:50:06Z" finished-at="2017-04-06T15:50:35Z">
          <reporter-output>
          </reporter-output>
        </test-method> <!-- prodcutDetails -->
        <test-method status="PASS" signature="quit()[pri:0, instance:com.noon.iosapp.LocalizationTest@1a8a8f7c]" name="quit" is-config="true" duration-ms="410" started-at="2017-04-06T15:50:35Z" finished-at="2017-04-06T15:50:36Z">
          <reporter-output>
          </reporter-output>
        </test-method> <!-- quit -->
      </class> <!-- com.noon.iosapp.LocalizationTest -->
    </test> <!-- Localization page Test -->
    <test name="Side Bar Menu link Test" duration-ms="44872" started-at="2017-04-06T11:50:36Z" finished-at="2017-04-06T11:51:21Z">
      <class name="com.noon.iosapp.SideBarLinksTest">
        <test-method status="PASS" signature="sideBarLinks()[pri:0, instance:com.noon.iosapp.SideBarLinksTest@36b4cef0]" name="sideBarLinks" duration-ms="44451" started-at="2017-04-06T15:50:36Z" finished-at="2017-04-06T15:51:20Z">
          <reporter-output>
          </reporter-output>
        </test-method> <!-- sideBarLinks -->
        <test-method status="PASS" signature="quit()[pri:0, instance:com.noon.iosapp.SideBarLinksTest@36b4cef0]" name="quit" is-config="true" duration-ms="421" started-at="2017-04-06T15:51:20Z" finished-at="2017-04-06T15:51:21Z">
          <reporter-output>
          </reporter-output>
        </test-method> <!-- quit -->
      </class> <!-- com.noon.iosapp.SideBarLinksTest -->
    </test> <!-- Side Bar Menu link Test -->
    <test name="Search Test" duration-ms="37800" started-at="2017-04-06T11:51:21Z" finished-at="2017-04-06T11:51:59Z">
      <class name="com.noon.iosapp.SearchTest">
        <test-method status="PASS" signature="searchItems()[pri:0, instance:com.noon.iosapp.SearchTest@1d8d30f7]" name="searchItems" duration-ms="37372" started-at="2017-04-06T15:51:21Z" finished-at="2017-04-06T15:51:58Z">
          <reporter-output>
          </reporter-output>
        </test-method> <!-- searchItems -->
        <test-method status="PASS" signature="quit()[pri:0, instance:com.noon.iosapp.SearchTest@1d8d30f7]" name="quit" is-config="true" duration-ms="428" started-at="2017-04-06T15:51:58Z" finished-at="2017-04-06T15:51:59Z">
          <reporter-output>
          </reporter-output>
        </test-method> <!-- quit -->
      </class> <!-- com.noon.iosapp.SearchTest -->
    </test> <!-- Search Test -->
    <test name="Product Details Test" duration-ms="57915" started-at="2017-04-06T11:51:59Z" finished-at="2017-04-06T11:52:56Z">
      <class name="com.noon.iosapp.ProductDetailsTest">
        <test-method status="PASS" signature="prodcutDetails()[pri:0, instance:com.noon.iosapp.ProductDetailsTest@5bb21b69]" name="prodcutDetails" duration-ms="57496" started-at="2017-04-06T15:51:59Z" finished-at="2017-04-06T15:52:56Z">
          <reporter-output>
          </reporter-output>
        </test-method> <!-- prodcutDetails -->
        <test-method status="PASS" signature="quit()[pri:0, instance:com.noon.iosapp.ProductDetailsTest@5bb21b69]" name="quit" is-config="true" duration-ms="417" started-at="2017-04-06T15:52:56Z" finished-at="2017-04-06T15:52:56Z">
          <reporter-output>
          </reporter-output>
        </test-method> <!-- quit -->
      </class> <!-- com.noon.iosapp.ProductDetailsTest -->
    </test> <!-- Product Details Test -->
    <test name="Register email through OTP code Test" duration-ms="70070" started-at="2017-04-06T11:52:56Z" finished-at="2017-04-06T11:54:07Z">
      <class name="com.noon.iosapp.RegisterWithEmailTest">
        <test-method status="FAIL" signature="registerWithEmail()[pri:0, instance:com.noon.iosapp.RegisterWithEmailTest@4abdb505]" name="registerWithEmail" duration-ms="69662" started-at="2017-04-06T15:52:56Z" finished-at="2017-04-06T15:54:06Z">
          <exception class="java.lang.NoClassDefFoundError">
            <message>
              <![CDATA[org/slf4j/LoggerFactory]]>
            </message>
            <full-stacktrace>
              <![CDATA[java.lang.NoClassDefFoundError: org/slf4j/LoggerFactory
	at services.OTPExtractionService.<clinit>(OTPExtractionService.java:22)
	at com.noon.iosapp.pages.RegisterWithEmailPage.registerWithEmail(RegisterWithEmailPage.java:126)
	at com.noon.iosapp.RegisterWithEmailTest.registerWithEmail(RegisterWithEmailTest.java:28)
	at sun.reflect.NativeMethodAccessorImpl.invoke0(Native Method)
	at sun.reflect.NativeMethodAccessorImpl.invoke(NativeMethodAccessorImpl.java:62)
	at sun.reflect.DelegatingMethodAccessorImpl.invoke(DelegatingMethodAccessorImpl.java:43)
	at java.lang.reflect.Method.invoke(Method.java:498)
	at org.testng.internal.MethodInvocationHelper.invokeMethod(MethodInvocationHelper.java:85)
	at org.testng.internal.Invoker.invokeMethod(Invoker.java:639)
	at org.testng.internal.Invoker.invokeTestMethod(Invoker.java:816)
	at org.testng.internal.Invoker.invokeTestMethods(Invoker.java:1124)
	at org.testng.internal.TestMethodWorker.invokeTestMethods(TestMethodWorker.java:125)
	at org.testng.internal.TestMethodWorker.run(TestMethodWorker.java:108)
	at org.testng.TestRunner.privateRun(TestRunner.java:774)
	at org.testng.TestRunner.run(TestRunner.java:624)
	at org.testng.SuiteRunner.runTest(SuiteRunner.java:359)
	at org.testng.SuiteRunner.runSequentially(SuiteRunner.java:354)
	at org.testng.SuiteRunner.privateRun(SuiteRunner.java:312)
	at org.testng.SuiteRunner.run(SuiteRunner.java:261)
	at org.testng.SuiteRunnerWorker.runSuite(SuiteRunnerWorker.java:52)
	at org.testng.SuiteRunnerWorker.run(SuiteRunnerWorker.java:86)
	at org.testng.TestNG.runSuitesSequentially(TestNG.java:1215)
	at org.testng.TestNG.runSuitesLocally(TestNG.java:1140)
	at org.testng.TestNG.run(TestNG.java:1048)
	at org.testng.TestNG.privateMain(TestNG.java:1355)
	at org.testng.TestNG.main(TestNG.java:1324)
Caused by: java.lang.ClassNotFoundException: org.slf4j.LoggerFactory
	at java.net.URLClassLoader.findClass(URLClassLoader.java:381)
	at java.lang.ClassLoader.loadClass(ClassLoader.java:424)
	at sun.misc.Launcher$AppClassLoader.loadClass(Launcher.java:331)
	at java.lang.ClassLoader.loadClass(ClassLoader.java:357)
	... 26 more
]]>
            </full-stacktrace>
          </exception> <!-- java.lang.NoClassDefFoundError -->
          <reporter-output>
          </reporter-output>
        </test-method> <!-- registerWithEmail -->
        <test-method status="PASS" signature="quit()[pri:0, instance:com.noon.iosapp.RegisterWithEmailTest@4abdb505]" name="quit" is-config="true" duration-ms="406" started-at="2017-04-06T15:54:06Z" finished-at="2017-04-06T15:54:07Z">
          <reporter-output>
          </reporter-output>
        </test-method> <!-- quit -->
      </class> <!-- com.noon.iosapp.RegisterWithEmailTest -->
    </test> <!-- Register email through OTP code Test -->
    <test name="Login By Phone Test" duration-ms="204207" started-at="2017-04-06T11:54:07Z" finished-at="2017-04-06T11:57:31Z">
      <class name="com.noon.iosapp.LoginByPhoneTest">
        <test-method status="PASS" signature="loginByPhone()[pri:0, instance:com.noon.iosapp.LoginByPhoneTest@45820e51]" name="loginByPhone" duration-ms="203729" started-at="2017-04-06T15:54:07Z" finished-at="2017-04-06T15:57:30Z">
          <reporter-output>
          </reporter-output>
        </test-method> <!-- loginByPhone -->
        <test-method status="PASS" signature="quit()[pri:0, instance:com.noon.iosapp.LoginByPhoneTest@45820e51]" name="quit" is-config="true" duration-ms="478" started-at="2017-04-06T15:57:30Z" finished-at="2017-04-06T15:57:31Z">
          <reporter-output>
          </reporter-output>
        </test-method> <!-- quit -->
      </class> <!-- com.noon.iosapp.LoginByPhoneTest -->
    </test> <!-- Login By Phone Test -->
    <test name="Login By Email Test" duration-ms="71536" started-at="2017-04-06T11:57:31Z" finished-at="2017-04-06T11:58:43Z">
      <class name="com.noon.iosapp.LoginByEmailTest">
        <test-method status="PASS" signature="loginByEmail()[pri:0, instance:com.noon.iosapp.LoginByEmailTest@5bcea91b]" name="loginByEmail" duration-ms="71067" started-at="2017-04-06T15:57:31Z" finished-at="2017-04-06T15:58:42Z">
          <reporter-output>
          </reporter-output>
        </test-method> <!-- loginByEmail -->
        <test-method status="PASS" signature="quit()[pri:0, instance:com.noon.iosapp.LoginByEmailTest@5bcea91b]" name="quit" is-config="true" duration-ms="468" started-at="2017-04-06T15:58:42Z" finished-at="2017-04-06T15:58:43Z">
          <reporter-output>
          </reporter-output>
        </test-method> <!-- quit -->
      </class> <!-- com.noon.iosapp.LoginByEmailTest -->
    </test> <!-- Login By Email Test -->
    <test name="Add to cart Test" duration-ms="48947" started-at="2017-04-06T11:58:43Z" finished-at="2017-04-06T11:59:31Z">
      <class name="com.noon.iosapp.AddToCartTest">
        <test-method status="PASS" signature="addToCart()[pri:0, instance:com.noon.iosapp.AddToCartTest@46daef40]" name="addToCart" duration-ms="48492" started-at="2017-04-06T15:58:43Z" finished-at="2017-04-06T15:59:31Z">
          <reporter-output>
          </reporter-output>
        </test-method> <!-- addToCart -->
        <test-method status="PASS" signature="quit()[pri:0, instance:com.noon.iosapp.AddToCartTest@46daef40]" name="quit" is-config="true" duration-ms="455" started-at="2017-04-06T15:59:31Z" finished-at="2017-04-06T15:59:31Z">
          <reporter-output>
          </reporter-output>
        </test-method> <!-- quit -->
      </class> <!-- com.noon.iosapp.AddToCartTest -->
    </test> <!-- Add to cart Test -->
    <test name="Buy now Test" duration-ms="47011" started-at="2017-04-06T11:59:31Z" finished-at="2017-04-06T12:00:18Z">
      <class name="com.noon.iosapp.BuyNowTest">
        <test-method status="PASS" signature="buyNowItems()[pri:0, instance:com.noon.iosapp.BuyNowTest@7a3d45bd]" name="buyNowItems" duration-ms="46567" started-at="2017-04-06T15:59:31Z" finished-at="2017-04-06T16:00:18Z">
          <reporter-output>
          </reporter-output>
        </test-method> <!-- buyNowItems -->
        <test-method status="PASS" signature="quit()[pri:0, instance:com.noon.iosapp.BuyNowTest@7a3d45bd]" name="quit" is-config="true" duration-ms="441" started-at="2017-04-06T16:00:18Z" finished-at="2017-04-06T16:00:18Z">
          <reporter-output>
          </reporter-output>
        </test-method> <!-- quit -->
      </class> <!-- com.noon.iosapp.BuyNowTest -->
    </test> <!-- Buy now Test -->
    <test name="Edit cart Test" duration-ms="46065" started-at="2017-04-06T12:00:19Z" finished-at="2017-04-06T12:01:05Z">
      <class name="com.noon.iosapp.EditCartTest">
        <test-method status="PASS" signature="editCartItems()[pri:0, instance:com.noon.iosapp.EditCartTest@3aeaafa6]" name="editCartItems" duration-ms="45608" started-at="2017-04-06T16:00:19Z" finished-at="2017-04-06T16:01:04Z">
          <reporter-output>
          </reporter-output>
        </test-method> <!-- editCartItems -->
        <test-method status="PASS" signature="quit()[pri:0, instance:com.noon.iosapp.EditCartTest@3aeaafa6]" name="quit" is-config="true" duration-ms="457" started-at="2017-04-06T16:01:04Z" finished-at="2017-04-06T16:01:05Z">
          <reporter-output>
          </reporter-output>
        </test-method> <!-- quit -->
      </class> <!-- com.noon.iosapp.EditCartTest -->
    </test> <!-- Edit cart Test -->
    <test name="Add new address from Address Book Test" duration-ms="85152" started-at="2017-04-06T12:01:05Z" finished-at="2017-04-06T12:02:30Z">
      <class name="com.noon.iosapp.AddAddressBookTest">
        <test-method status="FAIL" signature="addAddressBook()[pri:0, instance:com.noon.iosapp.AddAddressBookTest@eafc191]" name="addAddressBook" duration-ms="84712" started-at="2017-04-06T16:01:05Z" finished-at="2017-04-06T16:02:29Z">
          <exception class="java.lang.NoClassDefFoundError">
            <message>
              <![CDATA[com/fasterxml/jackson/databind/JavaType]]>
            </message>
            <full-stacktrace>
              <![CDATA[java.lang.NoClassDefFoundError: com/fasterxml/jackson/databind/JavaType
	at services.AddressService.deleteAllAddresses(AddressService.java:27)
	at com.noon.iosapp.AddAddressBookTest.addAddressBook(AddAddressBookTest.java:67)
	at sun.reflect.NativeMethodAccessorImpl.invoke0(Native Method)
	at sun.reflect.NativeMethodAccessorImpl.invoke(NativeMethodAccessorImpl.java:62)
	at sun.reflect.DelegatingMethodAccessorImpl.invoke(DelegatingMethodAccessorImpl.java:43)
	at java.lang.reflect.Method.invoke(Method.java:498)
	at org.testng.internal.MethodInvocationHelper.invokeMethod(MethodInvocationHelper.java:85)
	at org.testng.internal.Invoker.invokeMethod(Invoker.java:639)
	at org.testng.internal.Invoker.invokeTestMethod(Invoker.java:816)
	at org.testng.internal.Invoker.invokeTestMethods(Invoker.java:1124)
	at org.testng.internal.TestMethodWorker.invokeTestMethods(TestMethodWorker.java:125)
	at org.testng.internal.TestMethodWorker.run(TestMethodWorker.java:108)
	at org.testng.TestRunner.privateRun(TestRunner.java:774)
	at org.testng.TestRunner.run(TestRunner.java:624)
	at org.testng.SuiteRunner.runTest(SuiteRunner.java:359)
	at org.testng.SuiteRunner.runSequentially(SuiteRunner.java:354)
	at org.testng.SuiteRunner.privateRun(SuiteRunner.java:312)
	at org.testng.SuiteRunner.run(SuiteRunner.java:261)
	at org.testng.SuiteRunnerWorker.runSuite(SuiteRunnerWorker.java:52)
	at org.testng.SuiteRunnerWorker.run(SuiteRunnerWorker.java:86)
	at org.testng.TestNG.runSuitesSequentially(TestNG.java:1215)
	at org.testng.TestNG.runSuitesLocally(TestNG.java:1140)
	at org.testng.TestNG.run(TestNG.java:1048)
	at org.testng.TestNG.privateMain(TestNG.java:1355)
	at org.testng.TestNG.main(TestNG.java:1324)
Caused by: java.lang.ClassNotFoundException: com.fasterxml.jackson.databind.JavaType
	at java.net.URLClassLoader.findClass(URLClassLoader.java:381)
	at java.lang.ClassLoader.loadClass(ClassLoader.java:424)
	at sun.misc.Launcher$AppClassLoader.loadClass(Launcher.java:331)
	at java.lang.ClassLoader.loadClass(ClassLoader.java:357)
	... 25 more
]]>
            </full-stacktrace>
          </exception> <!-- java.lang.NoClassDefFoundError -->
          <reporter-output>
          </reporter-output>
        </test-method> <!-- addAddressBook -->
        <test-method status="PASS" signature="quit()[pri:0, instance:com.noon.iosapp.AddAddressBookTest@eafc191]" name="quit" is-config="true" duration-ms="439" started-at="2017-04-06T16:02:29Z" finished-at="2017-04-06T16:02:30Z">
          <reporter-output>
          </reporter-output>
        </test-method> <!-- quit -->
      </class> <!-- com.noon.iosapp.AddAddressBookTest -->
    </test> <!-- Add new address from Address Book Test -->
    <test name="Add new address from checkout Test" duration-ms="49820" started-at="2017-04-06T12:02:30Z" finished-at="2017-04-06T12:03:20Z">
      <class name="com.noon.iosapp.AddAddressCheckoutTest">
        <test-method status="FAIL" signature="addToCart()[pri:0, instance:com.noon.iosapp.AddAddressCheckoutTest@491cc5c9]" name="addToCart" duration-ms="49377" started-at="2017-04-06T16:02:30Z" finished-at="2017-04-06T16:03:19Z">
          <exception class="org.openqa.selenium.NoSuchElementException">
            <message>
              <![CDATA[An element could not be located on the page using the given search parameters. (WARNING: The server did not provide any stacktrace information)
Command duration or timeout: 1.29 seconds
For documentation on this error, please visit: http://seleniumhq.org/exceptions/no_such_element.html
Build info: version: '2.52.0', revision: '4c2593c', time: '2016-02-11 19:06:42'
System info: host: 'kartik.local', ip: '169.254.95.48', os.name: 'Mac OS X', os.arch: 'x86_64', os.version: '10.12.4', java.version: '1.8.0_111'
Driver info: io.appium.java_client.ios.IOSDriver
Capabilities [{app=/Users/kartikbhatt/test-team/ios/POM_Noon/ipa/FastFish.ipa, networkConnectionEnabled=false, appiumVersion=1.6, databaseEnabled=false, deviceName=iPhone 7, platform=MAC, pressKey=true, platformVersion=10.3, webStorageEnabled=false, locationContextEnabled=false, automationName=XCUITest, browserName=, takesScreenshot=true, javascriptEnabled=true, platformName=iOS, udid=B7C3E4D4-C3EA-4DB0-A808-2ECEB73D8425}]
Session ID: 96d9c551-3045-447c-850d-bc6e77f93d79
*** Element info: {Using=xpath, value=//XCUIElementTypeStaticText[@name='Sign in with']}]]>
            </message>
            <full-stacktrace>
              <![CDATA[org.openqa.selenium.NoSuchElementException: An element could not be located on the page using the given search parameters. (WARNING: The server did not provide any stacktrace information)
Command duration or timeout: 1.29 seconds
For documentation on this error, please visit: http://seleniumhq.org/exceptions/no_such_element.html
Build info: version: '2.52.0', revision: '4c2593c', time: '2016-02-11 19:06:42'
System info: host: 'kartik.local', ip: '169.254.95.48', os.name: 'Mac OS X', os.arch: 'x86_64', os.version: '10.12.4', java.version: '1.8.0_111'
Driver info: io.appium.java_client.ios.IOSDriver
Capabilities [{app=/Users/kartikbhatt/test-team/ios/POM_Noon/ipa/FastFish.ipa, networkConnectionEnabled=false, appiumVersion=1.6, databaseEnabled=false, deviceName=iPhone 7, platform=MAC, pressKey=true, platformVersion=10.3, webStorageEnabled=false, locationContextEnabled=false, automationName=XCUITest, browserName=, takesScreenshot=true, javascriptEnabled=true, platformName=iOS, udid=B7C3E4D4-C3EA-4DB0-A808-2ECEB73D8425}]
Session ID: 96d9c551-3045-447c-850d-bc6e77f93d79
*** Element info: {Using=xpath, value=//XCUIElementTypeStaticText[@name='Sign in with']}
	at sun.reflect.NativeConstructorAccessorImpl.newInstance0(Native Method)
	at sun.reflect.NativeConstructorAccessorImpl.newInstance(NativeConstructorAccessorImpl.java:62)
	at sun.reflect.DelegatingConstructorAccessorImpl.newInstance(DelegatingConstructorAccessorImpl.java:45)
	at java.lang.reflect.Constructor.newInstance(Constructor.java:423)
	at org.openqa.selenium.remote.ErrorHandler.createThrowable(ErrorHandler.java:206)
	at org.openqa.selenium.remote.ErrorHandler.throwIfResponseFailed(ErrorHandler.java:158)
	at org.openqa.selenium.remote.RemoteWebDriver.execute(RemoteWebDriver.java:678)
	at io.appium.java_client.DefaultGenericMobileDriver.execute(DefaultGenericMobileDriver.java:51)
	at io.appium.java_client.AppiumDriver.execute(AppiumDriver.java:1)
	at io.appium.java_client.ios.IOSDriver.execute(IOSDriver.java:1)
	at org.openqa.selenium.remote.RemoteWebDriver.findElement(RemoteWebDriver.java:363)
	at io.appium.java_client.DefaultGenericMobileDriver.findElement(DefaultGenericMobileDriver.java:67)
	at io.appium.java_client.AppiumDriver.findElement(AppiumDriver.java:1)
	at io.appium.java_client.ios.IOSDriver.findElement(IOSDriver.java:1)
	at org.openqa.selenium.remote.RemoteWebDriver.findElementByXPath(RemoteWebDriver.java:500)
	at io.appium.java_client.DefaultGenericMobileDriver.findElementByXPath(DefaultGenericMobileDriver.java:145)
	at io.appium.java_client.AppiumDriver.findElementByXPath(AppiumDriver.java:1)
	at io.appium.java_client.ios.IOSDriver.findElementByXPath(IOSDriver.java:1)
	at org.openqa.selenium.By$ByXPath.findElement(By.java:361)
	at org.openqa.selenium.remote.RemoteWebDriver.findElement(RemoteWebDriver.java:355)
	at io.appium.java_client.DefaultGenericMobileDriver.findElement(DefaultGenericMobileDriver.java:63)
	at io.appium.java_client.AppiumDriver.findElement(AppiumDriver.java:1)
	at io.appium.java_client.ios.IOSDriver.findElement(IOSDriver.java:1)
	at com.noon.iosapp.pages.AddAddressPage.signinTab(AddAddressPage.java:95)
	at com.noon.iosapp.AddAddressCheckoutTest.addToCart(AddAddressCheckoutTest.java:57)
	at sun.reflect.NativeMethodAccessorImpl.invoke0(Native Method)
	at sun.reflect.NativeMethodAccessorImpl.invoke(NativeMethodAccessorImpl.java:62)
	at sun.reflect.DelegatingMethodAccessorImpl.invoke(DelegatingMethodAccessorImpl.java:43)
	at java.lang.reflect.Method.invoke(Method.java:498)
	at org.testng.internal.MethodInvocationHelper.invokeMethod(MethodInvocationHelper.java:85)
	at org.testng.internal.Invoker.invokeMethod(Invoker.java:639)
	at org.testng.internal.Invoker.invokeTestMethod(Invoker.java:816)
	at org.testng.internal.Invoker.invokeTestMethods(Invoker.java:1124)
	at org.testng.internal.TestMethodWorker.invokeTestMethods(TestMethodWorker.java:125)
	at org.testng.internal.TestMethodWorker.run(TestMethodWorker.java:108)
	at org.testng.TestRunner.privateRun(TestRunner.java:774)
	at org.testng.TestRunner.run(TestRunner.java:624)
	at org.testng.SuiteRunner.runTest(SuiteRunner.java:359)
	at org.testng.SuiteRunner.runSequentially(SuiteRunner.java:354)
	at org.testng.SuiteRunner.privateRun(SuiteRunner.java:312)
	at org.testng.SuiteRunner.run(SuiteRunner.java:261)
	at org.testng.SuiteRunnerWorker.runSuite(SuiteRunnerWorker.java:52)
	at org.testng.SuiteRunnerWorker.run(SuiteRunnerWorker.java:86)
	at org.testng.TestNG.runSuitesSequentially(TestNG.java:1215)
	at org.testng.TestNG.runSuitesLocally(TestNG.java:1140)
	at org.testng.TestNG.run(TestNG.java:1048)
	at org.testng.TestNG.privateMain(TestNG.java:1355)
	at org.testng.TestNG.main(TestNG.java:1324)
]]>
            </full-stacktrace>
          </exception> <!-- org.openqa.selenium.NoSuchElementException -->
          <reporter-output>
          </reporter-output>
        </test-method> <!-- addToCart -->
        <test-method status="PASS" signature="quit()[pri:0, instance:com.noon.iosapp.AddAddressCheckoutTest@491cc5c9]" name="quit" is-config="true" duration-ms="442" started-at="2017-04-06T16:03:19Z" finished-at="2017-04-06T16:03:20Z">
          <reporter-output>
          </reporter-output>
        </test-method> <!-- quit -->
      </class> <!-- com.noon.iosapp.AddAddressCheckoutTest -->
    </test> <!-- Add new address from checkout Test -->
    <test name="Add credit card through Wallet Test" duration-ms="148520" started-at="2017-04-06T12:03:20Z" finished-at="2017-04-06T12:05:48Z">
      <class name="com.noon.iosapp.AddCreditCardWalletTest">
        <test-method status="PASS" signature="addCreditCardWallet()[pri:0, instance:com.noon.iosapp.AddCreditCardWalletTest@66d1af89]" name="addCreditCardWallet" duration-ms="148062" started-at="2017-04-06T16:03:20Z" finished-at="2017-04-06T16:05:48Z">
          <reporter-output>
          </reporter-output>
        </test-method> <!-- addCreditCardWallet -->
        <test-method status="PASS" signature="quit()[pri:0, instance:com.noon.iosapp.AddCreditCardWalletTest@66d1af89]" name="quit" is-config="true" duration-ms="457" started-at="2017-04-06T16:05:48Z" finished-at="2017-04-06T16:05:48Z">
          <reporter-output>
          </reporter-output>
        </test-method> <!-- quit -->
      </class> <!-- com.noon.iosapp.AddCreditCardWalletTest -->
    </test> <!-- Add credit card through Wallet Test -->
    <test name="Add credit card through checkout Test" duration-ms="77399" started-at="2017-04-06T12:05:48Z" finished-at="2017-04-06T12:07:05Z">
      <class name="com.noon.iosapp.AddCreditCardCheckoutTest">
        <test-method status="FAIL" signature="AddCreditCardCheckout()[pri:0, instance:com.noon.iosapp.AddCreditCardCheckoutTest@42eca56e]" name="AddCreditCardCheckout" duration-ms="76967" started-at="2017-04-06T16:05:48Z" finished-at="2017-04-06T16:07:05Z">
          <exception class="org.openqa.selenium.TimeoutException">
            <message>
              <![CDATA[Timed out after 10 seconds waiting for visibility of element located by By.xpath: //XCUIElementTypeStaticText[@name='Add new address']
Build info: version: '2.52.0', revision: '4c2593c', time: '2016-02-11 19:06:42'
System info: host: 'kartik.local', ip: '169.254.95.48', os.name: 'Mac OS X', os.arch: 'x86_64', os.version: '10.12.4', java.version: '1.8.0_111'
Driver info: io.appium.java_client.ios.IOSDriver
Capabilities [{app=/Users/kartikbhatt/test-team/ios/POM_Noon/ipa/FastFish.ipa, networkConnectionEnabled=false, appiumVersion=1.6, databaseEnabled=false, deviceName=iPhone 7, platform=MAC, pressKey=true, platformVersion=10.3, webStorageEnabled=false, locationContextEnabled=false, automationName=XCUITest, browserName=, takesScreenshot=true, javascriptEnabled=true, platformName=iOS, udid=B7C3E4D4-C3EA-4DB0-A808-2ECEB73D8425}]
Session ID: d0f77f26-9ed2-47cb-8dae-5b279dedc0fe]]>
            </message>
            <full-stacktrace>
              <![CDATA[org.openqa.selenium.TimeoutException: Timed out after 10 seconds waiting for visibility of element located by By.xpath: //XCUIElementTypeStaticText[@name='Add new address']
Build info: version: '2.52.0', revision: '4c2593c', time: '2016-02-11 19:06:42'
System info: host: 'kartik.local', ip: '169.254.95.48', os.name: 'Mac OS X', os.arch: 'x86_64', os.version: '10.12.4', java.version: '1.8.0_111'
Driver info: io.appium.java_client.ios.IOSDriver
Capabilities [{app=/Users/kartikbhatt/test-team/ios/POM_Noon/ipa/FastFish.ipa, networkConnectionEnabled=false, appiumVersion=1.6, databaseEnabled=false, deviceName=iPhone 7, platform=MAC, pressKey=true, platformVersion=10.3, webStorageEnabled=false, locationContextEnabled=false, automationName=XCUITest, browserName=, takesScreenshot=true, javascriptEnabled=true, platformName=iOS, udid=B7C3E4D4-C3EA-4DB0-A808-2ECEB73D8425}]
Session ID: d0f77f26-9ed2-47cb-8dae-5b279dedc0fe
	at org.openqa.selenium.support.ui.WebDriverWait.timeoutException(WebDriverWait.java:80)
	at org.openqa.selenium.support.ui.FluentWait.until(FluentWait.java:261)
	at com.noon.iosapp.pages.AddAddressPage.weDeliverText(AddAddressPage.java:110)
	at com.noon.iosapp.AddCreditCardCheckoutTest.AddCreditCardCheckout(AddCreditCardCheckoutTest.java:73)
	at sun.reflect.NativeMethodAccessorImpl.invoke0(Native Method)
	at sun.reflect.NativeMethodAccessorImpl.invoke(NativeMethodAccessorImpl.java:62)
	at sun.reflect.DelegatingMethodAccessorImpl.invoke(DelegatingMethodAccessorImpl.java:43)
	at java.lang.reflect.Method.invoke(Method.java:498)
	at org.testng.internal.MethodInvocationHelper.invokeMethod(MethodInvocationHelper.java:85)
	at org.testng.internal.Invoker.invokeMethod(Invoker.java:639)
	at org.testng.internal.Invoker.invokeTestMethod(Invoker.java:816)
	at org.testng.internal.Invoker.invokeTestMethods(Invoker.java:1124)
	at org.testng.internal.TestMethodWorker.invokeTestMethods(TestMethodWorker.java:125)
	at org.testng.internal.TestMethodWorker.run(TestMethodWorker.java:108)
	at org.testng.TestRunner.privateRun(TestRunner.java:774)
	at org.testng.TestRunner.run(TestRunner.java:624)
	at org.testng.SuiteRunner.runTest(SuiteRunner.java:359)
	at org.testng.SuiteRunner.runSequentially(SuiteRunner.java:354)
	at org.testng.SuiteRunner.privateRun(SuiteRunner.java:312)
	at org.testng.SuiteRunner.run(SuiteRunner.java:261)
	at org.testng.SuiteRunnerWorker.runSuite(SuiteRunnerWorker.java:52)
	at org.testng.SuiteRunnerWorker.run(SuiteRunnerWorker.java:86)
	at org.testng.TestNG.runSuitesSequentially(TestNG.java:1215)
	at org.testng.TestNG.runSuitesLocally(TestNG.java:1140)
	at org.testng.TestNG.run(TestNG.java:1048)
	at org.testng.TestNG.privateMain(TestNG.java:1355)
	at org.testng.TestNG.main(TestNG.java:1324)
Caused by: org.openqa.selenium.NoSuchElementException: An element could not be located on the page using the given search parameters. (WARNING: The server did not provide any stacktrace information)
Command duration or timeout: 1.28 seconds
For documentation on this error, please visit: http://seleniumhq.org/exceptions/no_such_element.html
Build info: version: '2.52.0', revision: '4c2593c', time: '2016-02-11 19:06:42'
System info: host: 'kartik.local', ip: '169.254.95.48', os.name: 'Mac OS X', os.arch: 'x86_64', os.version: '10.12.4', java.version: '1.8.0_111'
Driver info: io.appium.java_client.ios.IOSDriver
Capabilities [{app=/Users/kartikbhatt/test-team/ios/POM_Noon/ipa/FastFish.ipa, networkConnectionEnabled=false, appiumVersion=1.6, databaseEnabled=false, deviceName=iPhone 7, platform=MAC, pressKey=true, platformVersion=10.3, webStorageEnabled=false, locationContextEnabled=false, automationName=XCUITest, browserName=, takesScreenshot=true, javascriptEnabled=true, platformName=iOS, udid=B7C3E4D4-C3EA-4DB0-A808-2ECEB73D8425}]
Session ID: d0f77f26-9ed2-47cb-8dae-5b279dedc0fe
*** Element info: {Using=xpath, value=//XCUIElementTypeStaticText[@name='Add new address']}
	at sun.reflect.NativeConstructorAccessorImpl.newInstance0(Native Method)
	at sun.reflect.NativeConstructorAccessorImpl.newInstance(NativeConstructorAccessorImpl.java:62)
	at sun.reflect.DelegatingConstructorAccessorImpl.newInstance(DelegatingConstructorAccessorImpl.java:45)
	at java.lang.reflect.Constructor.newInstance(Constructor.java:423)
	at org.openqa.selenium.remote.ErrorHandler.createThrowable(ErrorHandler.java:206)
	at org.openqa.selenium.remote.ErrorHandler.throwIfResponseFailed(ErrorHandler.java:158)
	at org.openqa.selenium.remote.RemoteWebDriver.execute(RemoteWebDriver.java:678)
	at io.appium.java_client.DefaultGenericMobileDriver.execute(DefaultGenericMobileDriver.java:51)
	at io.appium.java_client.AppiumDriver.execute(AppiumDriver.java:1)
	at io.appium.java_client.ios.IOSDriver.execute(IOSDriver.java:1)
	at org.openqa.selenium.remote.RemoteWebDriver.findElement(RemoteWebDriver.java:363)
	at io.appium.java_client.DefaultGenericMobileDriver.findElement(DefaultGenericMobileDriver.java:67)
	at io.appium.java_client.AppiumDriver.findElement(AppiumDriver.java:1)
	at io.appium.java_client.ios.IOSDriver.findElement(IOSDriver.java:1)
	at org.openqa.selenium.remote.RemoteWebDriver.findElementByXPath(RemoteWebDriver.java:500)
	at io.appium.java_client.DefaultGenericMobileDriver.findElementByXPath(DefaultGenericMobileDriver.java:145)
	at io.appium.java_client.AppiumDriver.findElementByXPath(AppiumDriver.java:1)
	at io.appium.java_client.ios.IOSDriver.findElementByXPath(IOSDriver.java:1)
	at org.openqa.selenium.By$ByXPath.findElement(By.java:361)
	at org.openqa.selenium.remote.RemoteWebDriver.findElement(RemoteWebDriver.java:355)
	at io.appium.java_client.DefaultGenericMobileDriver.findElement(DefaultGenericMobileDriver.java:63)
	at io.appium.java_client.AppiumDriver.findElement(AppiumDriver.java:1)
	at io.appium.java_client.ios.IOSDriver.findElement(IOSDriver.java:1)
	at org.openqa.selenium.support.ui.ExpectedConditions.findElement(ExpectedConditions.java:911)
	at org.openqa.selenium.support.ui.ExpectedConditions.access$0(ExpectedConditions.java:909)
	at org.openqa.selenium.support.ui.ExpectedConditions$7.apply(ExpectedConditions.java:205)
	at org.openqa.selenium.support.ui.ExpectedConditions$7.apply(ExpectedConditions.java:1)
	at org.openqa.selenium.support.ui.FluentWait.until(FluentWait.java:238)
	... 25 more
]]>
            </full-stacktrace>
          </exception> <!-- org.openqa.selenium.TimeoutException -->
          <reporter-output>
          </reporter-output>
        </test-method> <!-- AddCreditCardCheckout -->
        <test-method status="PASS" signature="quit()[pri:0, instance:com.noon.iosapp.AddCreditCardCheckoutTest@42eca56e]" name="quit" is-config="true" duration-ms="431" started-at="2017-04-06T16:07:05Z" finished-at="2017-04-06T16:07:05Z">
          <reporter-output>
          </reporter-output>
        </test-method> <!-- quit -->
      </class> <!-- com.noon.iosapp.AddCreditCardCheckoutTest -->
    </test> <!-- Add credit card through checkout Test -->
    <test name="Checkout through COD Test" duration-ms="55699" started-at="2017-04-06T12:07:05Z" finished-at="2017-04-06T12:08:01Z">
      <class name="com.noon.iosapp.PayWithCODTest">
        <test-method status="FAIL" signature="payWithCODCard()[pri:0, instance:com.noon.iosapp.PayWithCODTest@33723e30]" name="payWithCODCard" duration-ms="55253" started-at="2017-04-06T16:07:05Z" finished-at="2017-04-06T16:08:01Z">
          <exception class="org.openqa.selenium.TimeoutException">
            <message>
              <![CDATA[Timed out after 10 seconds waiting for visibility of element located by By.xpath: //XCUIElementTypeCell[2]/XCUIElementTypeButton[1]
Build info: version: '2.52.0', revision: '4c2593c', time: '2016-02-11 19:06:42'
System info: host: 'kartik.local', ip: '169.254.95.48', os.name: 'Mac OS X', os.arch: 'x86_64', os.version: '10.12.4', java.version: '1.8.0_111'
Driver info: io.appium.java_client.ios.IOSDriver
Capabilities [{app=/Users/kartikbhatt/test-team/ios/POM_Noon/ipa/FastFish.ipa, networkConnectionEnabled=false, appiumVersion=1.6, databaseEnabled=false, deviceName=iPhone 7, platform=MAC, pressKey=true, platformVersion=10.3, webStorageEnabled=false, locationContextEnabled=false, automationName=XCUITest, browserName=, takesScreenshot=true, javascriptEnabled=true, platformName=iOS, udid=B7C3E4D4-C3EA-4DB0-A808-2ECEB73D8425}]
Session ID: c65e42ff-ce1f-4678-8797-134713134fba]]>
            </message>
            <full-stacktrace>
              <![CDATA[org.openqa.selenium.TimeoutException: Timed out after 10 seconds waiting for visibility of element located by By.xpath: //XCUIElementTypeCell[2]/XCUIElementTypeButton[1]
Build info: version: '2.52.0', revision: '4c2593c', time: '2016-02-11 19:06:42'
System info: host: 'kartik.local', ip: '169.254.95.48', os.name: 'Mac OS X', os.arch: 'x86_64', os.version: '10.12.4', java.version: '1.8.0_111'
Driver info: io.appium.java_client.ios.IOSDriver
Capabilities [{app=/Users/kartikbhatt/test-team/ios/POM_Noon/ipa/FastFish.ipa, networkConnectionEnabled=false, appiumVersion=1.6, databaseEnabled=false, deviceName=iPhone 7, platform=MAC, pressKey=true, platformVersion=10.3, webStorageEnabled=false, locationContextEnabled=false, automationName=XCUITest, browserName=, takesScreenshot=true, javascriptEnabled=true, platformName=iOS, udid=B7C3E4D4-C3EA-4DB0-A808-2ECEB73D8425}]
Session ID: c65e42ff-ce1f-4678-8797-134713134fba
	at org.openqa.selenium.support.ui.WebDriverWait.timeoutException(WebDriverWait.java:80)
	at org.openqa.selenium.support.ui.FluentWait.until(FluentWait.java:261)
	at com.noon.iosapp.pages.AddToCartPage.addToCart(AddToCartPage.java:91)
	at com.noon.iosapp.PayWithCODTest.payWithCODCard(PayWithCODTest.java:57)
	at sun.reflect.NativeMethodAccessorImpl.invoke0(Native Method)
	at sun.reflect.NativeMethodAccessorImpl.invoke(NativeMethodAccessorImpl.java:62)
	at sun.reflect.DelegatingMethodAccessorImpl.invoke(DelegatingMethodAccessorImpl.java:43)
	at java.lang.reflect.Method.invoke(Method.java:498)
	at org.testng.internal.MethodInvocationHelper.invokeMethod(MethodInvocationHelper.java:85)
	at org.testng.internal.Invoker.invokeMethod(Invoker.java:639)
	at org.testng.internal.Invoker.invokeTestMethod(Invoker.java:816)
	at org.testng.internal.Invoker.invokeTestMethods(Invoker.java:1124)
	at org.testng.internal.TestMethodWorker.invokeTestMethods(TestMethodWorker.java:125)
	at org.testng.internal.TestMethodWorker.run(TestMethodWorker.java:108)
	at org.testng.TestRunner.privateRun(TestRunner.java:774)
	at org.testng.TestRunner.run(TestRunner.java:624)
	at org.testng.SuiteRunner.runTest(SuiteRunner.java:359)
	at org.testng.SuiteRunner.runSequentially(SuiteRunner.java:354)
	at org.testng.SuiteRunner.privateRun(SuiteRunner.java:312)
	at org.testng.SuiteRunner.run(SuiteRunner.java:261)
	at org.testng.SuiteRunnerWorker.runSuite(SuiteRunnerWorker.java:52)
	at org.testng.SuiteRunnerWorker.run(SuiteRunnerWorker.java:86)
	at org.testng.TestNG.runSuitesSequentially(TestNG.java:1215)
	at org.testng.TestNG.runSuitesLocally(TestNG.java:1140)
	at org.testng.TestNG.run(TestNG.java:1048)
	at org.testng.TestNG.privateMain(TestNG.java:1355)
	at org.testng.TestNG.main(TestNG.java:1324)
Caused by: org.openqa.selenium.NoSuchElementException: An element could not be located on the page using the given search parameters. (WARNING: The server did not provide any stacktrace information)
Command duration or timeout: 1.26 seconds
For documentation on this error, please visit: http://seleniumhq.org/exceptions/no_such_element.html
Build info: version: '2.52.0', revision: '4c2593c', time: '2016-02-11 19:06:42'
System info: host: 'kartik.local', ip: '169.254.95.48', os.name: 'Mac OS X', os.arch: 'x86_64', os.version: '10.12.4', java.version: '1.8.0_111'
Driver info: io.appium.java_client.ios.IOSDriver
Capabilities [{app=/Users/kartikbhatt/test-team/ios/POM_Noon/ipa/FastFish.ipa, networkConnectionEnabled=false, appiumVersion=1.6, databaseEnabled=false, deviceName=iPhone 7, platform=MAC, pressKey=true, platformVersion=10.3, webStorageEnabled=false, locationContextEnabled=false, automationName=XCUITest, browserName=, takesScreenshot=true, javascriptEnabled=true, platformName=iOS, udid=B7C3E4D4-C3EA-4DB0-A808-2ECEB73D8425}]
Session ID: c65e42ff-ce1f-4678-8797-134713134fba
*** Element info: {Using=xpath, value=//XCUIElementTypeCell[2]/XCUIElementTypeButton[1]}
	at sun.reflect.NativeConstructorAccessorImpl.newInstance0(Native Method)
	at sun.reflect.NativeConstructorAccessorImpl.newInstance(NativeConstructorAccessorImpl.java:62)
	at sun.reflect.DelegatingConstructorAccessorImpl.newInstance(DelegatingConstructorAccessorImpl.java:45)
	at java.lang.reflect.Constructor.newInstance(Constructor.java:423)
	at org.openqa.selenium.remote.ErrorHandler.createThrowable(ErrorHandler.java:206)
	at org.openqa.selenium.remote.ErrorHandler.throwIfResponseFailed(ErrorHandler.java:158)
	at org.openqa.selenium.remote.RemoteWebDriver.execute(RemoteWebDriver.java:678)
	at io.appium.java_client.DefaultGenericMobileDriver.execute(DefaultGenericMobileDriver.java:51)
	at io.appium.java_client.AppiumDriver.execute(AppiumDriver.java:1)
	at io.appium.java_client.ios.IOSDriver.execute(IOSDriver.java:1)
	at org.openqa.selenium.remote.RemoteWebDriver.findElement(RemoteWebDriver.java:363)
	at io.appium.java_client.DefaultGenericMobileDriver.findElement(DefaultGenericMobileDriver.java:67)
	at io.appium.java_client.AppiumDriver.findElement(AppiumDriver.java:1)
	at io.appium.java_client.ios.IOSDriver.findElement(IOSDriver.java:1)
	at org.openqa.selenium.remote.RemoteWebDriver.findElementByXPath(RemoteWebDriver.java:500)
	at io.appium.java_client.DefaultGenericMobileDriver.findElementByXPath(DefaultGenericMobileDriver.java:145)
	at io.appium.java_client.AppiumDriver.findElementByXPath(AppiumDriver.java:1)
	at io.appium.java_client.ios.IOSDriver.findElementByXPath(IOSDriver.java:1)
	at org.openqa.selenium.By$ByXPath.findElement(By.java:361)
	at org.openqa.selenium.remote.RemoteWebDriver.findElement(RemoteWebDriver.java:355)
	at io.appium.java_client.DefaultGenericMobileDriver.findElement(DefaultGenericMobileDriver.java:63)
	at io.appium.java_client.AppiumDriver.findElement(AppiumDriver.java:1)
	at io.appium.java_client.ios.IOSDriver.findElement(IOSDriver.java:1)
	at org.openqa.selenium.support.ui.ExpectedConditions.findElement(ExpectedConditions.java:911)
	at org.openqa.selenium.support.ui.ExpectedConditions.access$0(ExpectedConditions.java:909)
	at org.openqa.selenium.support.ui.ExpectedConditions$7.apply(ExpectedConditions.java:205)
	at org.openqa.selenium.support.ui.ExpectedConditions$7.apply(ExpectedConditions.java:1)
	at org.openqa.selenium.support.ui.FluentWait.until(FluentWait.java:238)
	... 25 more
]]>
            </full-stacktrace>
          </exception> <!-- org.openqa.selenium.TimeoutException -->
          <reporter-output>
          </reporter-output>
        </test-method> <!-- payWithCODCard -->
        <test-method status="PASS" signature="quit()[pri:0, instance:com.noon.iosapp.PayWithCODTest@33723e30]" name="quit" is-config="true" duration-ms="446" started-at="2017-04-06T16:08:01Z" finished-at="2017-04-06T16:08:01Z">
          <reporter-output>
          </reporter-output>
        </test-method> <!-- quit -->
      </class> <!-- com.noon.iosapp.PayWithCODTest -->
    </test> <!-- Checkout through COD Test -->
    <test name="Pay with credit card  Test" duration-ms="50866" started-at="2017-04-06T12:08:01Z" finished-at="2017-04-06T12:08:52Z">
      <class name="com.noon.iosapp.PayWithCreditCardTest">
        <test-method status="FAIL" signature="AddCreditCardCheckout()[pri:0, instance:com.noon.iosapp.PayWithCreditCardTest@74a10858]" name="AddCreditCardCheckout" duration-ms="50387" started-at="2017-04-06T16:08:01Z" finished-at="2017-04-06T16:08:52Z">
          <exception class="org.openqa.selenium.NoSuchElementException">
            <message>
              <![CDATA[An element could not be located on the page using the given search parameters. (WARNING: The server did not provide any stacktrace information)
Command duration or timeout: 1.40 seconds
For documentation on this error, please visit: http://seleniumhq.org/exceptions/no_such_element.html
Build info: version: '2.52.0', revision: '4c2593c', time: '2016-02-11 19:06:42'
System info: host: 'kartik.local', ip: '169.254.95.48', os.name: 'Mac OS X', os.arch: 'x86_64', os.version: '10.12.4', java.version: '1.8.0_111'
Driver info: io.appium.java_client.ios.IOSDriver
Capabilities [{app=/Users/kartikbhatt/test-team/ios/POM_Noon/ipa/FastFish.ipa, networkConnectionEnabled=false, appiumVersion=1.6, databaseEnabled=false, deviceName=iPhone 7, platform=MAC, pressKey=true, platformVersion=10.3, webStorageEnabled=false, locationContextEnabled=false, automationName=XCUITest, browserName=, takesScreenshot=true, javascriptEnabled=true, platformName=iOS, udid=B7C3E4D4-C3EA-4DB0-A808-2ECEB73D8425}]
Session ID: 87b2bc93-4ef0-45b7-9d69-1f20f8c5f797
*** Element info: {Using=xpath, value=//XCUIElementTypeStaticText[@name='Sign in with']}]]>
            </message>
            <full-stacktrace>
              <![CDATA[org.openqa.selenium.NoSuchElementException: An element could not be located on the page using the given search parameters. (WARNING: The server did not provide any stacktrace information)
Command duration or timeout: 1.40 seconds
For documentation on this error, please visit: http://seleniumhq.org/exceptions/no_such_element.html
Build info: version: '2.52.0', revision: '4c2593c', time: '2016-02-11 19:06:42'
System info: host: 'kartik.local', ip: '169.254.95.48', os.name: 'Mac OS X', os.arch: 'x86_64', os.version: '10.12.4', java.version: '1.8.0_111'
Driver info: io.appium.java_client.ios.IOSDriver
Capabilities [{app=/Users/kartikbhatt/test-team/ios/POM_Noon/ipa/FastFish.ipa, networkConnectionEnabled=false, appiumVersion=1.6, databaseEnabled=false, deviceName=iPhone 7, platform=MAC, pressKey=true, platformVersion=10.3, webStorageEnabled=false, locationContextEnabled=false, automationName=XCUITest, browserName=, takesScreenshot=true, javascriptEnabled=true, platformName=iOS, udid=B7C3E4D4-C3EA-4DB0-A808-2ECEB73D8425}]
Session ID: 87b2bc93-4ef0-45b7-9d69-1f20f8c5f797
*** Element info: {Using=xpath, value=//XCUIElementTypeStaticText[@name='Sign in with']}
	at sun.reflect.NativeConstructorAccessorImpl.newInstance0(Native Method)
	at sun.reflect.NativeConstructorAccessorImpl.newInstance(NativeConstructorAccessorImpl.java:62)
	at sun.reflect.DelegatingConstructorAccessorImpl.newInstance(DelegatingConstructorAccessorImpl.java:45)
	at java.lang.reflect.Constructor.newInstance(Constructor.java:423)
	at org.openqa.selenium.remote.ErrorHandler.createThrowable(ErrorHandler.java:206)
	at org.openqa.selenium.remote.ErrorHandler.throwIfResponseFailed(ErrorHandler.java:158)
	at org.openqa.selenium.remote.RemoteWebDriver.execute(RemoteWebDriver.java:678)
	at io.appium.java_client.DefaultGenericMobileDriver.execute(DefaultGenericMobileDriver.java:51)
	at io.appium.java_client.AppiumDriver.execute(AppiumDriver.java:1)
	at io.appium.java_client.ios.IOSDriver.execute(IOSDriver.java:1)
	at org.openqa.selenium.remote.RemoteWebDriver.findElement(RemoteWebDriver.java:363)
	at io.appium.java_client.DefaultGenericMobileDriver.findElement(DefaultGenericMobileDriver.java:67)
	at io.appium.java_client.AppiumDriver.findElement(AppiumDriver.java:1)
	at io.appium.java_client.ios.IOSDriver.findElement(IOSDriver.java:1)
	at org.openqa.selenium.remote.RemoteWebDriver.findElementByXPath(RemoteWebDriver.java:500)
	at io.appium.java_client.DefaultGenericMobileDriver.findElementByXPath(DefaultGenericMobileDriver.java:145)
	at io.appium.java_client.AppiumDriver.findElementByXPath(AppiumDriver.java:1)
	at io.appium.java_client.ios.IOSDriver.findElementByXPath(IOSDriver.java:1)
	at org.openqa.selenium.By$ByXPath.findElement(By.java:361)
	at org.openqa.selenium.remote.RemoteWebDriver.findElement(RemoteWebDriver.java:355)
	at io.appium.java_client.DefaultGenericMobileDriver.findElement(DefaultGenericMobileDriver.java:63)
	at io.appium.java_client.AppiumDriver.findElement(AppiumDriver.java:1)
	at io.appium.java_client.ios.IOSDriver.findElement(IOSDriver.java:1)
	at com.noon.iosapp.pages.AddAddressPage.signinTab(AddAddressPage.java:95)
	at com.noon.iosapp.PayWithCreditCardTest.AddCreditCardCheckout(PayWithCreditCardTest.java:64)
	at sun.reflect.NativeMethodAccessorImpl.invoke0(Native Method)
	at sun.reflect.NativeMethodAccessorImpl.invoke(NativeMethodAccessorImpl.java:62)
	at sun.reflect.DelegatingMethodAccessorImpl.invoke(DelegatingMethodAccessorImpl.java:43)
	at java.lang.reflect.Method.invoke(Method.java:498)
	at org.testng.internal.MethodInvocationHelper.invokeMethod(MethodInvocationHelper.java:85)
	at org.testng.internal.Invoker.invokeMethod(Invoker.java:639)
	at org.testng.internal.Invoker.invokeTestMethod(Invoker.java:816)
	at org.testng.internal.Invoker.invokeTestMethods(Invoker.java:1124)
	at org.testng.internal.TestMethodWorker.invokeTestMethods(TestMethodWorker.java:125)
	at org.testng.internal.TestMethodWorker.run(TestMethodWorker.java:108)
	at org.testng.TestRunner.privateRun(TestRunner.java:774)
	at org.testng.TestRunner.run(TestRunner.java:624)
	at org.testng.SuiteRunner.runTest(SuiteRunner.java:359)
	at org.testng.SuiteRunner.runSequentially(SuiteRunner.java:354)
	at org.testng.SuiteRunner.privateRun(SuiteRunner.java:312)
	at org.testng.SuiteRunner.run(SuiteRunner.java:261)
	at org.testng.SuiteRunnerWorker.runSuite(SuiteRunnerWorker.java:52)
	at org.testng.SuiteRunnerWorker.run(SuiteRunnerWorker.java:86)
	at org.testng.TestNG.runSuitesSequentially(TestNG.java:1215)
	at org.testng.TestNG.runSuitesLocally(TestNG.java:1140)
	at org.testng.TestNG.run(TestNG.java:1048)
	at org.testng.TestNG.privateMain(TestNG.java:1355)
	at org.testng.TestNG.main(TestNG.java:1324)
]]>
            </full-stacktrace>
          </exception> <!-- org.openqa.selenium.NoSuchElementException -->
          <reporter-output>
          </reporter-output>
        </test-method> <!-- AddCreditCardCheckout -->
        <test-method status="PASS" signature="quit()[pri:0, instance:com.noon.iosapp.PayWithCreditCardTest@74a10858]" name="quit" is-config="true" duration-ms="479" started-at="2017-04-06T16:08:52Z" finished-at="2017-04-06T16:08:52Z">
          <reporter-output>
          </reporter-output>
        </test-method> <!-- quit -->
      </class> <!-- com.noon.iosapp.PayWithCreditCardTest -->
    </test> <!-- Pay with credit card  Test -->
  </suite> <!-- Noon -->
</testng-results>
